<?xml version="1.0" encoding="UTF-8"?>
<testsuite xmlns:xsi="http://www.w3.org/2001/XMLSchema-instance" xsi:noNamespaceSchemaLocation="https://maven.apache.org/surefire/maven-surefire-plugin/xsd/surefire-test-report-3.0.xsd" version="3.0" name="com.quanxiaoha.xiaohashu.oss.AppTest" time="0.016" tests="1" errors="0" skipped="0" failures="0">
  <properties>
    <property name="java.specification.version" value="17"/>
    <property name="sun.cpu.isalist" value="amd64"/>
    <property name="sun.jnu.encoding" value="GBK"/>
    <property name="java.class.path" value="E:\hashu\xiaohashu\xiaohashu-oss\xiaohashu-oss-api\target\test-classes;E:\hashu\xiaohashu\xiaohashu-oss\xiaohashu-oss-api\target\classes;E:\maven\apache-maven-3.9.9\mvn_resp\io\github\openfeign\form\feign-form-spring\3.8.0\feign-form-spring-3.8.0.jar;E:\maven\apache-maven-3.9.9\mvn_resp\org\springframework\spring-web\6.0.4\spring-web-6.0.4.jar;E:\maven\apache-maven-3.9.9\mvn_resp\org\springframework\spring-beans\6.0.4\spring-beans-6.0.4.jar;E:\maven\apache-maven-3.9.9\mvn_resp\org\springframework\spring-core\6.0.4\spring-core-6.0.4.jar;E:\maven\apache-maven-3.9.9\mvn_resp\org\springframework\spring-jcl\6.0.4\spring-jcl-6.0.4.jar;E:\maven\apache-maven-3.9.9\mvn_resp\io\micrometer\micrometer-observation\1.10.3\micrometer-observation-1.10.3.jar;E:\maven\apache-maven-3.9.9\mvn_resp\io\micrometer\micrometer-commons\1.10.3\micrometer-commons-1.10.3.jar;E:\maven\apache-maven-3.9.9\mvn_resp\commons-fileupload\commons-fileupload\1.4\commons-fileupload-1.4.jar;E:\maven\apache-maven-3.9.9\mvn_resp\commons-io\commons-io\2.2\commons-io-2.2.jar;E:\maven\apache-maven-3.9.9\mvn_resp\org\slf4j\slf4j-api\2.0.6\slf4j-api-2.0.6.jar;E:\maven\apache-maven-3.9.9\mvn_resp\io\github\openfeign\form\feign-form\3.8.0\feign-form-3.8.0.jar;E:\maven\apache-maven-3.9.9\mvn_resp\org\springframework\cloud\spring-cloud-starter-openfeign\4.0.0\spring-cloud-starter-openfeign-4.0.0.jar;E:\maven\apache-maven-3.9.9\mvn_resp\org\springframework\cloud\spring-cloud-starter\4.0.0\spring-cloud-starter-4.0.0.jar;E:\maven\apache-maven-3.9.9\mvn_resp\org\springframework\boot\spring-boot-starter\3.0.2\spring-boot-starter-3.0.2.jar;E:\maven\apache-maven-3.9.9\mvn_resp\org\springframework\boot\spring-boot\3.0.2\spring-boot-3.0.2.jar;E:\maven\apache-maven-3.9.9\mvn_resp\org\springframework\boot\spring-boot-starter-logging\3.0.2\spring-boot-starter-logging-3.0.2.jar;E:\maven\apache-maven-3.9.9\mvn_resp\ch\qos\logback\logback-classic\1.4.5\logback-classic-1.4.5.jar;E:\maven\apache-maven-3.9.9\mvn_resp\ch\qos\logback\logback-core\1.4.5\logback-core-1.4.5.jar;E:\maven\apache-maven-3.9.9\mvn_resp\org\apache\logging\log4j\log4j-to-slf4j\2.19.0\log4j-to-slf4j-2.19.0.jar;E:\maven\apache-maven-3.9.9\mvn_resp\org\apache\logging\log4j\log4j-api\2.19.0\log4j-api-2.19.0.jar;E:\maven\apache-maven-3.9.9\mvn_resp\org\slf4j\jul-to-slf4j\2.0.6\jul-to-slf4j-2.0.6.jar;E:\maven\apache-maven-3.9.9\mvn_resp\jakarta\annotation\jakarta.annotation-api\2.1.1\jakarta.annotation-api-2.1.1.jar;E:\maven\apache-maven-3.9.9\mvn_resp\org\yaml\snakeyaml\1.33\snakeyaml-1.33.jar;E:\maven\apache-maven-3.9.9\mvn_resp\org\springframework\cloud\spring-cloud-context\4.0.0\spring-cloud-context-4.0.0.jar;E:\maven\apache-maven-3.9.9\mvn_resp\org\springframework\security\spring-security-rsa\1.0.11.RELEASE\spring-security-rsa-1.0.11.RELEASE.jar;E:\maven\apache-maven-3.9.9\mvn_resp\org\bouncycastle\bcpkix-jdk15on\1.69\bcpkix-jdk15on-1.69.jar;E:\maven\apache-maven-3.9.9\mvn_resp\org\bouncycastle\bcprov-jdk15on\1.69\bcprov-jdk15on-1.69.jar;E:\maven\apache-maven-3.9.9\mvn_resp\org\bouncycastle\bcutil-jdk15on\1.69\bcutil-jdk15on-1.69.jar;E:\maven\apache-maven-3.9.9\mvn_resp\org\springframework\cloud\spring-cloud-openfeign-core\4.0.0\spring-cloud-openfeign-core-4.0.0.jar;E:\maven\apache-maven-3.9.9\mvn_resp\org\springframework\boot\spring-boot-autoconfigure\3.0.2\spring-boot-autoconfigure-3.0.2.jar;E:\maven\apache-maven-3.9.9\mvn_resp\org\springframework\cloud\spring-cloud-commons\4.0.0\spring-cloud-commons-4.0.0.jar;E:\maven\apache-maven-3.9.9\mvn_resp\org\springframework\security\spring-security-crypto\6.0.1\spring-security-crypto-6.0.1.jar;E:\maven\apache-maven-3.9.9\mvn_resp\io\github\openfeign\feign-core\12.1\feign-core-12.1.jar;E:\maven\apache-maven-3.9.9\mvn_resp\io\github\openfeign\feign-slf4j\12.1\feign-slf4j-12.1.jar;E:\maven\apache-maven-3.9.9\mvn_resp\org\springframework\cloud\spring-cloud-starter-loadbalancer\4.0.0\spring-cloud-starter-loadbalancer-4.0.0.jar;E:\maven\apache-maven-3.9.9\mvn_resp\org\springframework\cloud\spring-cloud-loadbalancer\4.0.0\spring-cloud-loadbalancer-4.0.0.jar;E:\maven\apache-maven-3.9.9\mvn_resp\io\projectreactor\reactor-core\3.5.2\reactor-core-3.5.2.jar;E:\maven\apache-maven-3.9.9\mvn_resp\org\reactivestreams\reactive-streams\1.0.4\reactive-streams-1.0.4.jar;E:\maven\apache-maven-3.9.9\mvn_resp\io\projectreactor\addons\reactor-extra\3.5.0\reactor-extra-3.5.0.jar;E:\maven\apache-maven-3.9.9\mvn_resp\org\springframework\boot\spring-boot-starter-cache\3.0.2\spring-boot-starter-cache-3.0.2.jar;E:\maven\apache-maven-3.9.9\mvn_resp\org\springframework\spring-context-support\6.0.4\spring-context-support-6.0.4.jar;E:\maven\apache-maven-3.9.9\mvn_resp\org\springframework\spring-context\6.0.4\spring-context-6.0.4.jar;E:\maven\apache-maven-3.9.9\mvn_resp\org\springframework\spring-expression\6.0.4\spring-expression-6.0.4.jar;E:\maven\apache-maven-3.9.9\mvn_resp\com\stoyanr\evictor\1.0.0\evictor-1.0.0.jar;E:\hashu\xiaohashu\xiaoha-framework\xiaoha-common\target\xiaoha-common-0.0.1-SNAPSHOT.jar;E:\maven\apache-maven-3.9.9\mvn_resp\com\google\guava\guava\33.0.0-jre\guava-33.0.0-jre.jar;E:\maven\apache-maven-3.9.9\mvn_resp\com\google\guava\failureaccess\1.0.2\failureaccess-1.0.2.jar;E:\maven\apache-maven-3.9.9\mvn_resp\com\google\guava\listenablefuture\9999.0-empty-to-avoid-conflict-with-guava\listenablefuture-9999.0-empty-to-avoid-conflict-with-guava.jar;E:\maven\apache-maven-3.9.9\mvn_resp\com\google\code\findbugs\jsr305\3.0.2\jsr305-3.0.2.jar;E:\maven\apache-maven-3.9.9\mvn_resp\org\checkerframework\checker-qual\3.41.0\checker-qual-3.41.0.jar;E:\maven\apache-maven-3.9.9\mvn_resp\com\google\errorprone\error_prone_annotations\2.23.0\error_prone_annotations-2.23.0.jar;E:\maven\apache-maven-3.9.9\mvn_resp\com\google\j2objc\j2objc-annotations\2.8\j2objc-annotations-2.8.jar;E:\maven\apache-maven-3.9.9\mvn_resp\cn\hutool\hutool-all\5.8.26\hutool-all-5.8.26.jar;E:\maven\apache-maven-3.9.9\mvn_resp\org\apache\commons\commons-lang3\3.12.0\commons-lang3-3.12.0.jar;E:\maven\apache-maven-3.9.9\mvn_resp\org\projectlombok\lombok\1.18.30\lombok-1.18.30.jar;E:\maven\apache-maven-3.9.9\mvn_resp\com\fasterxml\jackson\core\jackson-databind\2.16.1\jackson-databind-2.16.1.jar;E:\maven\apache-maven-3.9.9\mvn_resp\com\fasterxml\jackson\core\jackson-annotations\2.14.1\jackson-annotations-2.14.1.jar;E:\maven\apache-maven-3.9.9\mvn_resp\com\fasterxml\jackson\core\jackson-core\2.16.1\jackson-core-2.16.1.jar;E:\maven\apache-maven-3.9.9\mvn_resp\com\fasterxml\jackson\datatype\jackson-datatype-jsr310\2.14.1\jackson-datatype-jsr310-2.14.1.jar;E:\maven\apache-maven-3.9.9\mvn_resp\org\springframework\boot\spring-boot-starter-aop\3.0.2\spring-boot-starter-aop-3.0.2.jar;E:\maven\apache-maven-3.9.9\mvn_resp\org\springframework\spring-aop\6.0.4\spring-aop-6.0.4.jar;E:\maven\apache-maven-3.9.9\mvn_resp\org\aspectj\aspectjweaver\1.9.19\aspectjweaver-1.9.19.jar;E:\maven\apache-maven-3.9.9\mvn_resp\jakarta\validation\jakarta.validation-api\3.0.2\jakarta.validation-api-3.0.2.jar;E:\maven\apache-maven-3.9.9\mvn_resp\org\hibernate\validator\hibernate-validator\8.0.0.Final\hibernate-validator-8.0.0.Final.jar;E:\maven\apache-maven-3.9.9\mvn_resp\org\jboss\logging\jboss-logging\3.5.0.Final\jboss-logging-3.5.0.Final.jar;E:\maven\apache-maven-3.9.9\mvn_resp\com\fasterxml\classmate\1.5.1\classmate-1.5.1.jar;E:\maven\apache-maven-3.9.9\mvn_resp\junit\junit\3.8.1\junit-3.8.1.jar;"/>
    <property name="java.vm.vendor" value="Oracle Corporation"/>
    <property name="sun.arch.data.model" value="64"/>
    <property name="user.variant" value=""/>
    <property name="java.vendor.url" value="https://java.oracle.com/"/>
    <property name="user.timezone" value="Asia/Shanghai"/>
    <property name="os.name" value="Windows 10"/>
    <property name="java.vm.specification.version" value="17"/>
    <property name="sun.java.launcher" value="SUN_STANDARD"/>
    <property name="user.country" value="CN"/>
    <property name="sun.boot.library.path" value="E:\JDK\jdk17\bin"/>
    <property name="sun.java.command" value="C:\Users\58214\AppData\Local\Temp\surefire11543463063015301311\surefirebooter-20250413222004759_9.jar C:\Users\58214\AppData\Local\Temp\surefire11543463063015301311 2025-04-13T22-19-43_748-jvmRun1 surefire-20250413222004759_7tmp surefire_1-20250413222004759_8tmp"/>
    <property name="jdk.debug" value="release"/>
    <property name="surefire.test.class.path" value="E:\hashu\xiaohashu\xiaohashu-oss\xiaohashu-oss-api\target\test-classes;E:\hashu\xiaohashu\xiaohashu-oss\xiaohashu-oss-api\target\classes;E:\maven\apache-maven-3.9.9\mvn_resp\io\github\openfeign\form\feign-form-spring\3.8.0\feign-form-spring-3.8.0.jar;E:\maven\apache-maven-3.9.9\mvn_resp\org\springframework\spring-web\6.0.4\spring-web-6.0.4.jar;E:\maven\apache-maven-3.9.9\mvn_resp\org\springframework\spring-beans\6.0.4\spring-beans-6.0.4.jar;E:\maven\apache-maven-3.9.9\mvn_resp\org\springframework\spring-core\6.0.4\spring-core-6.0.4.jar;E:\maven\apache-maven-3.9.9\mvn_resp\org\springframework\spring-jcl\6.0.4\spring-jcl-6.0.4.jar;E:\maven\apache-maven-3.9.9\mvn_resp\io\micrometer\micrometer-observation\1.10.3\micrometer-observation-1.10.3.jar;E:\maven\apache-maven-3.9.9\mvn_resp\io\micrometer\micrometer-commons\1.10.3\micrometer-commons-1.10.3.jar;E:\maven\apache-maven-3.9.9\mvn_resp\commons-fileupload\commons-fileupload\1.4\commons-fileupload-1.4.jar;E:\maven\apache-maven-3.9.9\mvn_resp\commons-io\commons-io\2.2\commons-io-2.2.jar;E:\maven\apache-maven-3.9.9\mvn_resp\org\slf4j\slf4j-api\2.0.6\slf4j-api-2.0.6.jar;E:\maven\apache-maven-3.9.9\mvn_resp\io\github\openfeign\form\feign-form\3.8.0\feign-form-3.8.0.jar;E:\maven\apache-maven-3.9.9\mvn_resp\org\springframework\cloud\spring-cloud-starter-openfeign\4.0.0\spring-cloud-starter-openfeign-4.0.0.jar;E:\maven\apache-maven-3.9.9\mvn_resp\org\springframework\cloud\spring-cloud-starter\4.0.0\spring-cloud-starter-4.0.0.jar;E:\maven\apache-maven-3.9.9\mvn_resp\org\springframework\boot\spring-boot-starter\3.0.2\spring-boot-starter-3.0.2.jar;E:\maven\apache-maven-3.9.9\mvn_resp\org\springframework\boot\spring-boot\3.0.2\spring-boot-3.0.2.jar;E:\maven\apache-maven-3.9.9\mvn_resp\org\springframework\boot\spring-boot-starter-logging\3.0.2\spring-boot-starter-logging-3.0.2.jar;E:\maven\apache-maven-3.9.9\mvn_resp\ch\qos\logback\logback-classic\1.4.5\logback-classic-1.4.5.jar;E:\maven\apache-maven-3.9.9\mvn_resp\ch\qos\logback\logback-core\1.4.5\logback-core-1.4.5.jar;E:\maven\apache-maven-3.9.9\mvn_resp\org\apache\logging\log4j\log4j-to-slf4j\2.19.0\log4j-to-slf4j-2.19.0.jar;E:\maven\apache-maven-3.9.9\mvn_resp\org\apache\logging\log4j\log4j-api\2.19.0\log4j-api-2.19.0.jar;E:\maven\apache-maven-3.9.9\mvn_resp\org\slf4j\jul-to-slf4j\2.0.6\jul-to-slf4j-2.0.6.jar;E:\maven\apache-maven-3.9.9\mvn_resp\jakarta\annotation\jakarta.annotation-api\2.1.1\jakarta.annotation-api-2.1.1.jar;E:\maven\apache-maven-3.9.9\mvn_resp\org\yaml\snakeyaml\1.33\snakeyaml-1.33.jar;E:\maven\apache-maven-3.9.9\mvn_resp\org\springframework\cloud\spring-cloud-context\4.0.0\spring-cloud-context-4.0.0.jar;E:\maven\apache-maven-3.9.9\mvn_resp\org\springframework\security\spring-security-rsa\1.0.11.RELEASE\spring-security-rsa-1.0.11.RELEASE.jar;E:\maven\apache-maven-3.9.9\mvn_resp\org\bouncycastle\bcpkix-jdk15on\1.69\bcpkix-jdk15on-1.69.jar;E:\maven\apache-maven-3.9.9\mvn_resp\org\bouncycastle\bcprov-jdk15on\1.69\bcprov-jdk15on-1.69.jar;E:\maven\apache-maven-3.9.9\mvn_resp\org\bouncycastle\bcutil-jdk15on\1.69\bcutil-jdk15on-1.69.jar;E:\maven\apache-maven-3.9.9\mvn_resp\org\springframework\cloud\spring-cloud-openfeign-core\4.0.0\spring-cloud-openfeign-core-4.0.0.jar;E:\maven\apache-maven-3.9.9\mvn_resp\org\springframework\boot\spring-boot-autoconfigure\3.0.2\spring-boot-autoconfigure-3.0.2.jar;E:\maven\apache-maven-3.9.9\mvn_resp\org\springframework\cloud\spring-cloud-commons\4.0.0\spring-cloud-commons-4.0.0.jar;E:\maven\apache-maven-3.9.9\mvn_resp\org\springframework\security\spring-security-crypto\6.0.1\spring-security-crypto-6.0.1.jar;E:\maven\apache-maven-3.9.9\mvn_resp\io\github\openfeign\feign-core\12.1\feign-core-12.1.jar;E:\maven\apache-maven-3.9.9\mvn_resp\io\github\openfeign\feign-slf4j\12.1\feign-slf4j-12.1.jar;E:\maven\apache-maven-3.9.9\mvn_resp\org\springframework\cloud\spring-cloud-starter-loadbalancer\4.0.0\spring-cloud-starter-loadbalancer-4.0.0.jar;E:\maven\apache-maven-3.9.9\mvn_resp\org\springframework\cloud\spring-cloud-loadbalancer\4.0.0\spring-cloud-loadbalancer-4.0.0.jar;E:\maven\apache-maven-3.9.9\mvn_resp\io\projectreactor\reactor-core\3.5.2\reactor-core-3.5.2.jar;E:\maven\apache-maven-3.9.9\mvn_resp\org\reactivestreams\reactive-streams\1.0.4\reactive-streams-1.0.4.jar;E:\maven\apache-maven-3.9.9\mvn_resp\io\projectreactor\addons\reactor-extra\3.5.0\reactor-extra-3.5.0.jar;E:\maven\apache-maven-3.9.9\mvn_resp\org\springframework\boot\spring-boot-starter-cache\3.0.2\spring-boot-starter-cache-3.0.2.jar;E:\maven\apache-maven-3.9.9\mvn_resp\org\springframework\spring-context-support\6.0.4\spring-context-support-6.0.4.jar;E:\maven\apache-maven-3.9.9\mvn_resp\org\springframework\spring-context\6.0.4\spring-context-6.0.4.jar;E:\maven\apache-maven-3.9.9\mvn_resp\org\springframework\spring-expression\6.0.4\spring-expression-6.0.4.jar;E:\maven\apache-maven-3.9.9\mvn_resp\com\stoyanr\evictor\1.0.0\evictor-1.0.0.jar;E:\hashu\xiaohashu\xiaoha-framework\xiaoha-common\target\xiaoha-common-0.0.1-SNAPSHOT.jar;E:\maven\apache-maven-3.9.9\mvn_resp\com\google\guava\guava\33.0.0-jre\guava-33.0.0-jre.jar;E:\maven\apache-maven-3.9.9\mvn_resp\com\google\guava\failureaccess\1.0.2\failureaccess-1.0.2.jar;E:\maven\apache-maven-3.9.9\mvn_resp\com\google\guava\listenablefuture\9999.0-empty-to-avoid-conflict-with-guava\listenablefuture-9999.0-empty-to-avoid-conflict-with-guava.jar;E:\maven\apache-maven-3.9.9\mvn_resp\com\google\code\findbugs\jsr305\3.0.2\jsr305-3.0.2.jar;E:\maven\apache-maven-3.9.9\mvn_resp\org\checkerframework\checker-qual\3.41.0\checker-qual-3.41.0.jar;E:\maven\apache-maven-3.9.9\mvn_resp\com\google\errorprone\error_prone_annotations\2.23.0\error_prone_annotations-2.23.0.jar;E:\maven\apache-maven-3.9.9\mvn_resp\com\google\j2objc\j2objc-annotations\2.8\j2objc-annotations-2.8.jar;E:\maven\apache-maven-3.9.9\mvn_resp\cn\hutool\hutool-all\5.8.26\hutool-all-5.8.26.jar;E:\maven\apache-maven-3.9.9\mvn_resp\org\apache\commons\commons-lang3\3.12.0\commons-lang3-3.12.0.jar;E:\maven\apache-maven-3.9.9\mvn_resp\org\projectlombok\lombok\1.18.30\lombok-1.18.30.jar;E:\maven\apache-maven-3.9.9\mvn_resp\com\fasterxml\jackson\core\jackson-databind\2.16.1\jackson-databind-2.16.1.jar;E:\maven\apache-maven-3.9.9\mvn_resp\com\fasterxml\jackson\core\jackson-annotations\2.14.1\jackson-annotations-2.14.1.jar;E:\maven\apache-maven-3.9.9\mvn_resp\com\fasterxml\jackson\core\jackson-core\2.16.1\jackson-core-2.16.1.jar;E:\maven\apache-maven-3.9.9\mvn_resp\com\fasterxml\jackson\datatype\jackson-datatype-jsr310\2.14.1\jackson-datatype-jsr310-2.14.1.jar;E:\maven\apache-maven-3.9.9\mvn_resp\org\springframework\boot\spring-boot-starter-aop\3.0.2\spring-boot-starter-aop-3.0.2.jar;E:\maven\apache-maven-3.9.9\mvn_resp\org\springframework\spring-aop\6.0.4\spring-aop-6.0.4.jar;E:\maven\apache-maven-3.9.9\mvn_resp\org\aspectj\aspectjweaver\1.9.19\aspectjweaver-1.9.19.jar;E:\maven\apache-maven-3.9.9\mvn_resp\jakarta\validation\jakarta.validation-api\3.0.2\jakarta.validation-api-3.0.2.jar;E:\maven\apache-maven-3.9.9\mvn_resp\org\hibernate\validator\hibernate-validator\8.0.0.Final\hibernate-validator-8.0.0.Final.jar;E:\maven\apache-maven-3.9.9\mvn_resp\org\jboss\logging\jboss-logging\3.5.0.Final\jboss-logging-3.5.0.Final.jar;E:\maven\apache-maven-3.9.9\mvn_resp\com\fasterxml\classmate\1.5.1\classmate-1.5.1.jar;E:\maven\apache-maven-3.9.9\mvn_resp\junit\junit\3.8.1\junit-3.8.1.jar;"/>
    <property name="sun.cpu.endian" value="little"/>
    <property name="user.home" value="C:\Users\58214"/>
    <property name="user.language" value="zh"/>
    <property name="java.specification.vendor" value="Oracle Corporation"/>
    <property name="java.version.date" value="2022-01-18"/>
    <property name="java.home" value="E:\JDK\jdk17"/>
    <property name="file.separator" value="\"/>
    <property name="basedir" value="E:\hashu\xiaohashu\xiaohashu-oss\xiaohashu-oss-api"/>
    <property name="java.vm.compressedOopsMode" value="Zero based"/>
    <property name="line.separator" value="&#10;"/>
    <property name="java.vm.specification.vendor" value="Oracle Corporation"/>
    <property name="java.specification.name" value="Java Platform API Specification"/>
    <property name="surefire.real.class.path" value="C:\Users\58214\AppData\Local\Temp\surefire11543463063015301311\surefirebooter-20250413222004759_9.jar"/>
    <property name="user.script" value=""/>
    <property name="sun.management.compiler" value="HotSpot 64-Bit Tiered Compilers"/>
    <property name="java.runtime.version" value="17.0.2+8-LTS-86"/>
    <property name="user.name" value="58214"/>
    <property name="path.separator" value=";"/>
    <property name="os.version" value="10.0"/>
    <property name="java.runtime.name" value="Java(TM) SE Runtime Environment"/>
    <property name="file.encoding" value="GBK"/>
    <property name="java.vm.name" value="Java HotSpot(TM) 64-Bit Server VM"/>
    <property name="localRepository" value="E:\maven\apache-maven-3.9.9\mvn_resp"/>
    <property name="java.vendor.url.bug" value="https://bugreport.java.com/bugreport/"/>
    <property name="java.io.tmpdir" value="C:\Users\58214\AppData\Local\Temp\"/>
    <property name="idea.version" value="2022.3.3"/>
    <property name="java.version" value="17.0.2"/>
    <property name="user.dir" value="E:\hashu\xiaohashu\xiaohashu-oss\xiaohashu-oss-api"/>
    <property name="os.arch" value="amd64"/>
    <property name="java.vm.specification.name" value="Java Virtual Machine Specification"/>
    <property name="sun.os.patch.level" value=""/>
    <property name="native.encoding" value="GBK"/>
    <property name="java.library.path" value="E:\JDK\jdk17\bin;C:\Windows\Sun\Java\bin;C:\Windows\system32;C:\Windows;E:\vmware\bin\;E:\JDK\jdk17\bin;E:\mysql\MySQL Server8.0\bin;C:\Program Files\Common Files\Oracle\Java\javapath;C:\Windows\system32;C:\Windows;C:\Windows\System32\Wbem;C:\Windows\System32\WindowsPowerShell\v1.0\;C:\Windows\System32\OpenSSH\;C:\Program Files (x86)\NVIDIA Corporation\PhysX\Common;C:\Program Files\NVIDIA Corporation\NVIDIA NvDLISR;C:\Windows\system32;C:\Windows;C:\Windows\System32\Wbem;C:\Windows\System32\WindowsPowerShell\v1.0\;C:\Windows\System32\OpenSSH\;E:\\bin;C:\gopath\bin;E:\maven\apache-maven-3.9.9\bin;C:\Program Files\Docker\Docker\resources\bin;E:\gitfile\Git\cmd;C:\Users\58214\AppData\Local\Microsoft\WindowsApps;;E:\Idea\IntelliJ IDEA 2024.3.3\bin;;E:\datatrip\DataGrip 2024.3.5\bin;;."/>
    <property name="java.vm.info" value="mixed mode, sharing"/>
    <property name="java.vendor" value="Oracle Corporation"/>
    <property name="java.vm.version" value="17.0.2+8-LTS-86"/>
    <property name="sun.io.unicode.encoding" value="UnicodeLittle"/>
    <property name="maven.repo.local" value="E:\maven\apache-maven-3.9.9\mvn_resp"/>
    <property name="java.class.version" value="61.0"/>
  </properties>
  <testcase name="testApp" classname="com.quanxiaoha.xiaohashu.oss.AppTest" time="0.001"/>
</testsuite>