<?xml version="1.0" encoding="UTF-8"?>
<testsuite xmlns:xsi="http://www.w3.org/2001/XMLSchema-instance" xsi:noNamespaceSchemaLocation="https://maven.apache.org/surefire/maven-surefire-plugin/xsd/surefire-test-report-3.0.xsd" version="3.0" name="com.quanxiaoha.xiaohashu.auth.ThreadPoolTaskExecutorTests" time="0.02" tests="1" errors="0" skipped="0" failures="0">
  <properties>
    <property name="java.specification.version" value="17"/>
    <property name="sun.cpu.isalist" value="amd64"/>
    <property name="sun.jnu.encoding" value="GBK"/>
    <property name="java.class.path" value="E:\hashu\xiaohashu\xiaohashu-auth\target\test-classes;E:\hashu\xiaohashu\xiaohashu-auth\target\classes;E:\maven\apache-maven-3.9.9\mvn_resp\org\springframework\security\spring-security-crypto\6.0.1\spring-security-crypto-6.0.1.jar;E:\hashu\xiaohashu\xiaoha-framework\xiaoha-spring-boot-starter-biz-context\target\xiaoha-spring-boot-starter-biz-context-0.0.1-SNAPSHOT.jar;E:\maven\apache-maven-3.9.9\mvn_resp\org\springframework\boot\spring-boot-starter\3.0.2\spring-boot-starter-3.0.2.jar;E:\maven\apache-maven-3.9.9\mvn_resp\org\springframework\boot\spring-boot\3.0.2\spring-boot-3.0.2.jar;E:\maven\apache-maven-3.9.9\mvn_resp\org\springframework\boot\spring-boot-starter-logging\3.0.2\spring-boot-starter-logging-3.0.2.jar;E:\maven\apache-maven-3.9.9\mvn_resp\ch\qos\logback\logback-classic\1.4.5\logback-classic-1.4.5.jar;E:\maven\apache-maven-3.9.9\mvn_resp\ch\qos\logback\logback-core\1.4.5\logback-core-1.4.5.jar;E:\maven\apache-maven-3.9.9\mvn_resp\org\apache\logging\log4j\log4j-to-slf4j\2.19.0\log4j-to-slf4j-2.19.0.jar;E:\maven\apache-maven-3.9.9\mvn_resp\org\apache\logging\log4j\log4j-api\2.19.0\log4j-api-2.19.0.jar;E:\maven\apache-maven-3.9.9\mvn_resp\org\slf4j\jul-to-slf4j\2.0.6\jul-to-slf4j-2.0.6.jar;E:\maven\apache-maven-3.9.9\mvn_resp\org\yaml\snakeyaml\1.33\snakeyaml-1.33.jar;E:\maven\apache-maven-3.9.9\mvn_resp\org\springframework\spring-web\6.0.4\spring-web-6.0.4.jar;E:\maven\apache-maven-3.9.9\mvn_resp\org\springframework\spring-beans\6.0.4\spring-beans-6.0.4.jar;E:\maven\apache-maven-3.9.9\mvn_resp\io\micrometer\micrometer-observation\1.10.3\micrometer-observation-1.10.3.jar;E:\maven\apache-maven-3.9.9\mvn_resp\io\micrometer\micrometer-commons\1.10.3\micrometer-commons-1.10.3.jar;E:\maven\apache-maven-3.9.9\mvn_resp\jakarta\servlet\jakarta.servlet-api\6.0.0\jakarta.servlet-api-6.0.0.jar;E:\maven\apache-maven-3.9.9\mvn_resp\io\github\openfeign\feign-core\12.1\feign-core-12.1.jar;E:\maven\apache-maven-3.9.9\mvn_resp\com\alibaba\transmittable-thread-local\2.14.5\transmittable-thread-local-2.14.5.jar;E:\maven\apache-maven-3.9.9\mvn_resp\com\alibaba\cloud\spring-cloud-starter-alibaba-nacos-discovery\2022.0.0.0\spring-cloud-starter-alibaba-nacos-discovery-2022.0.0.0.jar;E:\maven\apache-maven-3.9.9\mvn_resp\com\alibaba\cloud\spring-cloud-alibaba-commons\2022.0.0.0\spring-cloud-alibaba-commons-2022.0.0.0.jar;E:\maven\apache-maven-3.9.9\mvn_resp\com\alibaba\nacos\nacos-client\2.2.1\nacos-client-2.2.1.jar;E:\maven\apache-maven-3.9.9\mvn_resp\com\alibaba\nacos\nacos-auth-plugin\2.2.1\nacos-auth-plugin-2.2.1.jar;E:\maven\apache-maven-3.9.9\mvn_resp\com\alibaba\nacos\nacos-encryption-plugin\2.2.1\nacos-encryption-plugin-2.2.1.jar;E:\maven\apache-maven-3.9.9\mvn_resp\commons-codec\commons-codec\1.15\commons-codec-1.15.jar;E:\maven\apache-maven-3.9.9\mvn_resp\org\apache\httpcomponents\httpasyncclient\4.1.5\httpasyncclient-4.1.5.jar;E:\maven\apache-maven-3.9.9\mvn_resp\org\apache\httpcomponents\httpcore\4.4.16\httpcore-4.4.16.jar;E:\maven\apache-maven-3.9.9\mvn_resp\org\apache\httpcomponents\httpcore-nio\4.4.16\httpcore-nio-4.4.16.jar;E:\maven\apache-maven-3.9.9\mvn_resp\org\apache\httpcomponents\httpclient\4.5.14\httpclient-4.5.14.jar;E:\maven\apache-maven-3.9.9\mvn_resp\io\prometheus\simpleclient\0.16.0\simpleclient-0.16.0.jar;E:\maven\apache-maven-3.9.9\mvn_resp\io\prometheus\simpleclient_tracer_otel\0.16.0\simpleclient_tracer_otel-0.16.0.jar;E:\maven\apache-maven-3.9.9\mvn_resp\io\prometheus\simpleclient_tracer_common\0.16.0\simpleclient_tracer_common-0.16.0.jar;E:\maven\apache-maven-3.9.9\mvn_resp\io\prometheus\simpleclient_tracer_otel_agent\0.16.0\simpleclient_tracer_otel_agent-0.16.0.jar;E:\maven\apache-maven-3.9.9\mvn_resp\com\alibaba\spring\spring-context-support\1.0.11\spring-context-support-1.0.11.jar;E:\maven\apache-maven-3.9.9\mvn_resp\org\springframework\cloud\spring-cloud-commons\4.0.0\spring-cloud-commons-4.0.0.jar;E:\maven\apache-maven-3.9.9\mvn_resp\org\springframework\cloud\spring-cloud-context\4.0.0\spring-cloud-context-4.0.0.jar;E:\maven\apache-maven-3.9.9\mvn_resp\com\alibaba\cloud\spring-cloud-starter-alibaba-nacos-config\2022.0.0.0\spring-cloud-starter-alibaba-nacos-config-2022.0.0.0.jar;E:\maven\apache-maven-3.9.9\mvn_resp\org\slf4j\slf4j-api\2.0.6\slf4j-api-2.0.6.jar;E:\maven\apache-maven-3.9.9\mvn_resp\jakarta\annotation\jakarta.annotation-api\2.1.1\jakarta.annotation-api-2.1.1.jar;E:\maven\apache-maven-3.9.9\mvn_resp\org\springframework\cloud\spring-cloud-starter-bootstrap\4.0.0\spring-cloud-starter-bootstrap-4.0.0.jar;E:\maven\apache-maven-3.9.9\mvn_resp\org\springframework\cloud\spring-cloud-starter\4.0.0\spring-cloud-starter-4.0.0.jar;E:\maven\apache-maven-3.9.9\mvn_resp\org\springframework\security\spring-security-rsa\1.0.11.RELEASE\spring-security-rsa-1.0.11.RELEASE.jar;E:\maven\apache-maven-3.9.9\mvn_resp\org\bouncycastle\bcpkix-jdk15on\1.69\bcpkix-jdk15on-1.69.jar;E:\maven\apache-maven-3.9.9\mvn_resp\org\bouncycastle\bcprov-jdk15on\1.69\bcprov-jdk15on-1.69.jar;E:\maven\apache-maven-3.9.9\mvn_resp\org\bouncycastle\bcutil-jdk15on\1.69\bcutil-jdk15on-1.69.jar;E:\maven\apache-maven-3.9.9\mvn_resp\cn\dev33\sa-token-redis-jackson\1.38.0\sa-token-redis-jackson-1.38.0.jar;E:\maven\apache-maven-3.9.9\mvn_resp\cn\dev33\sa-token-core\1.38.0\sa-token-core-1.38.0.jar;E:\maven\apache-maven-3.9.9\mvn_resp\org\apache\commons\commons-pool2\2.11.1\commons-pool2-2.11.1.jar;E:\maven\apache-maven-3.9.9\mvn_resp\com\aliyun\dysmsapi20170525\3.1.1\dysmsapi20170525-3.1.1.jar;E:\maven\apache-maven-3.9.9\mvn_resp\com\aliyun\tea-util\0.2.23\tea-util-0.2.23.jar;E:\maven\apache-maven-3.9.9\mvn_resp\com\google\code\gson\gson\2.9.1\gson-2.9.1.jar;E:\maven\apache-maven-3.9.9\mvn_resp\com\aliyun\endpoint-util\0.0.7\endpoint-util-0.0.7.jar;E:\maven\apache-maven-3.9.9\mvn_resp\com\aliyun\tea\1.3.1\tea-1.3.1.jar;E:\maven\apache-maven-3.9.9\mvn_resp\com\squareup\okhttp3\okhttp\4.10.0\okhttp-4.10.0.jar;E:\maven\apache-maven-3.9.9\mvn_resp\com\squareup\okio\okio-jvm\3.0.0\okio-jvm-3.0.0.jar;E:\maven\apache-maven-3.9.9\mvn_resp\org\jetbrains\kotlin\kotlin-stdlib-jdk8\1.7.22\kotlin-stdlib-jdk8-1.7.22.jar;E:\maven\apache-maven-3.9.9\mvn_resp\org\jetbrains\kotlin\kotlin-stdlib-jdk7\1.7.22\kotlin-stdlib-jdk7-1.7.22.jar;E:\maven\apache-maven-3.9.9\mvn_resp\org\jetbrains\kotlin\kotlin-stdlib-common\1.7.22\kotlin-stdlib-common-1.7.22.jar;E:\maven\apache-maven-3.9.9\mvn_resp\org\jetbrains\kotlin\kotlin-stdlib\1.7.22\kotlin-stdlib-1.7.22.jar;E:\maven\apache-maven-3.9.9\mvn_resp\org\jetbrains\annotations\13.0\annotations-13.0.jar;E:\maven\apache-maven-3.9.9\mvn_resp\com\aliyun\tea-openapi\0.3.6\tea-openapi-0.3.6.jar;E:\maven\apache-maven-3.9.9\mvn_resp\com\aliyun\credentials-java\0.3.10\credentials-java-0.3.10.jar;E:\maven\apache-maven-3.9.9\mvn_resp\org\ini4j\ini4j\0.5.4\ini4j-0.5.4.jar;E:\maven\apache-maven-3.9.9\mvn_resp\javax\xml\bind\jaxb-api\2.3.0\jaxb-api-2.3.0.jar;E:\maven\apache-maven-3.9.9\mvn_resp\com\sun\xml\bind\jaxb-core\4.0.1\jaxb-core-4.0.1.jar;E:\maven\apache-maven-3.9.9\mvn_resp\org\eclipse\angus\angus-activation\1.0.0\angus-activation-1.0.0.jar;E:\maven\apache-maven-3.9.9\mvn_resp\com\sun\xml\bind\jaxb-impl\4.0.1\jaxb-impl-4.0.1.jar;E:\maven\apache-maven-3.9.9\mvn_resp\com\aliyun\alibabacloud-gateway-spi\0.0.2\alibabacloud-gateway-spi-0.0.2.jar;E:\maven\apache-maven-3.9.9\mvn_resp\com\aliyun\tea-xml\0.1.6\tea-xml-0.1.6.jar;E:\maven\apache-maven-3.9.9\mvn_resp\org\dom4j\dom4j\2.0.3\dom4j-2.0.3.jar;E:\maven\apache-maven-3.9.9\mvn_resp\org\jacoco\org.jacoco.agent\0.8.4\org.jacoco.agent-0.8.4-runtime.jar;E:\maven\apache-maven-3.9.9\mvn_resp\com\aliyun\openapiutil\0.2.2\openapiutil-0.2.2.jar;E:\maven\apache-maven-3.9.9\mvn_resp\org\bouncycastle\bcprov-jdk18on\1.78.1\bcprov-jdk18on-1.78.1.jar;E:\maven\apache-maven-3.9.9\mvn_resp\org\springframework\boot\spring-boot-starter-data-redis\3.0.2\spring-boot-starter-data-redis-3.0.2.jar;E:\maven\apache-maven-3.9.9\mvn_resp\org\springframework\data\spring-data-redis\3.0.1\spring-data-redis-3.0.1.jar;E:\maven\apache-maven-3.9.9\mvn_resp\org\springframework\data\spring-data-keyvalue\3.0.1\spring-data-keyvalue-3.0.1.jar;E:\maven\apache-maven-3.9.9\mvn_resp\org\springframework\data\spring-data-commons\3.0.1\spring-data-commons-3.0.1.jar;E:\maven\apache-maven-3.9.9\mvn_resp\org\springframework\spring-tx\6.0.4\spring-tx-6.0.4.jar;E:\maven\apache-maven-3.9.9\mvn_resp\org\springframework\spring-oxm\6.0.4\spring-oxm-6.0.4.jar;E:\maven\apache-maven-3.9.9\mvn_resp\org\springframework\spring-aop\6.0.4\spring-aop-6.0.4.jar;E:\maven\apache-maven-3.9.9\mvn_resp\org\springframework\spring-context-support\6.0.4\spring-context-support-6.0.4.jar;E:\maven\apache-maven-3.9.9\mvn_resp\io\lettuce\lettuce-core\6.2.2.RELEASE\lettuce-core-6.2.2.RELEASE.jar;E:\maven\apache-maven-3.9.9\mvn_resp\io\netty\netty-common\4.1.87.Final\netty-common-4.1.87.Final.jar;E:\maven\apache-maven-3.9.9\mvn_resp\io\netty\netty-handler\4.1.87.Final\netty-handler-4.1.87.Final.jar;E:\maven\apache-maven-3.9.9\mvn_resp\io\netty\netty-resolver\4.1.87.Final\netty-resolver-4.1.87.Final.jar;E:\maven\apache-maven-3.9.9\mvn_resp\io\netty\netty-buffer\4.1.87.Final\netty-buffer-4.1.87.Final.jar;E:\maven\apache-maven-3.9.9\mvn_resp\io\netty\netty-transport-native-unix-common\4.1.87.Final\netty-transport-native-unix-common-4.1.87.Final.jar;E:\maven\apache-maven-3.9.9\mvn_resp\io\netty\netty-codec\4.1.87.Final\netty-codec-4.1.87.Final.jar;E:\maven\apache-maven-3.9.9\mvn_resp\io\netty\netty-transport\4.1.87.Final\netty-transport-4.1.87.Final.jar;E:\maven\apache-maven-3.9.9\mvn_resp\io\projectreactor\reactor-core\3.5.2\reactor-core-3.5.2.jar;E:\maven\apache-maven-3.9.9\mvn_resp\org\reactivestreams\reactive-streams\1.0.4\reactive-streams-1.0.4.jar;E:\maven\apache-maven-3.9.9\mvn_resp\cn\dev33\sa-token-spring-boot3-starter\1.38.0\sa-token-spring-boot3-starter-1.38.0.jar;E:\maven\apache-maven-3.9.9\mvn_resp\cn\dev33\sa-token-jakarta-servlet\1.38.0\sa-token-jakarta-servlet-1.38.0.jar;E:\maven\apache-maven-3.9.9\mvn_resp\cn\dev33\sa-token-spring-boot-autoconfig\1.38.0\sa-token-spring-boot-autoconfig-1.38.0.jar;E:\hashu\xiaohashu\xiaoha-framework\xiaoha-common\target\xiaoha-common-0.0.1-SNAPSHOT.jar;E:\maven\apache-maven-3.9.9\mvn_resp\com\google\guava\guava\33.0.0-jre\guava-33.0.0-jre.jar;E:\maven\apache-maven-3.9.9\mvn_resp\com\google\guava\failureaccess\1.0.2\failureaccess-1.0.2.jar;E:\maven\apache-maven-3.9.9\mvn_resp\com\google\guava\listenablefuture\9999.0-empty-to-avoid-conflict-with-guava\listenablefuture-9999.0-empty-to-avoid-conflict-with-guava.jar;E:\maven\apache-maven-3.9.9\mvn_resp\com\google\code\findbugs\jsr305\3.0.2\jsr305-3.0.2.jar;E:\maven\apache-maven-3.9.9\mvn_resp\org\checkerframework\checker-qual\3.41.0\checker-qual-3.41.0.jar;E:\maven\apache-maven-3.9.9\mvn_resp\com\google\errorprone\error_prone_annotations\2.23.0\error_prone_annotations-2.23.0.jar;E:\maven\apache-maven-3.9.9\mvn_resp\com\google\j2objc\j2objc-annotations\2.8\j2objc-annotations-2.8.jar;E:\maven\apache-maven-3.9.9\mvn_resp\cn\hutool\hutool-all\5.8.26\hutool-all-5.8.26.jar;E:\maven\apache-maven-3.9.9\mvn_resp\org\apache\commons\commons-lang3\3.12.0\commons-lang3-3.12.0.jar;E:\maven\apache-maven-3.9.9\mvn_resp\org\projectlombok\lombok\1.18.30\lombok-1.18.30.jar;E:\maven\apache-maven-3.9.9\mvn_resp\com\fasterxml\jackson\core\jackson-databind\2.16.1\jackson-databind-2.16.1.jar;E:\maven\apache-maven-3.9.9\mvn_resp\com\fasterxml\jackson\core\jackson-annotations\2.14.1\jackson-annotations-2.14.1.jar;E:\maven\apache-maven-3.9.9\mvn_resp\com\fasterxml\jackson\core\jackson-core\2.16.1\jackson-core-2.16.1.jar;E:\maven\apache-maven-3.9.9\mvn_resp\com\fasterxml\jackson\datatype\jackson-datatype-jsr310\2.14.1\jackson-datatype-jsr310-2.14.1.jar;E:\maven\apache-maven-3.9.9\mvn_resp\org\springframework\boot\spring-boot-starter-aop\3.0.2\spring-boot-starter-aop-3.0.2.jar;E:\maven\apache-maven-3.9.9\mvn_resp\org\aspectj\aspectjweaver\1.9.19\aspectjweaver-1.9.19.jar;E:\maven\apache-maven-3.9.9\mvn_resp\jakarta\validation\jakarta.validation-api\3.0.2\jakarta.validation-api-3.0.2.jar;E:\maven\apache-maven-3.9.9\mvn_resp\org\hibernate\validator\hibernate-validator\8.0.0.Final\hibernate-validator-8.0.0.Final.jar;E:\maven\apache-maven-3.9.9\mvn_resp\org\jboss\logging\jboss-logging\3.5.0.Final\jboss-logging-3.5.0.Final.jar;E:\maven\apache-maven-3.9.9\mvn_resp\com\fasterxml\classmate\1.5.1\classmate-1.5.1.jar;E:\hashu\xiaohashu\xiaoha-framework\xiaoha-spring-boot-starter-biz-operationlog\target\xiaoha-spring-boot-starter-biz-operationlog-0.0.1-SNAPSHOT.jar;E:\hashu\xiaohashu\xiaoha-framework\xiaoha-spring-boot-starter-jackson\target\xiaoha-spring-boot-starter-jackson-0.0.1-SNAPSHOT.jar;E:\maven\apache-maven-3.9.9\mvn_resp\org\springframework\boot\spring-boot-autoconfigure\3.0.2\spring-boot-autoconfigure-3.0.2.jar;E:\maven\apache-maven-3.9.9\mvn_resp\org\springframework\boot\spring-boot-starter-web\3.0.2\spring-boot-starter-web-3.0.2.jar;E:\maven\apache-maven-3.9.9\mvn_resp\org\springframework\boot\spring-boot-starter-json\3.0.2\spring-boot-starter-json-3.0.2.jar;E:\maven\apache-maven-3.9.9\mvn_resp\com\fasterxml\jackson\datatype\jackson-datatype-jdk8\2.14.1\jackson-datatype-jdk8-2.14.1.jar;E:\maven\apache-maven-3.9.9\mvn_resp\com\fasterxml\jackson\module\jackson-module-parameter-names\2.14.1\jackson-module-parameter-names-2.14.1.jar;E:\maven\apache-maven-3.9.9\mvn_resp\org\springframework\boot\spring-boot-starter-tomcat\3.0.2\spring-boot-starter-tomcat-3.0.2.jar;E:\maven\apache-maven-3.9.9\mvn_resp\org\apache\tomcat\embed\tomcat-embed-core\10.1.5\tomcat-embed-core-10.1.5.jar;E:\maven\apache-maven-3.9.9\mvn_resp\org\apache\tomcat\embed\tomcat-embed-el\10.1.5\tomcat-embed-el-10.1.5.jar;E:\maven\apache-maven-3.9.9\mvn_resp\org\apache\tomcat\embed\tomcat-embed-websocket\10.1.5\tomcat-embed-websocket-10.1.5.jar;E:\maven\apache-maven-3.9.9\mvn_resp\org\springframework\spring-webmvc\6.0.4\spring-webmvc-6.0.4.jar;E:\maven\apache-maven-3.9.9\mvn_resp\org\springframework\spring-context\6.0.4\spring-context-6.0.4.jar;E:\maven\apache-maven-3.9.9\mvn_resp\org\springframework\spring-expression\6.0.4\spring-expression-6.0.4.jar;E:\maven\apache-maven-3.9.9\mvn_resp\org\springframework\boot\spring-boot-starter-test\3.0.2\spring-boot-starter-test-3.0.2.jar;E:\maven\apache-maven-3.9.9\mvn_resp\org\springframework\boot\spring-boot-test\3.0.2\spring-boot-test-3.0.2.jar;E:\maven\apache-maven-3.9.9\mvn_resp\org\springframework\boot\spring-boot-test-autoconfigure\3.0.2\spring-boot-test-autoconfigure-3.0.2.jar;E:\maven\apache-maven-3.9.9\mvn_resp\com\jayway\jsonpath\json-path\2.7.0\json-path-2.7.0.jar;E:\maven\apache-maven-3.9.9\mvn_resp\net\minidev\json-smart\2.4.8\json-smart-2.4.8.jar;E:\maven\apache-maven-3.9.9\mvn_resp\net\minidev\accessors-smart\2.4.8\accessors-smart-2.4.8.jar;E:\maven\apache-maven-3.9.9\mvn_resp\org\ow2\asm\asm\9.1\asm-9.1.jar;E:\maven\apache-maven-3.9.9\mvn_resp\jakarta\xml\bind\jakarta.xml.bind-api\4.0.0\jakarta.xml.bind-api-4.0.0.jar;E:\maven\apache-maven-3.9.9\mvn_resp\jakarta\activation\jakarta.activation-api\2.1.1\jakarta.activation-api-2.1.1.jar;E:\maven\apache-maven-3.9.9\mvn_resp\org\assertj\assertj-core\3.23.1\assertj-core-3.23.1.jar;E:\maven\apache-maven-3.9.9\mvn_resp\net\bytebuddy\byte-buddy\1.12.22\byte-buddy-1.12.22.jar;E:\maven\apache-maven-3.9.9\mvn_resp\org\hamcrest\hamcrest\2.2\hamcrest-2.2.jar;E:\maven\apache-maven-3.9.9\mvn_resp\org\junit\jupiter\junit-jupiter\5.9.2\junit-jupiter-5.9.2.jar;E:\maven\apache-maven-3.9.9\mvn_resp\org\junit\jupiter\junit-jupiter-api\5.9.2\junit-jupiter-api-5.9.2.jar;E:\maven\apache-maven-3.9.9\mvn_resp\org\opentest4j\opentest4j\1.2.0\opentest4j-1.2.0.jar;E:\maven\apache-maven-3.9.9\mvn_resp\org\junit\platform\junit-platform-commons\1.9.2\junit-platform-commons-1.9.2.jar;E:\maven\apache-maven-3.9.9\mvn_resp\org\apiguardian\apiguardian-api\1.1.2\apiguardian-api-1.1.2.jar;E:\maven\apache-maven-3.9.9\mvn_resp\org\junit\jupiter\junit-jupiter-params\5.9.2\junit-jupiter-params-5.9.2.jar;E:\maven\apache-maven-3.9.9\mvn_resp\org\junit\jupiter\junit-jupiter-engine\5.9.2\junit-jupiter-engine-5.9.2.jar;E:\maven\apache-maven-3.9.9\mvn_resp\org\junit\platform\junit-platform-engine\1.9.2\junit-platform-engine-1.9.2.jar;E:\maven\apache-maven-3.9.9\mvn_resp\org\mockito\mockito-core\4.8.1\mockito-core-4.8.1.jar;E:\maven\apache-maven-3.9.9\mvn_resp\net\bytebuddy\byte-buddy-agent\1.12.22\byte-buddy-agent-1.12.22.jar;E:\maven\apache-maven-3.9.9\mvn_resp\org\objenesis\objenesis\3.2\objenesis-3.2.jar;E:\maven\apache-maven-3.9.9\mvn_resp\org\mockito\mockito-junit-jupiter\4.8.1\mockito-junit-jupiter-4.8.1.jar;E:\maven\apache-maven-3.9.9\mvn_resp\org\skyscreamer\jsonassert\1.5.1\jsonassert-1.5.1.jar;E:\maven\apache-maven-3.9.9\mvn_resp\com\vaadin\external\google\android-json\0.0.20131108.vaadin1\android-json-0.0.20131108.vaadin1.jar;E:\maven\apache-maven-3.9.9\mvn_resp\org\springframework\spring-core\6.0.4\spring-core-6.0.4.jar;E:\maven\apache-maven-3.9.9\mvn_resp\org\springframework\spring-jcl\6.0.4\spring-jcl-6.0.4.jar;E:\maven\apache-maven-3.9.9\mvn_resp\org\springframework\spring-test\6.0.4\spring-test-6.0.4.jar;E:\maven\apache-maven-3.9.9\mvn_resp\org\xmlunit\xmlunit-core\2.9.1\xmlunit-core-2.9.1.jar;E:\maven\apache-maven-3.9.9\mvn_resp\org\mybatis\spring\boot\mybatis-spring-boot-starter\3.0.2\mybatis-spring-boot-starter-3.0.2.jar;E:\maven\apache-maven-3.9.9\mvn_resp\org\springframework\boot\spring-boot-starter-jdbc\3.0.2\spring-boot-starter-jdbc-3.0.2.jar;E:\maven\apache-maven-3.9.9\mvn_resp\com\zaxxer\HikariCP\5.0.1\HikariCP-5.0.1.jar;E:\maven\apache-maven-3.9.9\mvn_resp\org\springframework\spring-jdbc\6.0.4\spring-jdbc-6.0.4.jar;E:\maven\apache-maven-3.9.9\mvn_resp\org\mybatis\spring\boot\mybatis-spring-boot-autoconfigure\3.0.2\mybatis-spring-boot-autoconfigure-3.0.2.jar;E:\maven\apache-maven-3.9.9\mvn_resp\org\mybatis\mybatis\3.5.13\mybatis-3.5.13.jar;E:\maven\apache-maven-3.9.9\mvn_resp\org\mybatis\mybatis-spring\3.0.2\mybatis-spring-3.0.2.jar;E:\maven\apache-maven-3.9.9\mvn_resp\mysql\mysql-connector-java\8.0.29\mysql-connector-java-8.0.29.jar;E:\maven\apache-maven-3.9.9\mvn_resp\com\google\protobuf\protobuf-java\3.19.4\protobuf-java-3.19.4.jar;E:\maven\apache-maven-3.9.9\mvn_resp\com\alibaba\druid-spring-boot-3-starter\1.2.23\druid-spring-boot-3-starter-1.2.23.jar;E:\maven\apache-maven-3.9.9\mvn_resp\com\alibaba\druid\1.2.23\druid-1.2.23.jar;"/>
    <property name="java.vm.vendor" value="Oracle Corporation"/>
    <property name="sun.arch.data.model" value="64"/>
    <property name="user.variant" value=""/>
    <property name="java.vendor.url" value="https://java.oracle.com/"/>
    <property name="user.timezone" value="Asia/Shanghai"/>
    <property name="org.jboss.logging.provider" value="slf4j"/>
    <property name="os.name" value="Windows 10"/>
    <property name="java.vm.specification.version" value="17"/>
    <property name="sun.java.launcher" value="SUN_STANDARD"/>
    <property name="user.country" value="CN"/>
    <property name="sun.boot.library.path" value="E:\JDK\jdk17\bin"/>
    <property name="sun.java.command" value="C:\Users\58214\AppData\Local\Temp\surefire8544645412688369156\surefirebooter-20250413221948398_3.jar C:\Users\58214\AppData\Local\Temp\surefire8544645412688369156 2025-04-13T22-19-43_748-jvmRun1 surefire-20250413221948398_1tmp surefire_0-20250413221948398_2tmp"/>
    <property name="jdk.debug" value="release"/>
    <property name="surefire.test.class.path" value="E:\hashu\xiaohashu\xiaohashu-auth\target\test-classes;E:\hashu\xiaohashu\xiaohashu-auth\target\classes;E:\maven\apache-maven-3.9.9\mvn_resp\org\springframework\security\spring-security-crypto\6.0.1\spring-security-crypto-6.0.1.jar;E:\hashu\xiaohashu\xiaoha-framework\xiaoha-spring-boot-starter-biz-context\target\xiaoha-spring-boot-starter-biz-context-0.0.1-SNAPSHOT.jar;E:\maven\apache-maven-3.9.9\mvn_resp\org\springframework\boot\spring-boot-starter\3.0.2\spring-boot-starter-3.0.2.jar;E:\maven\apache-maven-3.9.9\mvn_resp\org\springframework\boot\spring-boot\3.0.2\spring-boot-3.0.2.jar;E:\maven\apache-maven-3.9.9\mvn_resp\org\springframework\boot\spring-boot-starter-logging\3.0.2\spring-boot-starter-logging-3.0.2.jar;E:\maven\apache-maven-3.9.9\mvn_resp\ch\qos\logback\logback-classic\1.4.5\logback-classic-1.4.5.jar;E:\maven\apache-maven-3.9.9\mvn_resp\ch\qos\logback\logback-core\1.4.5\logback-core-1.4.5.jar;E:\maven\apache-maven-3.9.9\mvn_resp\org\apache\logging\log4j\log4j-to-slf4j\2.19.0\log4j-to-slf4j-2.19.0.jar;E:\maven\apache-maven-3.9.9\mvn_resp\org\apache\logging\log4j\log4j-api\2.19.0\log4j-api-2.19.0.jar;E:\maven\apache-maven-3.9.9\mvn_resp\org\slf4j\jul-to-slf4j\2.0.6\jul-to-slf4j-2.0.6.jar;E:\maven\apache-maven-3.9.9\mvn_resp\org\yaml\snakeyaml\1.33\snakeyaml-1.33.jar;E:\maven\apache-maven-3.9.9\mvn_resp\org\springframework\spring-web\6.0.4\spring-web-6.0.4.jar;E:\maven\apache-maven-3.9.9\mvn_resp\org\springframework\spring-beans\6.0.4\spring-beans-6.0.4.jar;E:\maven\apache-maven-3.9.9\mvn_resp\io\micrometer\micrometer-observation\1.10.3\micrometer-observation-1.10.3.jar;E:\maven\apache-maven-3.9.9\mvn_resp\io\micrometer\micrometer-commons\1.10.3\micrometer-commons-1.10.3.jar;E:\maven\apache-maven-3.9.9\mvn_resp\jakarta\servlet\jakarta.servlet-api\6.0.0\jakarta.servlet-api-6.0.0.jar;E:\maven\apache-maven-3.9.9\mvn_resp\io\github\openfeign\feign-core\12.1\feign-core-12.1.jar;E:\maven\apache-maven-3.9.9\mvn_resp\com\alibaba\transmittable-thread-local\2.14.5\transmittable-thread-local-2.14.5.jar;E:\maven\apache-maven-3.9.9\mvn_resp\com\alibaba\cloud\spring-cloud-starter-alibaba-nacos-discovery\2022.0.0.0\spring-cloud-starter-alibaba-nacos-discovery-2022.0.0.0.jar;E:\maven\apache-maven-3.9.9\mvn_resp\com\alibaba\cloud\spring-cloud-alibaba-commons\2022.0.0.0\spring-cloud-alibaba-commons-2022.0.0.0.jar;E:\maven\apache-maven-3.9.9\mvn_resp\com\alibaba\nacos\nacos-client\2.2.1\nacos-client-2.2.1.jar;E:\maven\apache-maven-3.9.9\mvn_resp\com\alibaba\nacos\nacos-auth-plugin\2.2.1\nacos-auth-plugin-2.2.1.jar;E:\maven\apache-maven-3.9.9\mvn_resp\com\alibaba\nacos\nacos-encryption-plugin\2.2.1\nacos-encryption-plugin-2.2.1.jar;E:\maven\apache-maven-3.9.9\mvn_resp\commons-codec\commons-codec\1.15\commons-codec-1.15.jar;E:\maven\apache-maven-3.9.9\mvn_resp\org\apache\httpcomponents\httpasyncclient\4.1.5\httpasyncclient-4.1.5.jar;E:\maven\apache-maven-3.9.9\mvn_resp\org\apache\httpcomponents\httpcore\4.4.16\httpcore-4.4.16.jar;E:\maven\apache-maven-3.9.9\mvn_resp\org\apache\httpcomponents\httpcore-nio\4.4.16\httpcore-nio-4.4.16.jar;E:\maven\apache-maven-3.9.9\mvn_resp\org\apache\httpcomponents\httpclient\4.5.14\httpclient-4.5.14.jar;E:\maven\apache-maven-3.9.9\mvn_resp\io\prometheus\simpleclient\0.16.0\simpleclient-0.16.0.jar;E:\maven\apache-maven-3.9.9\mvn_resp\io\prometheus\simpleclient_tracer_otel\0.16.0\simpleclient_tracer_otel-0.16.0.jar;E:\maven\apache-maven-3.9.9\mvn_resp\io\prometheus\simpleclient_tracer_common\0.16.0\simpleclient_tracer_common-0.16.0.jar;E:\maven\apache-maven-3.9.9\mvn_resp\io\prometheus\simpleclient_tracer_otel_agent\0.16.0\simpleclient_tracer_otel_agent-0.16.0.jar;E:\maven\apache-maven-3.9.9\mvn_resp\com\alibaba\spring\spring-context-support\1.0.11\spring-context-support-1.0.11.jar;E:\maven\apache-maven-3.9.9\mvn_resp\org\springframework\cloud\spring-cloud-commons\4.0.0\spring-cloud-commons-4.0.0.jar;E:\maven\apache-maven-3.9.9\mvn_resp\org\springframework\cloud\spring-cloud-context\4.0.0\spring-cloud-context-4.0.0.jar;E:\maven\apache-maven-3.9.9\mvn_resp\com\alibaba\cloud\spring-cloud-starter-alibaba-nacos-config\2022.0.0.0\spring-cloud-starter-alibaba-nacos-config-2022.0.0.0.jar;E:\maven\apache-maven-3.9.9\mvn_resp\org\slf4j\slf4j-api\2.0.6\slf4j-api-2.0.6.jar;E:\maven\apache-maven-3.9.9\mvn_resp\jakarta\annotation\jakarta.annotation-api\2.1.1\jakarta.annotation-api-2.1.1.jar;E:\maven\apache-maven-3.9.9\mvn_resp\org\springframework\cloud\spring-cloud-starter-bootstrap\4.0.0\spring-cloud-starter-bootstrap-4.0.0.jar;E:\maven\apache-maven-3.9.9\mvn_resp\org\springframework\cloud\spring-cloud-starter\4.0.0\spring-cloud-starter-4.0.0.jar;E:\maven\apache-maven-3.9.9\mvn_resp\org\springframework\security\spring-security-rsa\1.0.11.RELEASE\spring-security-rsa-1.0.11.RELEASE.jar;E:\maven\apache-maven-3.9.9\mvn_resp\org\bouncycastle\bcpkix-jdk15on\1.69\bcpkix-jdk15on-1.69.jar;E:\maven\apache-maven-3.9.9\mvn_resp\org\bouncycastle\bcprov-jdk15on\1.69\bcprov-jdk15on-1.69.jar;E:\maven\apache-maven-3.9.9\mvn_resp\org\bouncycastle\bcutil-jdk15on\1.69\bcutil-jdk15on-1.69.jar;E:\maven\apache-maven-3.9.9\mvn_resp\cn\dev33\sa-token-redis-jackson\1.38.0\sa-token-redis-jackson-1.38.0.jar;E:\maven\apache-maven-3.9.9\mvn_resp\cn\dev33\sa-token-core\1.38.0\sa-token-core-1.38.0.jar;E:\maven\apache-maven-3.9.9\mvn_resp\org\apache\commons\commons-pool2\2.11.1\commons-pool2-2.11.1.jar;E:\maven\apache-maven-3.9.9\mvn_resp\com\aliyun\dysmsapi20170525\3.1.1\dysmsapi20170525-3.1.1.jar;E:\maven\apache-maven-3.9.9\mvn_resp\com\aliyun\tea-util\0.2.23\tea-util-0.2.23.jar;E:\maven\apache-maven-3.9.9\mvn_resp\com\google\code\gson\gson\2.9.1\gson-2.9.1.jar;E:\maven\apache-maven-3.9.9\mvn_resp\com\aliyun\endpoint-util\0.0.7\endpoint-util-0.0.7.jar;E:\maven\apache-maven-3.9.9\mvn_resp\com\aliyun\tea\1.3.1\tea-1.3.1.jar;E:\maven\apache-maven-3.9.9\mvn_resp\com\squareup\okhttp3\okhttp\4.10.0\okhttp-4.10.0.jar;E:\maven\apache-maven-3.9.9\mvn_resp\com\squareup\okio\okio-jvm\3.0.0\okio-jvm-3.0.0.jar;E:\maven\apache-maven-3.9.9\mvn_resp\org\jetbrains\kotlin\kotlin-stdlib-jdk8\1.7.22\kotlin-stdlib-jdk8-1.7.22.jar;E:\maven\apache-maven-3.9.9\mvn_resp\org\jetbrains\kotlin\kotlin-stdlib-jdk7\1.7.22\kotlin-stdlib-jdk7-1.7.22.jar;E:\maven\apache-maven-3.9.9\mvn_resp\org\jetbrains\kotlin\kotlin-stdlib-common\1.7.22\kotlin-stdlib-common-1.7.22.jar;E:\maven\apache-maven-3.9.9\mvn_resp\org\jetbrains\kotlin\kotlin-stdlib\1.7.22\kotlin-stdlib-1.7.22.jar;E:\maven\apache-maven-3.9.9\mvn_resp\org\jetbrains\annotations\13.0\annotations-13.0.jar;E:\maven\apache-maven-3.9.9\mvn_resp\com\aliyun\tea-openapi\0.3.6\tea-openapi-0.3.6.jar;E:\maven\apache-maven-3.9.9\mvn_resp\com\aliyun\credentials-java\0.3.10\credentials-java-0.3.10.jar;E:\maven\apache-maven-3.9.9\mvn_resp\org\ini4j\ini4j\0.5.4\ini4j-0.5.4.jar;E:\maven\apache-maven-3.9.9\mvn_resp\javax\xml\bind\jaxb-api\2.3.0\jaxb-api-2.3.0.jar;E:\maven\apache-maven-3.9.9\mvn_resp\com\sun\xml\bind\jaxb-core\4.0.1\jaxb-core-4.0.1.jar;E:\maven\apache-maven-3.9.9\mvn_resp\org\eclipse\angus\angus-activation\1.0.0\angus-activation-1.0.0.jar;E:\maven\apache-maven-3.9.9\mvn_resp\com\sun\xml\bind\jaxb-impl\4.0.1\jaxb-impl-4.0.1.jar;E:\maven\apache-maven-3.9.9\mvn_resp\com\aliyun\alibabacloud-gateway-spi\0.0.2\alibabacloud-gateway-spi-0.0.2.jar;E:\maven\apache-maven-3.9.9\mvn_resp\com\aliyun\tea-xml\0.1.6\tea-xml-0.1.6.jar;E:\maven\apache-maven-3.9.9\mvn_resp\org\dom4j\dom4j\2.0.3\dom4j-2.0.3.jar;E:\maven\apache-maven-3.9.9\mvn_resp\org\jacoco\org.jacoco.agent\0.8.4\org.jacoco.agent-0.8.4-runtime.jar;E:\maven\apache-maven-3.9.9\mvn_resp\com\aliyun\openapiutil\0.2.2\openapiutil-0.2.2.jar;E:\maven\apache-maven-3.9.9\mvn_resp\org\bouncycastle\bcprov-jdk18on\1.78.1\bcprov-jdk18on-1.78.1.jar;E:\maven\apache-maven-3.9.9\mvn_resp\org\springframework\boot\spring-boot-starter-data-redis\3.0.2\spring-boot-starter-data-redis-3.0.2.jar;E:\maven\apache-maven-3.9.9\mvn_resp\org\springframework\data\spring-data-redis\3.0.1\spring-data-redis-3.0.1.jar;E:\maven\apache-maven-3.9.9\mvn_resp\org\springframework\data\spring-data-keyvalue\3.0.1\spring-data-keyvalue-3.0.1.jar;E:\maven\apache-maven-3.9.9\mvn_resp\org\springframework\data\spring-data-commons\3.0.1\spring-data-commons-3.0.1.jar;E:\maven\apache-maven-3.9.9\mvn_resp\org\springframework\spring-tx\6.0.4\spring-tx-6.0.4.jar;E:\maven\apache-maven-3.9.9\mvn_resp\org\springframework\spring-oxm\6.0.4\spring-oxm-6.0.4.jar;E:\maven\apache-maven-3.9.9\mvn_resp\org\springframework\spring-aop\6.0.4\spring-aop-6.0.4.jar;E:\maven\apache-maven-3.9.9\mvn_resp\org\springframework\spring-context-support\6.0.4\spring-context-support-6.0.4.jar;E:\maven\apache-maven-3.9.9\mvn_resp\io\lettuce\lettuce-core\6.2.2.RELEASE\lettuce-core-6.2.2.RELEASE.jar;E:\maven\apache-maven-3.9.9\mvn_resp\io\netty\netty-common\4.1.87.Final\netty-common-4.1.87.Final.jar;E:\maven\apache-maven-3.9.9\mvn_resp\io\netty\netty-handler\4.1.87.Final\netty-handler-4.1.87.Final.jar;E:\maven\apache-maven-3.9.9\mvn_resp\io\netty\netty-resolver\4.1.87.Final\netty-resolver-4.1.87.Final.jar;E:\maven\apache-maven-3.9.9\mvn_resp\io\netty\netty-buffer\4.1.87.Final\netty-buffer-4.1.87.Final.jar;E:\maven\apache-maven-3.9.9\mvn_resp\io\netty\netty-transport-native-unix-common\4.1.87.Final\netty-transport-native-unix-common-4.1.87.Final.jar;E:\maven\apache-maven-3.9.9\mvn_resp\io\netty\netty-codec\4.1.87.Final\netty-codec-4.1.87.Final.jar;E:\maven\apache-maven-3.9.9\mvn_resp\io\netty\netty-transport\4.1.87.Final\netty-transport-4.1.87.Final.jar;E:\maven\apache-maven-3.9.9\mvn_resp\io\projectreactor\reactor-core\3.5.2\reactor-core-3.5.2.jar;E:\maven\apache-maven-3.9.9\mvn_resp\org\reactivestreams\reactive-streams\1.0.4\reactive-streams-1.0.4.jar;E:\maven\apache-maven-3.9.9\mvn_resp\cn\dev33\sa-token-spring-boot3-starter\1.38.0\sa-token-spring-boot3-starter-1.38.0.jar;E:\maven\apache-maven-3.9.9\mvn_resp\cn\dev33\sa-token-jakarta-servlet\1.38.0\sa-token-jakarta-servlet-1.38.0.jar;E:\maven\apache-maven-3.9.9\mvn_resp\cn\dev33\sa-token-spring-boot-autoconfig\1.38.0\sa-token-spring-boot-autoconfig-1.38.0.jar;E:\hashu\xiaohashu\xiaoha-framework\xiaoha-common\target\xiaoha-common-0.0.1-SNAPSHOT.jar;E:\maven\apache-maven-3.9.9\mvn_resp\com\google\guava\guava\33.0.0-jre\guava-33.0.0-jre.jar;E:\maven\apache-maven-3.9.9\mvn_resp\com\google\guava\failureaccess\1.0.2\failureaccess-1.0.2.jar;E:\maven\apache-maven-3.9.9\mvn_resp\com\google\guava\listenablefuture\9999.0-empty-to-avoid-conflict-with-guava\listenablefuture-9999.0-empty-to-avoid-conflict-with-guava.jar;E:\maven\apache-maven-3.9.9\mvn_resp\com\google\code\findbugs\jsr305\3.0.2\jsr305-3.0.2.jar;E:\maven\apache-maven-3.9.9\mvn_resp\org\checkerframework\checker-qual\3.41.0\checker-qual-3.41.0.jar;E:\maven\apache-maven-3.9.9\mvn_resp\com\google\errorprone\error_prone_annotations\2.23.0\error_prone_annotations-2.23.0.jar;E:\maven\apache-maven-3.9.9\mvn_resp\com\google\j2objc\j2objc-annotations\2.8\j2objc-annotations-2.8.jar;E:\maven\apache-maven-3.9.9\mvn_resp\cn\hutool\hutool-all\5.8.26\hutool-all-5.8.26.jar;E:\maven\apache-maven-3.9.9\mvn_resp\org\apache\commons\commons-lang3\3.12.0\commons-lang3-3.12.0.jar;E:\maven\apache-maven-3.9.9\mvn_resp\org\projectlombok\lombok\1.18.30\lombok-1.18.30.jar;E:\maven\apache-maven-3.9.9\mvn_resp\com\fasterxml\jackson\core\jackson-databind\2.16.1\jackson-databind-2.16.1.jar;E:\maven\apache-maven-3.9.9\mvn_resp\com\fasterxml\jackson\core\jackson-annotations\2.14.1\jackson-annotations-2.14.1.jar;E:\maven\apache-maven-3.9.9\mvn_resp\com\fasterxml\jackson\core\jackson-core\2.16.1\jackson-core-2.16.1.jar;E:\maven\apache-maven-3.9.9\mvn_resp\com\fasterxml\jackson\datatype\jackson-datatype-jsr310\2.14.1\jackson-datatype-jsr310-2.14.1.jar;E:\maven\apache-maven-3.9.9\mvn_resp\org\springframework\boot\spring-boot-starter-aop\3.0.2\spring-boot-starter-aop-3.0.2.jar;E:\maven\apache-maven-3.9.9\mvn_resp\org\aspectj\aspectjweaver\1.9.19\aspectjweaver-1.9.19.jar;E:\maven\apache-maven-3.9.9\mvn_resp\jakarta\validation\jakarta.validation-api\3.0.2\jakarta.validation-api-3.0.2.jar;E:\maven\apache-maven-3.9.9\mvn_resp\org\hibernate\validator\hibernate-validator\8.0.0.Final\hibernate-validator-8.0.0.Final.jar;E:\maven\apache-maven-3.9.9\mvn_resp\org\jboss\logging\jboss-logging\3.5.0.Final\jboss-logging-3.5.0.Final.jar;E:\maven\apache-maven-3.9.9\mvn_resp\com\fasterxml\classmate\1.5.1\classmate-1.5.1.jar;E:\hashu\xiaohashu\xiaoha-framework\xiaoha-spring-boot-starter-biz-operationlog\target\xiaoha-spring-boot-starter-biz-operationlog-0.0.1-SNAPSHOT.jar;E:\hashu\xiaohashu\xiaoha-framework\xiaoha-spring-boot-starter-jackson\target\xiaoha-spring-boot-starter-jackson-0.0.1-SNAPSHOT.jar;E:\maven\apache-maven-3.9.9\mvn_resp\org\springframework\boot\spring-boot-autoconfigure\3.0.2\spring-boot-autoconfigure-3.0.2.jar;E:\maven\apache-maven-3.9.9\mvn_resp\org\springframework\boot\spring-boot-starter-web\3.0.2\spring-boot-starter-web-3.0.2.jar;E:\maven\apache-maven-3.9.9\mvn_resp\org\springframework\boot\spring-boot-starter-json\3.0.2\spring-boot-starter-json-3.0.2.jar;E:\maven\apache-maven-3.9.9\mvn_resp\com\fasterxml\jackson\datatype\jackson-datatype-jdk8\2.14.1\jackson-datatype-jdk8-2.14.1.jar;E:\maven\apache-maven-3.9.9\mvn_resp\com\fasterxml\jackson\module\jackson-module-parameter-names\2.14.1\jackson-module-parameter-names-2.14.1.jar;E:\maven\apache-maven-3.9.9\mvn_resp\org\springframework\boot\spring-boot-starter-tomcat\3.0.2\spring-boot-starter-tomcat-3.0.2.jar;E:\maven\apache-maven-3.9.9\mvn_resp\org\apache\tomcat\embed\tomcat-embed-core\10.1.5\tomcat-embed-core-10.1.5.jar;E:\maven\apache-maven-3.9.9\mvn_resp\org\apache\tomcat\embed\tomcat-embed-el\10.1.5\tomcat-embed-el-10.1.5.jar;E:\maven\apache-maven-3.9.9\mvn_resp\org\apache\tomcat\embed\tomcat-embed-websocket\10.1.5\tomcat-embed-websocket-10.1.5.jar;E:\maven\apache-maven-3.9.9\mvn_resp\org\springframework\spring-webmvc\6.0.4\spring-webmvc-6.0.4.jar;E:\maven\apache-maven-3.9.9\mvn_resp\org\springframework\spring-context\6.0.4\spring-context-6.0.4.jar;E:\maven\apache-maven-3.9.9\mvn_resp\org\springframework\spring-expression\6.0.4\spring-expression-6.0.4.jar;E:\maven\apache-maven-3.9.9\mvn_resp\org\springframework\boot\spring-boot-starter-test\3.0.2\spring-boot-starter-test-3.0.2.jar;E:\maven\apache-maven-3.9.9\mvn_resp\org\springframework\boot\spring-boot-test\3.0.2\spring-boot-test-3.0.2.jar;E:\maven\apache-maven-3.9.9\mvn_resp\org\springframework\boot\spring-boot-test-autoconfigure\3.0.2\spring-boot-test-autoconfigure-3.0.2.jar;E:\maven\apache-maven-3.9.9\mvn_resp\com\jayway\jsonpath\json-path\2.7.0\json-path-2.7.0.jar;E:\maven\apache-maven-3.9.9\mvn_resp\net\minidev\json-smart\2.4.8\json-smart-2.4.8.jar;E:\maven\apache-maven-3.9.9\mvn_resp\net\minidev\accessors-smart\2.4.8\accessors-smart-2.4.8.jar;E:\maven\apache-maven-3.9.9\mvn_resp\org\ow2\asm\asm\9.1\asm-9.1.jar;E:\maven\apache-maven-3.9.9\mvn_resp\jakarta\xml\bind\jakarta.xml.bind-api\4.0.0\jakarta.xml.bind-api-4.0.0.jar;E:\maven\apache-maven-3.9.9\mvn_resp\jakarta\activation\jakarta.activation-api\2.1.1\jakarta.activation-api-2.1.1.jar;E:\maven\apache-maven-3.9.9\mvn_resp\org\assertj\assertj-core\3.23.1\assertj-core-3.23.1.jar;E:\maven\apache-maven-3.9.9\mvn_resp\net\bytebuddy\byte-buddy\1.12.22\byte-buddy-1.12.22.jar;E:\maven\apache-maven-3.9.9\mvn_resp\org\hamcrest\hamcrest\2.2\hamcrest-2.2.jar;E:\maven\apache-maven-3.9.9\mvn_resp\org\junit\jupiter\junit-jupiter\5.9.2\junit-jupiter-5.9.2.jar;E:\maven\apache-maven-3.9.9\mvn_resp\org\junit\jupiter\junit-jupiter-api\5.9.2\junit-jupiter-api-5.9.2.jar;E:\maven\apache-maven-3.9.9\mvn_resp\org\opentest4j\opentest4j\1.2.0\opentest4j-1.2.0.jar;E:\maven\apache-maven-3.9.9\mvn_resp\org\junit\platform\junit-platform-commons\1.9.2\junit-platform-commons-1.9.2.jar;E:\maven\apache-maven-3.9.9\mvn_resp\org\apiguardian\apiguardian-api\1.1.2\apiguardian-api-1.1.2.jar;E:\maven\apache-maven-3.9.9\mvn_resp\org\junit\jupiter\junit-jupiter-params\5.9.2\junit-jupiter-params-5.9.2.jar;E:\maven\apache-maven-3.9.9\mvn_resp\org\junit\jupiter\junit-jupiter-engine\5.9.2\junit-jupiter-engine-5.9.2.jar;E:\maven\apache-maven-3.9.9\mvn_resp\org\junit\platform\junit-platform-engine\1.9.2\junit-platform-engine-1.9.2.jar;E:\maven\apache-maven-3.9.9\mvn_resp\org\mockito\mockito-core\4.8.1\mockito-core-4.8.1.jar;E:\maven\apache-maven-3.9.9\mvn_resp\net\bytebuddy\byte-buddy-agent\1.12.22\byte-buddy-agent-1.12.22.jar;E:\maven\apache-maven-3.9.9\mvn_resp\org\objenesis\objenesis\3.2\objenesis-3.2.jar;E:\maven\apache-maven-3.9.9\mvn_resp\org\mockito\mockito-junit-jupiter\4.8.1\mockito-junit-jupiter-4.8.1.jar;E:\maven\apache-maven-3.9.9\mvn_resp\org\skyscreamer\jsonassert\1.5.1\jsonassert-1.5.1.jar;E:\maven\apache-maven-3.9.9\mvn_resp\com\vaadin\external\google\android-json\0.0.20131108.vaadin1\android-json-0.0.20131108.vaadin1.jar;E:\maven\apache-maven-3.9.9\mvn_resp\org\springframework\spring-core\6.0.4\spring-core-6.0.4.jar;E:\maven\apache-maven-3.9.9\mvn_resp\org\springframework\spring-jcl\6.0.4\spring-jcl-6.0.4.jar;E:\maven\apache-maven-3.9.9\mvn_resp\org\springframework\spring-test\6.0.4\spring-test-6.0.4.jar;E:\maven\apache-maven-3.9.9\mvn_resp\org\xmlunit\xmlunit-core\2.9.1\xmlunit-core-2.9.1.jar;E:\maven\apache-maven-3.9.9\mvn_resp\org\mybatis\spring\boot\mybatis-spring-boot-starter\3.0.2\mybatis-spring-boot-starter-3.0.2.jar;E:\maven\apache-maven-3.9.9\mvn_resp\org\springframework\boot\spring-boot-starter-jdbc\3.0.2\spring-boot-starter-jdbc-3.0.2.jar;E:\maven\apache-maven-3.9.9\mvn_resp\com\zaxxer\HikariCP\5.0.1\HikariCP-5.0.1.jar;E:\maven\apache-maven-3.9.9\mvn_resp\org\springframework\spring-jdbc\6.0.4\spring-jdbc-6.0.4.jar;E:\maven\apache-maven-3.9.9\mvn_resp\org\mybatis\spring\boot\mybatis-spring-boot-autoconfigure\3.0.2\mybatis-spring-boot-autoconfigure-3.0.2.jar;E:\maven\apache-maven-3.9.9\mvn_resp\org\mybatis\mybatis\3.5.13\mybatis-3.5.13.jar;E:\maven\apache-maven-3.9.9\mvn_resp\org\mybatis\mybatis-spring\3.0.2\mybatis-spring-3.0.2.jar;E:\maven\apache-maven-3.9.9\mvn_resp\mysql\mysql-connector-java\8.0.29\mysql-connector-java-8.0.29.jar;E:\maven\apache-maven-3.9.9\mvn_resp\com\google\protobuf\protobuf-java\3.19.4\protobuf-java-3.19.4.jar;E:\maven\apache-maven-3.9.9\mvn_resp\com\alibaba\druid-spring-boot-3-starter\1.2.23\druid-spring-boot-3-starter-1.2.23.jar;E:\maven\apache-maven-3.9.9\mvn_resp\com\alibaba\druid\1.2.23\druid-1.2.23.jar;"/>
    <property name="sun.cpu.endian" value="little"/>
    <property name="user.home" value="C:\Users\58214"/>
    <property name="user.language" value="zh"/>
    <property name="java.specification.vendor" value="Oracle Corporation"/>
    <property name="java.version.date" value="2022-01-18"/>
    <property name="java.home" value="E:\JDK\jdk17"/>
    <property name="file.separator" value="\"/>
    <property name="basedir" value="E:\hashu\xiaohashu\xiaohashu-auth"/>
    <property name="java.vm.compressedOopsMode" value="Zero based"/>
    <property name="line.separator" value="&#10;"/>
    <property name="java.vm.specification.vendor" value="Oracle Corporation"/>
    <property name="java.specification.name" value="Java Platform API Specification"/>
    <property name="FILE_LOG_CHARSET" value="GBK"/>
    <property name="java.awt.headless" value="true"/>
    <property name="surefire.real.class.path" value="C:\Users\58214\AppData\Local\Temp\surefire8544645412688369156\surefirebooter-20250413221948398_3.jar"/>
    <property name="user.script" value=""/>
    <property name="sun.management.compiler" value="HotSpot 64-Bit Tiered Compilers"/>
    <property name="java.runtime.version" value="17.0.2+8-LTS-86"/>
    <property name="user.name" value="58214"/>
    <property name="path.separator" value=";"/>
    <property name="os.version" value="10.0"/>
    <property name="java.runtime.name" value="Java(TM) SE Runtime Environment"/>
    <property name="file.encoding" value="GBK"/>
    <property name="java.vm.name" value="Java HotSpot(TM) 64-Bit Server VM"/>
    <property name="localRepository" value="E:\maven\apache-maven-3.9.9\mvn_resp"/>
    <property name="java.vendor.url.bug" value="https://bugreport.java.com/bugreport/"/>
    <property name="java.io.tmpdir" value="C:\Users\58214\AppData\Local\Temp\"/>
    <property name="idea.version" value="2022.3.3"/>
    <property name="java.version" value="17.0.2"/>
    <property name="user.dir" value="E:\hashu\xiaohashu\xiaohashu-auth"/>
    <property name="os.arch" value="amd64"/>
    <property name="java.vm.specification.name" value="Java Virtual Machine Specification"/>
    <property name="PID" value="32572"/>
    <property name="sun.os.patch.level" value=""/>
    <property name="CONSOLE_LOG_CHARSET" value="GBK"/>
    <property name="native.encoding" value="GBK"/>
    <property name="java.library.path" value="E:\JDK\jdk17\bin;C:\Windows\Sun\Java\bin;C:\Windows\system32;C:\Windows;E:\vmware\bin\;E:\JDK\jdk17\bin;E:\mysql\MySQL Server8.0\bin;C:\Program Files\Common Files\Oracle\Java\javapath;C:\Windows\system32;C:\Windows;C:\Windows\System32\Wbem;C:\Windows\System32\WindowsPowerShell\v1.0\;C:\Windows\System32\OpenSSH\;C:\Program Files (x86)\NVIDIA Corporation\PhysX\Common;C:\Program Files\NVIDIA Corporation\NVIDIA NvDLISR;C:\Windows\system32;C:\Windows;C:\Windows\System32\Wbem;C:\Windows\System32\WindowsPowerShell\v1.0\;C:\Windows\System32\OpenSSH\;E:\\bin;C:\gopath\bin;E:\maven\apache-maven-3.9.9\bin;C:\Program Files\Docker\Docker\resources\bin;E:\gitfile\Git\cmd;C:\Users\58214\AppData\Local\Microsoft\WindowsApps;;E:\Idea\IntelliJ IDEA 2024.3.3\bin;;E:\datatrip\DataGrip 2024.3.5\bin;;."/>
    <property name="java.vm.info" value="mixed mode, sharing"/>
    <property name="java.vendor" value="Oracle Corporation"/>
    <property name="java.vm.version" value="17.0.2+8-LTS-86"/>
    <property name="sun.io.unicode.encoding" value="UnicodeLittle"/>
    <property name="maven.repo.local" value="E:\maven\apache-maven-3.9.9\mvn_resp"/>
    <property name="java.class.version" value="61.0"/>
  </properties>
  <testcase name="testSubmit" classname="com.quanxiaoha.xiaohashu.auth.ThreadPoolTaskExecutorTests" time="0.008">
    <system-out><![CDATA[2025-04-13T22:19:58.110+08:00  INFO 32572 --- [           main] t.c.s.AnnotationConfigContextLoaderUtils : Could not detect default configuration classes for test class [com.quanxiaoha.xiaohashu.auth.ThreadPoolTaskExecutorTests]: ThreadPoolTaskExecutorTests does not declare any static, non-private, non-final, nested classes annotated with @Configuration.
2025-04-13T22:19:58.113+08:00  INFO 32572 --- [           main] .b.t.c.SpringBootTestContextBootstrapper : Found @SpringBootConfiguration com.quanxiaoha.xiaohashu.auth.XiaohashuAuthApplication for test class com.quanxiaoha.xiaohashu.auth.ThreadPoolTaskExecutorTests
2025-04-13T22:19:58.123+08:00  INFO 32572 --- [ AuthExecutor-1] c.q.x.auth.ThreadPoolTaskExecutorTests   : 异步线程中说: 犬小哈专栏
]]></system-out>
  </testcase>
</testsuite>