<?xml version="1.0" encoding="UTF-8"?>
<testsuite xmlns:xsi="http://www.w3.org/2001/XMLSchema-instance" xsi:noNamespaceSchemaLocation="https://maven.apache.org/surefire/maven-surefire-plugin/xsd/surefire-test-report-3.0.xsd" version="3.0" name="com.quanxiaoha.xiaohashu.auth.XiaohashuAuthApplicationTests" time="0.575" tests="3" errors="0" skipped="0" failures="0">
  <properties>
    <property name="java.specification.version" value="17"/>
    <property name="sun.cpu.isalist" value="amd64"/>
    <property name="sun.jnu.encoding" value="GBK"/>
    <property name="java.class.path" value="E:\hashu\xiaohashu\xiaohashu-auth\target\test-classes;E:\hashu\xiaohashu\xiaohashu-auth\target\classes;E:\maven\apache-maven-3.9.9\mvn_resp\com\quanxiaoha\xiaoha-common\0.0.1-SNAPSHOT\xiaoha-common-0.0.1-SNAPSHOT.jar;E:\maven\apache-maven-3.9.9\mvn_resp\org\projectlombok\lombok\1.18.30\lombok-1.18.30.jar;E:\maven\apache-maven-3.9.9\mvn_resp\com\fasterxml\jackson\core\jackson-databind\2.16.1\jackson-databind-2.16.1.jar;E:\maven\apache-maven-3.9.9\mvn_resp\com\fasterxml\jackson\core\jackson-annotations\2.14.1\jackson-annotations-2.14.1.jar;E:\maven\apache-maven-3.9.9\mvn_resp\com\fasterxml\jackson\core\jackson-core\2.16.1\jackson-core-2.16.1.jar;E:\maven\apache-maven-3.9.9\mvn_resp\com\fasterxml\jackson\datatype\jackson-datatype-jsr310\2.14.1\jackson-datatype-jsr310-2.14.1.jar;E:\maven\apache-maven-3.9.9\mvn_resp\org\springframework\boot\spring-boot-starter-aop\3.0.2\spring-boot-starter-aop-3.0.2.jar;E:\maven\apache-maven-3.9.9\mvn_resp\org\springframework\spring-aop\6.0.4\spring-aop-6.0.4.jar;E:\maven\apache-maven-3.9.9\mvn_resp\org\aspectj\aspectjweaver\1.9.19\aspectjweaver-1.9.19.jar;E:\maven\apache-maven-3.9.9\mvn_resp\com\quanxiaoha\xiaoha-spring-boot-starter-biz-operationlog\0.0.1-SNAPSHOT\xiaoha-spring-boot-starter-biz-operationlog-0.0.1-SNAPSHOT.jar;E:\maven\apache-maven-3.9.9\mvn_resp\com\quanxiaoha\xiaoha-spring-boot-starter-jackson\0.0.1-SNAPSHOT\xiaoha-spring-boot-starter-jackson-0.0.1-SNAPSHOT.jar;E:\maven\apache-maven-3.9.9\mvn_resp\org\springframework\boot\spring-boot-autoconfigure\3.0.2\spring-boot-autoconfigure-3.0.2.jar;E:\maven\apache-maven-3.9.9\mvn_resp\org\springframework\boot\spring-boot\3.0.2\spring-boot-3.0.2.jar;E:\maven\apache-maven-3.9.9\mvn_resp\org\springframework\boot\spring-boot-starter-web\3.0.2\spring-boot-starter-web-3.0.2.jar;E:\maven\apache-maven-3.9.9\mvn_resp\org\springframework\boot\spring-boot-starter\3.0.2\spring-boot-starter-3.0.2.jar;E:\maven\apache-maven-3.9.9\mvn_resp\org\springframework\boot\spring-boot-starter-logging\3.0.2\spring-boot-starter-logging-3.0.2.jar;E:\maven\apache-maven-3.9.9\mvn_resp\ch\qos\logback\logback-classic\1.4.5\logback-classic-1.4.5.jar;E:\maven\apache-maven-3.9.9\mvn_resp\ch\qos\logback\logback-core\1.4.5\logback-core-1.4.5.jar;E:\maven\apache-maven-3.9.9\mvn_resp\org\apache\logging\log4j\log4j-to-slf4j\2.19.0\log4j-to-slf4j-2.19.0.jar;E:\maven\apache-maven-3.9.9\mvn_resp\org\apache\logging\log4j\log4j-api\2.19.0\log4j-api-2.19.0.jar;E:\maven\apache-maven-3.9.9\mvn_resp\org\slf4j\jul-to-slf4j\2.0.6\jul-to-slf4j-2.0.6.jar;E:\maven\apache-maven-3.9.9\mvn_resp\jakarta\annotation\jakarta.annotation-api\2.1.1\jakarta.annotation-api-2.1.1.jar;E:\maven\apache-maven-3.9.9\mvn_resp\org\yaml\snakeyaml\1.33\snakeyaml-1.33.jar;E:\maven\apache-maven-3.9.9\mvn_resp\org\springframework\boot\spring-boot-starter-json\3.0.2\spring-boot-starter-json-3.0.2.jar;E:\maven\apache-maven-3.9.9\mvn_resp\com\fasterxml\jackson\datatype\jackson-datatype-jdk8\2.14.1\jackson-datatype-jdk8-2.14.1.jar;E:\maven\apache-maven-3.9.9\mvn_resp\com\fasterxml\jackson\module\jackson-module-parameter-names\2.14.1\jackson-module-parameter-names-2.14.1.jar;E:\maven\apache-maven-3.9.9\mvn_resp\org\springframework\boot\spring-boot-starter-tomcat\3.0.2\spring-boot-starter-tomcat-3.0.2.jar;E:\maven\apache-maven-3.9.9\mvn_resp\org\apache\tomcat\embed\tomcat-embed-core\10.1.5\tomcat-embed-core-10.1.5.jar;E:\maven\apache-maven-3.9.9\mvn_resp\org\apache\tomcat\embed\tomcat-embed-el\10.1.5\tomcat-embed-el-10.1.5.jar;E:\maven\apache-maven-3.9.9\mvn_resp\org\apache\tomcat\embed\tomcat-embed-websocket\10.1.5\tomcat-embed-websocket-10.1.5.jar;E:\maven\apache-maven-3.9.9\mvn_resp\org\springframework\spring-web\6.0.4\spring-web-6.0.4.jar;E:\maven\apache-maven-3.9.9\mvn_resp\org\springframework\spring-beans\6.0.4\spring-beans-6.0.4.jar;E:\maven\apache-maven-3.9.9\mvn_resp\io\micrometer\micrometer-observation\1.10.3\micrometer-observation-1.10.3.jar;E:\maven\apache-maven-3.9.9\mvn_resp\io\micrometer\micrometer-commons\1.10.3\micrometer-commons-1.10.3.jar;E:\maven\apache-maven-3.9.9\mvn_resp\org\springframework\spring-webmvc\6.0.4\spring-webmvc-6.0.4.jar;E:\maven\apache-maven-3.9.9\mvn_resp\org\springframework\spring-context\6.0.4\spring-context-6.0.4.jar;E:\maven\apache-maven-3.9.9\mvn_resp\org\springframework\spring-expression\6.0.4\spring-expression-6.0.4.jar;E:\maven\apache-maven-3.9.9\mvn_resp\org\springframework\boot\spring-boot-starter-test\3.0.2\spring-boot-starter-test-3.0.2.jar;E:\maven\apache-maven-3.9.9\mvn_resp\org\springframework\boot\spring-boot-test\3.0.2\spring-boot-test-3.0.2.jar;E:\maven\apache-maven-3.9.9\mvn_resp\org\springframework\boot\spring-boot-test-autoconfigure\3.0.2\spring-boot-test-autoconfigure-3.0.2.jar;E:\maven\apache-maven-3.9.9\mvn_resp\com\jayway\jsonpath\json-path\2.7.0\json-path-2.7.0.jar;E:\maven\apache-maven-3.9.9\mvn_resp\net\minidev\json-smart\2.4.8\json-smart-2.4.8.jar;E:\maven\apache-maven-3.9.9\mvn_resp\net\minidev\accessors-smart\2.4.8\accessors-smart-2.4.8.jar;E:\maven\apache-maven-3.9.9\mvn_resp\org\ow2\asm\asm\9.1\asm-9.1.jar;E:\maven\apache-maven-3.9.9\mvn_resp\jakarta\xml\bind\jakarta.xml.bind-api\4.0.0\jakarta.xml.bind-api-4.0.0.jar;E:\maven\apache-maven-3.9.9\mvn_resp\jakarta\activation\jakarta.activation-api\2.1.1\jakarta.activation-api-2.1.1.jar;E:\maven\apache-maven-3.9.9\mvn_resp\org\assertj\assertj-core\3.23.1\assertj-core-3.23.1.jar;E:\maven\apache-maven-3.9.9\mvn_resp\net\bytebuddy\byte-buddy\1.12.22\byte-buddy-1.12.22.jar;E:\maven\apache-maven-3.9.9\mvn_resp\org\hamcrest\hamcrest\2.2\hamcrest-2.2.jar;E:\maven\apache-maven-3.9.9\mvn_resp\org\junit\jupiter\junit-jupiter\5.9.2\junit-jupiter-5.9.2.jar;E:\maven\apache-maven-3.9.9\mvn_resp\org\junit\jupiter\junit-jupiter-api\5.9.2\junit-jupiter-api-5.9.2.jar;E:\maven\apache-maven-3.9.9\mvn_resp\org\opentest4j\opentest4j\1.2.0\opentest4j-1.2.0.jar;E:\maven\apache-maven-3.9.9\mvn_resp\org\junit\platform\junit-platform-commons\1.9.2\junit-platform-commons-1.9.2.jar;E:\maven\apache-maven-3.9.9\mvn_resp\org\apiguardian\apiguardian-api\1.1.2\apiguardian-api-1.1.2.jar;E:\maven\apache-maven-3.9.9\mvn_resp\org\junit\jupiter\junit-jupiter-params\5.9.2\junit-jupiter-params-5.9.2.jar;E:\maven\apache-maven-3.9.9\mvn_resp\org\junit\jupiter\junit-jupiter-engine\5.9.2\junit-jupiter-engine-5.9.2.jar;E:\maven\apache-maven-3.9.9\mvn_resp\org\junit\platform\junit-platform-engine\1.9.2\junit-platform-engine-1.9.2.jar;E:\maven\apache-maven-3.9.9\mvn_resp\org\mockito\mockito-core\4.8.1\mockito-core-4.8.1.jar;E:\maven\apache-maven-3.9.9\mvn_resp\net\bytebuddy\byte-buddy-agent\1.12.22\byte-buddy-agent-1.12.22.jar;E:\maven\apache-maven-3.9.9\mvn_resp\org\objenesis\objenesis\3.2\objenesis-3.2.jar;E:\maven\apache-maven-3.9.9\mvn_resp\org\mockito\mockito-junit-jupiter\4.8.1\mockito-junit-jupiter-4.8.1.jar;E:\maven\apache-maven-3.9.9\mvn_resp\org\skyscreamer\jsonassert\1.5.1\jsonassert-1.5.1.jar;E:\maven\apache-maven-3.9.9\mvn_resp\com\vaadin\external\google\android-json\0.0.20131108.vaadin1\android-json-0.0.20131108.vaadin1.jar;E:\maven\apache-maven-3.9.9\mvn_resp\org\springframework\spring-core\6.0.4\spring-core-6.0.4.jar;E:\maven\apache-maven-3.9.9\mvn_resp\org\springframework\spring-jcl\6.0.4\spring-jcl-6.0.4.jar;E:\maven\apache-maven-3.9.9\mvn_resp\org\springframework\spring-test\6.0.4\spring-test-6.0.4.jar;E:\maven\apache-maven-3.9.9\mvn_resp\org\xmlunit\xmlunit-core\2.9.1\xmlunit-core-2.9.1.jar;E:\maven\apache-maven-3.9.9\mvn_resp\org\mybatis\spring\boot\mybatis-spring-boot-starter\3.0.2\mybatis-spring-boot-starter-3.0.2.jar;E:\maven\apache-maven-3.9.9\mvn_resp\org\springframework\boot\spring-boot-starter-jdbc\3.0.2\spring-boot-starter-jdbc-3.0.2.jar;E:\maven\apache-maven-3.9.9\mvn_resp\com\zaxxer\HikariCP\5.0.1\HikariCP-5.0.1.jar;E:\maven\apache-maven-3.9.9\mvn_resp\org\springframework\spring-jdbc\6.0.4\spring-jdbc-6.0.4.jar;E:\maven\apache-maven-3.9.9\mvn_resp\org\springframework\spring-tx\6.0.4\spring-tx-6.0.4.jar;E:\maven\apache-maven-3.9.9\mvn_resp\org\mybatis\spring\boot\mybatis-spring-boot-autoconfigure\3.0.2\mybatis-spring-boot-autoconfigure-3.0.2.jar;E:\maven\apache-maven-3.9.9\mvn_resp\org\mybatis\mybatis\3.5.13\mybatis-3.5.13.jar;E:\maven\apache-maven-3.9.9\mvn_resp\org\mybatis\mybatis-spring\3.0.2\mybatis-spring-3.0.2.jar;E:\maven\apache-maven-3.9.9\mvn_resp\mysql\mysql-connector-java\8.0.29\mysql-connector-java-8.0.29.jar;E:\maven\apache-maven-3.9.9\mvn_resp\com\google\protobuf\protobuf-java\3.19.4\protobuf-java-3.19.4.jar;E:\maven\apache-maven-3.9.9\mvn_resp\com\alibaba\druid-spring-boot-3-starter\1.2.21\druid-spring-boot-3-starter-1.2.21.jar;E:\maven\apache-maven-3.9.9\mvn_resp\com\alibaba\druid\1.2.21\druid-1.2.21.jar;E:\maven\apache-maven-3.9.9\mvn_resp\org\slf4j\slf4j-api\2.0.6\slf4j-api-2.0.6.jar;"/>
    <property name="java.vm.vendor" value="Oracle Corporation"/>
    <property name="sun.arch.data.model" value="64"/>
    <property name="user.variant" value=""/>
    <property name="java.vendor.url" value="https://java.oracle.com/"/>
    <property name="user.timezone" value="Asia/Shanghai"/>
    <property name="os.name" value="Windows 10"/>
    <property name="java.vm.specification.version" value="17"/>
    <property name="sun.java.launcher" value="SUN_STANDARD"/>
    <property name="user.country" value="CN"/>
    <property name="sun.boot.library.path" value="E:\JDK\jdk17\bin"/>
    <property name="sun.java.command" value="C:\Users\58214\AppData\Local\Temp\surefire12095137446748698081\surefirebooter-20250402124816522_3.jar C:\Users\58214\AppData\Local\Temp\surefire12095137446748698081 2025-04-02T12-48-16_336-jvmRun1 surefire-20250402124816522_1tmp surefire_0-20250402124816522_2tmp"/>
    <property name="jdk.debug" value="release"/>
    <property name="surefire.test.class.path" value="E:\hashu\xiaohashu\xiaohashu-auth\target\test-classes;E:\hashu\xiaohashu\xiaohashu-auth\target\classes;E:\maven\apache-maven-3.9.9\mvn_resp\com\quanxiaoha\xiaoha-common\0.0.1-SNAPSHOT\xiaoha-common-0.0.1-SNAPSHOT.jar;E:\maven\apache-maven-3.9.9\mvn_resp\org\projectlombok\lombok\1.18.30\lombok-1.18.30.jar;E:\maven\apache-maven-3.9.9\mvn_resp\com\fasterxml\jackson\core\jackson-databind\2.16.1\jackson-databind-2.16.1.jar;E:\maven\apache-maven-3.9.9\mvn_resp\com\fasterxml\jackson\core\jackson-annotations\2.14.1\jackson-annotations-2.14.1.jar;E:\maven\apache-maven-3.9.9\mvn_resp\com\fasterxml\jackson\core\jackson-core\2.16.1\jackson-core-2.16.1.jar;E:\maven\apache-maven-3.9.9\mvn_resp\com\fasterxml\jackson\datatype\jackson-datatype-jsr310\2.14.1\jackson-datatype-jsr310-2.14.1.jar;E:\maven\apache-maven-3.9.9\mvn_resp\org\springframework\boot\spring-boot-starter-aop\3.0.2\spring-boot-starter-aop-3.0.2.jar;E:\maven\apache-maven-3.9.9\mvn_resp\org\springframework\spring-aop\6.0.4\spring-aop-6.0.4.jar;E:\maven\apache-maven-3.9.9\mvn_resp\org\aspectj\aspectjweaver\1.9.19\aspectjweaver-1.9.19.jar;E:\maven\apache-maven-3.9.9\mvn_resp\com\quanxiaoha\xiaoha-spring-boot-starter-biz-operationlog\0.0.1-SNAPSHOT\xiaoha-spring-boot-starter-biz-operationlog-0.0.1-SNAPSHOT.jar;E:\maven\apache-maven-3.9.9\mvn_resp\com\quanxiaoha\xiaoha-spring-boot-starter-jackson\0.0.1-SNAPSHOT\xiaoha-spring-boot-starter-jackson-0.0.1-SNAPSHOT.jar;E:\maven\apache-maven-3.9.9\mvn_resp\org\springframework\boot\spring-boot-autoconfigure\3.0.2\spring-boot-autoconfigure-3.0.2.jar;E:\maven\apache-maven-3.9.9\mvn_resp\org\springframework\boot\spring-boot\3.0.2\spring-boot-3.0.2.jar;E:\maven\apache-maven-3.9.9\mvn_resp\org\springframework\boot\spring-boot-starter-web\3.0.2\spring-boot-starter-web-3.0.2.jar;E:\maven\apache-maven-3.9.9\mvn_resp\org\springframework\boot\spring-boot-starter\3.0.2\spring-boot-starter-3.0.2.jar;E:\maven\apache-maven-3.9.9\mvn_resp\org\springframework\boot\spring-boot-starter-logging\3.0.2\spring-boot-starter-logging-3.0.2.jar;E:\maven\apache-maven-3.9.9\mvn_resp\ch\qos\logback\logback-classic\1.4.5\logback-classic-1.4.5.jar;E:\maven\apache-maven-3.9.9\mvn_resp\ch\qos\logback\logback-core\1.4.5\logback-core-1.4.5.jar;E:\maven\apache-maven-3.9.9\mvn_resp\org\apache\logging\log4j\log4j-to-slf4j\2.19.0\log4j-to-slf4j-2.19.0.jar;E:\maven\apache-maven-3.9.9\mvn_resp\org\apache\logging\log4j\log4j-api\2.19.0\log4j-api-2.19.0.jar;E:\maven\apache-maven-3.9.9\mvn_resp\org\slf4j\jul-to-slf4j\2.0.6\jul-to-slf4j-2.0.6.jar;E:\maven\apache-maven-3.9.9\mvn_resp\jakarta\annotation\jakarta.annotation-api\2.1.1\jakarta.annotation-api-2.1.1.jar;E:\maven\apache-maven-3.9.9\mvn_resp\org\yaml\snakeyaml\1.33\snakeyaml-1.33.jar;E:\maven\apache-maven-3.9.9\mvn_resp\org\springframework\boot\spring-boot-starter-json\3.0.2\spring-boot-starter-json-3.0.2.jar;E:\maven\apache-maven-3.9.9\mvn_resp\com\fasterxml\jackson\datatype\jackson-datatype-jdk8\2.14.1\jackson-datatype-jdk8-2.14.1.jar;E:\maven\apache-maven-3.9.9\mvn_resp\com\fasterxml\jackson\module\jackson-module-parameter-names\2.14.1\jackson-module-parameter-names-2.14.1.jar;E:\maven\apache-maven-3.9.9\mvn_resp\org\springframework\boot\spring-boot-starter-tomcat\3.0.2\spring-boot-starter-tomcat-3.0.2.jar;E:\maven\apache-maven-3.9.9\mvn_resp\org\apache\tomcat\embed\tomcat-embed-core\10.1.5\tomcat-embed-core-10.1.5.jar;E:\maven\apache-maven-3.9.9\mvn_resp\org\apache\tomcat\embed\tomcat-embed-el\10.1.5\tomcat-embed-el-10.1.5.jar;E:\maven\apache-maven-3.9.9\mvn_resp\org\apache\tomcat\embed\tomcat-embed-websocket\10.1.5\tomcat-embed-websocket-10.1.5.jar;E:\maven\apache-maven-3.9.9\mvn_resp\org\springframework\spring-web\6.0.4\spring-web-6.0.4.jar;E:\maven\apache-maven-3.9.9\mvn_resp\org\springframework\spring-beans\6.0.4\spring-beans-6.0.4.jar;E:\maven\apache-maven-3.9.9\mvn_resp\io\micrometer\micrometer-observation\1.10.3\micrometer-observation-1.10.3.jar;E:\maven\apache-maven-3.9.9\mvn_resp\io\micrometer\micrometer-commons\1.10.3\micrometer-commons-1.10.3.jar;E:\maven\apache-maven-3.9.9\mvn_resp\org\springframework\spring-webmvc\6.0.4\spring-webmvc-6.0.4.jar;E:\maven\apache-maven-3.9.9\mvn_resp\org\springframework\spring-context\6.0.4\spring-context-6.0.4.jar;E:\maven\apache-maven-3.9.9\mvn_resp\org\springframework\spring-expression\6.0.4\spring-expression-6.0.4.jar;E:\maven\apache-maven-3.9.9\mvn_resp\org\springframework\boot\spring-boot-starter-test\3.0.2\spring-boot-starter-test-3.0.2.jar;E:\maven\apache-maven-3.9.9\mvn_resp\org\springframework\boot\spring-boot-test\3.0.2\spring-boot-test-3.0.2.jar;E:\maven\apache-maven-3.9.9\mvn_resp\org\springframework\boot\spring-boot-test-autoconfigure\3.0.2\spring-boot-test-autoconfigure-3.0.2.jar;E:\maven\apache-maven-3.9.9\mvn_resp\com\jayway\jsonpath\json-path\2.7.0\json-path-2.7.0.jar;E:\maven\apache-maven-3.9.9\mvn_resp\net\minidev\json-smart\2.4.8\json-smart-2.4.8.jar;E:\maven\apache-maven-3.9.9\mvn_resp\net\minidev\accessors-smart\2.4.8\accessors-smart-2.4.8.jar;E:\maven\apache-maven-3.9.9\mvn_resp\org\ow2\asm\asm\9.1\asm-9.1.jar;E:\maven\apache-maven-3.9.9\mvn_resp\jakarta\xml\bind\jakarta.xml.bind-api\4.0.0\jakarta.xml.bind-api-4.0.0.jar;E:\maven\apache-maven-3.9.9\mvn_resp\jakarta\activation\jakarta.activation-api\2.1.1\jakarta.activation-api-2.1.1.jar;E:\maven\apache-maven-3.9.9\mvn_resp\org\assertj\assertj-core\3.23.1\assertj-core-3.23.1.jar;E:\maven\apache-maven-3.9.9\mvn_resp\net\bytebuddy\byte-buddy\1.12.22\byte-buddy-1.12.22.jar;E:\maven\apache-maven-3.9.9\mvn_resp\org\hamcrest\hamcrest\2.2\hamcrest-2.2.jar;E:\maven\apache-maven-3.9.9\mvn_resp\org\junit\jupiter\junit-jupiter\5.9.2\junit-jupiter-5.9.2.jar;E:\maven\apache-maven-3.9.9\mvn_resp\org\junit\jupiter\junit-jupiter-api\5.9.2\junit-jupiter-api-5.9.2.jar;E:\maven\apache-maven-3.9.9\mvn_resp\org\opentest4j\opentest4j\1.2.0\opentest4j-1.2.0.jar;E:\maven\apache-maven-3.9.9\mvn_resp\org\junit\platform\junit-platform-commons\1.9.2\junit-platform-commons-1.9.2.jar;E:\maven\apache-maven-3.9.9\mvn_resp\org\apiguardian\apiguardian-api\1.1.2\apiguardian-api-1.1.2.jar;E:\maven\apache-maven-3.9.9\mvn_resp\org\junit\jupiter\junit-jupiter-params\5.9.2\junit-jupiter-params-5.9.2.jar;E:\maven\apache-maven-3.9.9\mvn_resp\org\junit\jupiter\junit-jupiter-engine\5.9.2\junit-jupiter-engine-5.9.2.jar;E:\maven\apache-maven-3.9.9\mvn_resp\org\junit\platform\junit-platform-engine\1.9.2\junit-platform-engine-1.9.2.jar;E:\maven\apache-maven-3.9.9\mvn_resp\org\mockito\mockito-core\4.8.1\mockito-core-4.8.1.jar;E:\maven\apache-maven-3.9.9\mvn_resp\net\bytebuddy\byte-buddy-agent\1.12.22\byte-buddy-agent-1.12.22.jar;E:\maven\apache-maven-3.9.9\mvn_resp\org\objenesis\objenesis\3.2\objenesis-3.2.jar;E:\maven\apache-maven-3.9.9\mvn_resp\org\mockito\mockito-junit-jupiter\4.8.1\mockito-junit-jupiter-4.8.1.jar;E:\maven\apache-maven-3.9.9\mvn_resp\org\skyscreamer\jsonassert\1.5.1\jsonassert-1.5.1.jar;E:\maven\apache-maven-3.9.9\mvn_resp\com\vaadin\external\google\android-json\0.0.20131108.vaadin1\android-json-0.0.20131108.vaadin1.jar;E:\maven\apache-maven-3.9.9\mvn_resp\org\springframework\spring-core\6.0.4\spring-core-6.0.4.jar;E:\maven\apache-maven-3.9.9\mvn_resp\org\springframework\spring-jcl\6.0.4\spring-jcl-6.0.4.jar;E:\maven\apache-maven-3.9.9\mvn_resp\org\springframework\spring-test\6.0.4\spring-test-6.0.4.jar;E:\maven\apache-maven-3.9.9\mvn_resp\org\xmlunit\xmlunit-core\2.9.1\xmlunit-core-2.9.1.jar;E:\maven\apache-maven-3.9.9\mvn_resp\org\mybatis\spring\boot\mybatis-spring-boot-starter\3.0.2\mybatis-spring-boot-starter-3.0.2.jar;E:\maven\apache-maven-3.9.9\mvn_resp\org\springframework\boot\spring-boot-starter-jdbc\3.0.2\spring-boot-starter-jdbc-3.0.2.jar;E:\maven\apache-maven-3.9.9\mvn_resp\com\zaxxer\HikariCP\5.0.1\HikariCP-5.0.1.jar;E:\maven\apache-maven-3.9.9\mvn_resp\org\springframework\spring-jdbc\6.0.4\spring-jdbc-6.0.4.jar;E:\maven\apache-maven-3.9.9\mvn_resp\org\springframework\spring-tx\6.0.4\spring-tx-6.0.4.jar;E:\maven\apache-maven-3.9.9\mvn_resp\org\mybatis\spring\boot\mybatis-spring-boot-autoconfigure\3.0.2\mybatis-spring-boot-autoconfigure-3.0.2.jar;E:\maven\apache-maven-3.9.9\mvn_resp\org\mybatis\mybatis\3.5.13\mybatis-3.5.13.jar;E:\maven\apache-maven-3.9.9\mvn_resp\org\mybatis\mybatis-spring\3.0.2\mybatis-spring-3.0.2.jar;E:\maven\apache-maven-3.9.9\mvn_resp\mysql\mysql-connector-java\8.0.29\mysql-connector-java-8.0.29.jar;E:\maven\apache-maven-3.9.9\mvn_resp\com\google\protobuf\protobuf-java\3.19.4\protobuf-java-3.19.4.jar;E:\maven\apache-maven-3.9.9\mvn_resp\com\alibaba\druid-spring-boot-3-starter\1.2.21\druid-spring-boot-3-starter-1.2.21.jar;E:\maven\apache-maven-3.9.9\mvn_resp\com\alibaba\druid\1.2.21\druid-1.2.21.jar;E:\maven\apache-maven-3.9.9\mvn_resp\org\slf4j\slf4j-api\2.0.6\slf4j-api-2.0.6.jar;"/>
    <property name="sun.cpu.endian" value="little"/>
    <property name="user.home" value="C:\Users\58214"/>
    <property name="user.language" value="zh"/>
    <property name="java.specification.vendor" value="Oracle Corporation"/>
    <property name="java.version.date" value="2022-01-18"/>
    <property name="java.home" value="E:\JDK\jdk17"/>
    <property name="file.separator" value="\"/>
    <property name="basedir" value="E:\hashu\xiaohashu\xiaohashu-auth"/>
    <property name="java.vm.compressedOopsMode" value="Zero based"/>
    <property name="line.separator" value="&#10;"/>
    <property name="java.vm.specification.vendor" value="Oracle Corporation"/>
    <property name="java.specification.name" value="Java Platform API Specification"/>
    <property name="FILE_LOG_CHARSET" value="GBK"/>
    <property name="java.awt.headless" value="true"/>
    <property name="surefire.real.class.path" value="C:\Users\58214\AppData\Local\Temp\surefire12095137446748698081\surefirebooter-20250402124816522_3.jar"/>
    <property name="user.script" value=""/>
    <property name="sun.management.compiler" value="HotSpot 64-Bit Tiered Compilers"/>
    <property name="java.runtime.version" value="17.0.2+8-LTS-86"/>
    <property name="user.name" value="58214"/>
    <property name="path.separator" value=";"/>
    <property name="os.version" value="10.0"/>
    <property name="java.runtime.name" value="Java(TM) SE Runtime Environment"/>
    <property name="file.encoding" value="GBK"/>
    <property name="java.vm.name" value="Java HotSpot(TM) 64-Bit Server VM"/>
    <property name="localRepository" value="E:\maven\apache-maven-3.9.9\mvn_resp"/>
    <property name="java.vendor.url.bug" value="https://bugreport.java.com/bugreport/"/>
    <property name="java.io.tmpdir" value="C:\Users\58214\AppData\Local\Temp\"/>
    <property name="idea.version" value="2022.3.3"/>
    <property name="java.version" value="17.0.2"/>
    <property name="user.dir" value="E:\hashu\xiaohashu\xiaohashu-auth"/>
    <property name="os.arch" value="amd64"/>
    <property name="java.vm.specification.name" value="Java Virtual Machine Specification"/>
    <property name="PID" value="25452"/>
    <property name="sun.os.patch.level" value=""/>
    <property name="CONSOLE_LOG_CHARSET" value="GBK"/>
    <property name="native.encoding" value="GBK"/>
    <property name="java.library.path" value="E:\JDK\jdk17\bin;C:\Windows\Sun\Java\bin;C:\Windows\system32;C:\Windows;E:\vmware\bin\;E:\JDK\jdk17\bin;E:\mysql\MySQL Server8.0\bin;C:\Program Files\Common Files\Oracle\Java\javapath;C:\Windows\system32;C:\Windows;C:\Windows\System32\Wbem;C:\Windows\System32\WindowsPowerShell\v1.0\;C:\Windows\System32\OpenSSH\;C:\Program Files (x86)\NVIDIA Corporation\PhysX\Common;C:\Program Files\NVIDIA Corporation\NVIDIA NvDLISR;C:\Windows\system32;C:\Windows;C:\Windows\System32\Wbem;C:\Windows\System32\WindowsPowerShell\v1.0\;C:\Windows\System32\OpenSSH\;E:\\bin;C:\gopath\bin;E:\maven\apache-maven-3.9.9\bin;;C:\Program Files\Docker\Docker\resources\bin;C:\Users\58214\AppData\Local\Microsoft\WindowsApps;;E:\Idea\IntelliJ IDEA 2024.3.3\bin;;E:\datatrip\DataGrip 2024.3.5\bin;;."/>
    <property name="java.vm.info" value="mixed mode, sharing"/>
    <property name="java.vendor" value="Oracle Corporation"/>
    <property name="java.vm.version" value="17.0.2+8-LTS-86"/>
    <property name="sun.io.unicode.encoding" value="UnicodeLittle"/>
    <property name="maven.repo.local" value="E:\maven\apache-maven-3.9.9\mvn_resp"/>
    <property name="java.class.version" value="61.0"/>
  </properties>
  <testcase name="testDelete" classname="com.quanxiaoha.xiaohashu.auth.XiaohashuAuthApplicationTests" time="0.31">
    <system-out><![CDATA[2025-04-02T12:48:21.980+08:00  INFO 25452 --- [           main] t.c.s.AnnotationConfigContextLoaderUtils : Could not detect default configuration classes for test class [com.quanxiaoha.xiaohashu.auth.XiaohashuAuthApplicationTests]: XiaohashuAuthApplicationTests does not declare any static, non-private, non-final, nested classes annotated with @Configuration.
2025-04-02T12:48:21.982+08:00  INFO 25452 --- [           main] .b.t.c.SpringBootTestContextBootstrapper : Found @SpringBootConfiguration com.quanxiaoha.xiaohashu.auth.XiaohashuAuthApplication for test class com.quanxiaoha.xiaohashu.auth.XiaohashuAuthApplicationTests
2025-04-02T12:48:22.046+08:00 DEBUG 25452 --- [           main] c.q.x.a.d.m.U.deleteByPrimaryKey         : ==>  Preparing: delete from t_user where id = ?
2025-04-02T12:48:22.294+08:00 DEBUG 25452 --- [           main] c.q.x.a.d.m.U.deleteByPrimaryKey         : ==> Parameters: 4(Long)
2025-04-02T12:48:22.300+08:00 DEBUG 25452 --- [           main] c.q.x.a.d.m.U.deleteByPrimaryKey         : <==    Updates: 0
]]></system-out>
  </testcase>
  <testcase name="testInsert" classname="com.quanxiaoha.xiaohashu.auth.XiaohashuAuthApplicationTests" time="0.138">
    <system-out><![CDATA[2025-04-02T12:48:22.306+08:00 DEBUG 25452 --- [           main] c.q.x.a.d.mapper.UserDOMapper.insert     : ==>  Preparing: insert into t_user (id, username, create_time, update_time) values (?, ?, ?, ?)
2025-04-02T12:48:22.430+08:00 DEBUG 25452 --- [           main] c.q.x.a.d.mapper.UserDOMapper.insert     : ==> Parameters: null, 犬小哈(String), 2025-04-02T12:48:22.306482(LocalDateTime), 2025-04-02T12:48:22.306482(LocalDateTime)
2025-04-02T12:48:22.438+08:00 DEBUG 25452 --- [           main] c.q.x.a.d.mapper.UserDOMapper.insert     : <==    Updates: 1
]]></system-out>
  </testcase>
  <testcase name="testSelect" classname="com.quanxiaoha.xiaohashu.auth.XiaohashuAuthApplicationTests" time="0.104">
    <system-out><![CDATA[2025-04-02T12:48:22.453+08:00 DEBUG 25452 --- [           main] c.q.x.a.d.m.U.selectByPrimaryKey         : ==>  Preparing: select id, username, create_time, update_time from t_user where id = ?
2025-04-02T12:48:22.466+08:00 DEBUG 25452 --- [           main] c.q.x.a.d.m.U.selectByPrimaryKey         : ==> Parameters: 4(Long)
2025-04-02T12:48:22.502+08:00 DEBUG 25452 --- [           main] c.q.x.a.d.m.U.selectByPrimaryKey         : <==      Total: 1
2025-04-02T12:48:22.547+08:00  INFO 25452 --- [           main] c.q.x.a.XiaohashuAuthApplicationTests    : User: {"id":4,"username":"犬小哈","createTime":"2025-04-02 12:48:22","updateTime":"2025-04-02 12:48:22"}
]]></system-out>
  </testcase>
</testsuite>