<?xml version="1.0" encoding="UTF-8"?>
<testsuite xmlns:xsi="http://www.w3.org/2001/XMLSchema-instance" xsi:noNamespaceSchemaLocation="https://maven.apache.org/surefire/maven-surefire-plugin/xsd/surefire-test-report-3.0.xsd" version="3.0" name="com.quanxiaoha.xiaohashu.auth.DruidTests" time="8.453" tests="1" errors="0" skipped="0" failures="0">
  <properties>
    <property name="java.specification.version" value="17"/>
    <property name="sun.cpu.isalist" value="amd64"/>
    <property name="sun.jnu.encoding" value="GBK"/>
    <property name="java.class.path" value="E:\hashu\xiaohashu\xiaohashu-auth\target\test-classes;E:\hashu\xiaohashu\xiaohashu-auth\target\classes;E:\maven\apache-maven-3.9.9\mvn_resp\org\springframework\security\spring-security-crypto\6.0.1\spring-security-crypto-6.0.1.jar;E:\hashu\xiaohashu\xiaoha-framework\xiaoha-spring-boot-starter-biz-context\target\xiaoha-spring-boot-starter-biz-context-0.0.1-SNAPSHOT.jar;E:\maven\apache-maven-3.9.9\mvn_resp\org\springframework\boot\spring-boot-starter\3.0.2\spring-boot-starter-3.0.2.jar;E:\maven\apache-maven-3.9.9\mvn_resp\org\springframework\boot\spring-boot\3.0.2\spring-boot-3.0.2.jar;E:\maven\apache-maven-3.9.9\mvn_resp\org\springframework\boot\spring-boot-starter-logging\3.0.2\spring-boot-starter-logging-3.0.2.jar;E:\maven\apache-maven-3.9.9\mvn_resp\ch\qos\logback\logback-classic\1.4.5\logback-classic-1.4.5.jar;E:\maven\apache-maven-3.9.9\mvn_resp\ch\qos\logback\logback-core\1.4.5\logback-core-1.4.5.jar;E:\maven\apache-maven-3.9.9\mvn_resp\org\apache\logging\log4j\log4j-to-slf4j\2.19.0\log4j-to-slf4j-2.19.0.jar;E:\maven\apache-maven-3.9.9\mvn_resp\org\apache\logging\log4j\log4j-api\2.19.0\log4j-api-2.19.0.jar;E:\maven\apache-maven-3.9.9\mvn_resp\org\slf4j\jul-to-slf4j\2.0.6\jul-to-slf4j-2.0.6.jar;E:\maven\apache-maven-3.9.9\mvn_resp\org\yaml\snakeyaml\1.33\snakeyaml-1.33.jar;E:\maven\apache-maven-3.9.9\mvn_resp\org\springframework\spring-web\6.0.4\spring-web-6.0.4.jar;E:\maven\apache-maven-3.9.9\mvn_resp\org\springframework\spring-beans\6.0.4\spring-beans-6.0.4.jar;E:\maven\apache-maven-3.9.9\mvn_resp\io\micrometer\micrometer-observation\1.10.3\micrometer-observation-1.10.3.jar;E:\maven\apache-maven-3.9.9\mvn_resp\io\micrometer\micrometer-commons\1.10.3\micrometer-commons-1.10.3.jar;E:\maven\apache-maven-3.9.9\mvn_resp\jakarta\servlet\jakarta.servlet-api\6.0.0\jakarta.servlet-api-6.0.0.jar;E:\maven\apache-maven-3.9.9\mvn_resp\io\github\openfeign\feign-core\12.1\feign-core-12.1.jar;E:\maven\apache-maven-3.9.9\mvn_resp\com\alibaba\transmittable-thread-local\2.14.5\transmittable-thread-local-2.14.5.jar;E:\maven\apache-maven-3.9.9\mvn_resp\com\alibaba\cloud\spring-cloud-starter-alibaba-nacos-discovery\2022.0.0.0\spring-cloud-starter-alibaba-nacos-discovery-2022.0.0.0.jar;E:\maven\apache-maven-3.9.9\mvn_resp\com\alibaba\cloud\spring-cloud-alibaba-commons\2022.0.0.0\spring-cloud-alibaba-commons-2022.0.0.0.jar;E:\maven\apache-maven-3.9.9\mvn_resp\com\alibaba\nacos\nacos-client\2.2.1\nacos-client-2.2.1.jar;E:\maven\apache-maven-3.9.9\mvn_resp\com\alibaba\nacos\nacos-auth-plugin\2.2.1\nacos-auth-plugin-2.2.1.jar;E:\maven\apache-maven-3.9.9\mvn_resp\com\alibaba\nacos\nacos-encryption-plugin\2.2.1\nacos-encryption-plugin-2.2.1.jar;E:\maven\apache-maven-3.9.9\mvn_resp\commons-codec\commons-codec\1.15\commons-codec-1.15.jar;E:\maven\apache-maven-3.9.9\mvn_resp\org\apache\httpcomponents\httpasyncclient\4.1.5\httpasyncclient-4.1.5.jar;E:\maven\apache-maven-3.9.9\mvn_resp\org\apache\httpcomponents\httpcore\4.4.16\httpcore-4.4.16.jar;E:\maven\apache-maven-3.9.9\mvn_resp\org\apache\httpcomponents\httpcore-nio\4.4.16\httpcore-nio-4.4.16.jar;E:\maven\apache-maven-3.9.9\mvn_resp\org\apache\httpcomponents\httpclient\4.5.14\httpclient-4.5.14.jar;E:\maven\apache-maven-3.9.9\mvn_resp\io\prometheus\simpleclient\0.16.0\simpleclient-0.16.0.jar;E:\maven\apache-maven-3.9.9\mvn_resp\io\prometheus\simpleclient_tracer_otel\0.16.0\simpleclient_tracer_otel-0.16.0.jar;E:\maven\apache-maven-3.9.9\mvn_resp\io\prometheus\simpleclient_tracer_common\0.16.0\simpleclient_tracer_common-0.16.0.jar;E:\maven\apache-maven-3.9.9\mvn_resp\io\prometheus\simpleclient_tracer_otel_agent\0.16.0\simpleclient_tracer_otel_agent-0.16.0.jar;E:\maven\apache-maven-3.9.9\mvn_resp\com\alibaba\spring\spring-context-support\1.0.11\spring-context-support-1.0.11.jar;E:\maven\apache-maven-3.9.9\mvn_resp\org\springframework\cloud\spring-cloud-commons\4.0.0\spring-cloud-commons-4.0.0.jar;E:\maven\apache-maven-3.9.9\mvn_resp\org\springframework\cloud\spring-cloud-context\4.0.0\spring-cloud-context-4.0.0.jar;E:\maven\apache-maven-3.9.9\mvn_resp\com\alibaba\cloud\spring-cloud-starter-alibaba-nacos-config\2022.0.0.0\spring-cloud-starter-alibaba-nacos-config-2022.0.0.0.jar;E:\maven\apache-maven-3.9.9\mvn_resp\org\slf4j\slf4j-api\2.0.6\slf4j-api-2.0.6.jar;E:\maven\apache-maven-3.9.9\mvn_resp\jakarta\annotation\jakarta.annotation-api\2.1.1\jakarta.annotation-api-2.1.1.jar;E:\maven\apache-maven-3.9.9\mvn_resp\org\springframework\cloud\spring-cloud-starter-bootstrap\4.0.0\spring-cloud-starter-bootstrap-4.0.0.jar;E:\maven\apache-maven-3.9.9\mvn_resp\org\springframework\cloud\spring-cloud-starter\4.0.0\spring-cloud-starter-4.0.0.jar;E:\maven\apache-maven-3.9.9\mvn_resp\org\springframework\security\spring-security-rsa\1.0.11.RELEASE\spring-security-rsa-1.0.11.RELEASE.jar;E:\maven\apache-maven-3.9.9\mvn_resp\org\bouncycastle\bcpkix-jdk15on\1.69\bcpkix-jdk15on-1.69.jar;E:\maven\apache-maven-3.9.9\mvn_resp\org\bouncycastle\bcprov-jdk15on\1.69\bcprov-jdk15on-1.69.jar;E:\maven\apache-maven-3.9.9\mvn_resp\org\bouncycastle\bcutil-jdk15on\1.69\bcutil-jdk15on-1.69.jar;E:\maven\apache-maven-3.9.9\mvn_resp\cn\dev33\sa-token-redis-jackson\1.38.0\sa-token-redis-jackson-1.38.0.jar;E:\maven\apache-maven-3.9.9\mvn_resp\cn\dev33\sa-token-core\1.38.0\sa-token-core-1.38.0.jar;E:\maven\apache-maven-3.9.9\mvn_resp\org\apache\commons\commons-pool2\2.11.1\commons-pool2-2.11.1.jar;E:\maven\apache-maven-3.9.9\mvn_resp\com\aliyun\dysmsapi20170525\3.1.1\dysmsapi20170525-3.1.1.jar;E:\maven\apache-maven-3.9.9\mvn_resp\com\aliyun\tea-util\0.2.23\tea-util-0.2.23.jar;E:\maven\apache-maven-3.9.9\mvn_resp\com\google\code\gson\gson\2.9.1\gson-2.9.1.jar;E:\maven\apache-maven-3.9.9\mvn_resp\com\aliyun\endpoint-util\0.0.7\endpoint-util-0.0.7.jar;E:\maven\apache-maven-3.9.9\mvn_resp\com\aliyun\tea\1.3.1\tea-1.3.1.jar;E:\maven\apache-maven-3.9.9\mvn_resp\com\squareup\okhttp3\okhttp\4.10.0\okhttp-4.10.0.jar;E:\maven\apache-maven-3.9.9\mvn_resp\com\squareup\okio\okio-jvm\3.0.0\okio-jvm-3.0.0.jar;E:\maven\apache-maven-3.9.9\mvn_resp\org\jetbrains\kotlin\kotlin-stdlib-jdk8\1.7.22\kotlin-stdlib-jdk8-1.7.22.jar;E:\maven\apache-maven-3.9.9\mvn_resp\org\jetbrains\kotlin\kotlin-stdlib-jdk7\1.7.22\kotlin-stdlib-jdk7-1.7.22.jar;E:\maven\apache-maven-3.9.9\mvn_resp\org\jetbrains\kotlin\kotlin-stdlib-common\1.7.22\kotlin-stdlib-common-1.7.22.jar;E:\maven\apache-maven-3.9.9\mvn_resp\org\jetbrains\kotlin\kotlin-stdlib\1.7.22\kotlin-stdlib-1.7.22.jar;E:\maven\apache-maven-3.9.9\mvn_resp\org\jetbrains\annotations\13.0\annotations-13.0.jar;E:\maven\apache-maven-3.9.9\mvn_resp\com\aliyun\tea-openapi\0.3.6\tea-openapi-0.3.6.jar;E:\maven\apache-maven-3.9.9\mvn_resp\com\aliyun\credentials-java\0.3.10\credentials-java-0.3.10.jar;E:\maven\apache-maven-3.9.9\mvn_resp\org\ini4j\ini4j\0.5.4\ini4j-0.5.4.jar;E:\maven\apache-maven-3.9.9\mvn_resp\javax\xml\bind\jaxb-api\2.3.0\jaxb-api-2.3.0.jar;E:\maven\apache-maven-3.9.9\mvn_resp\com\sun\xml\bind\jaxb-core\4.0.1\jaxb-core-4.0.1.jar;E:\maven\apache-maven-3.9.9\mvn_resp\org\eclipse\angus\angus-activation\1.0.0\angus-activation-1.0.0.jar;E:\maven\apache-maven-3.9.9\mvn_resp\com\sun\xml\bind\jaxb-impl\4.0.1\jaxb-impl-4.0.1.jar;E:\maven\apache-maven-3.9.9\mvn_resp\com\aliyun\alibabacloud-gateway-spi\0.0.2\alibabacloud-gateway-spi-0.0.2.jar;E:\maven\apache-maven-3.9.9\mvn_resp\com\aliyun\tea-xml\0.1.6\tea-xml-0.1.6.jar;E:\maven\apache-maven-3.9.9\mvn_resp\org\dom4j\dom4j\2.0.3\dom4j-2.0.3.jar;E:\maven\apache-maven-3.9.9\mvn_resp\org\jacoco\org.jacoco.agent\0.8.4\org.jacoco.agent-0.8.4-runtime.jar;E:\maven\apache-maven-3.9.9\mvn_resp\com\aliyun\openapiutil\0.2.2\openapiutil-0.2.2.jar;E:\maven\apache-maven-3.9.9\mvn_resp\org\bouncycastle\bcprov-jdk18on\1.78.1\bcprov-jdk18on-1.78.1.jar;E:\maven\apache-maven-3.9.9\mvn_resp\org\springframework\boot\spring-boot-starter-data-redis\3.0.2\spring-boot-starter-data-redis-3.0.2.jar;E:\maven\apache-maven-3.9.9\mvn_resp\org\springframework\data\spring-data-redis\3.0.1\spring-data-redis-3.0.1.jar;E:\maven\apache-maven-3.9.9\mvn_resp\org\springframework\data\spring-data-keyvalue\3.0.1\spring-data-keyvalue-3.0.1.jar;E:\maven\apache-maven-3.9.9\mvn_resp\org\springframework\data\spring-data-commons\3.0.1\spring-data-commons-3.0.1.jar;E:\maven\apache-maven-3.9.9\mvn_resp\org\springframework\spring-tx\6.0.4\spring-tx-6.0.4.jar;E:\maven\apache-maven-3.9.9\mvn_resp\org\springframework\spring-oxm\6.0.4\spring-oxm-6.0.4.jar;E:\maven\apache-maven-3.9.9\mvn_resp\org\springframework\spring-aop\6.0.4\spring-aop-6.0.4.jar;E:\maven\apache-maven-3.9.9\mvn_resp\org\springframework\spring-context-support\6.0.4\spring-context-support-6.0.4.jar;E:\maven\apache-maven-3.9.9\mvn_resp\io\lettuce\lettuce-core\6.2.2.RELEASE\lettuce-core-6.2.2.RELEASE.jar;E:\maven\apache-maven-3.9.9\mvn_resp\io\netty\netty-common\4.1.87.Final\netty-common-4.1.87.Final.jar;E:\maven\apache-maven-3.9.9\mvn_resp\io\netty\netty-handler\4.1.87.Final\netty-handler-4.1.87.Final.jar;E:\maven\apache-maven-3.9.9\mvn_resp\io\netty\netty-resolver\4.1.87.Final\netty-resolver-4.1.87.Final.jar;E:\maven\apache-maven-3.9.9\mvn_resp\io\netty\netty-buffer\4.1.87.Final\netty-buffer-4.1.87.Final.jar;E:\maven\apache-maven-3.9.9\mvn_resp\io\netty\netty-transport-native-unix-common\4.1.87.Final\netty-transport-native-unix-common-4.1.87.Final.jar;E:\maven\apache-maven-3.9.9\mvn_resp\io\netty\netty-codec\4.1.87.Final\netty-codec-4.1.87.Final.jar;E:\maven\apache-maven-3.9.9\mvn_resp\io\netty\netty-transport\4.1.87.Final\netty-transport-4.1.87.Final.jar;E:\maven\apache-maven-3.9.9\mvn_resp\io\projectreactor\reactor-core\3.5.2\reactor-core-3.5.2.jar;E:\maven\apache-maven-3.9.9\mvn_resp\org\reactivestreams\reactive-streams\1.0.4\reactive-streams-1.0.4.jar;E:\maven\apache-maven-3.9.9\mvn_resp\cn\dev33\sa-token-spring-boot3-starter\1.38.0\sa-token-spring-boot3-starter-1.38.0.jar;E:\maven\apache-maven-3.9.9\mvn_resp\cn\dev33\sa-token-jakarta-servlet\1.38.0\sa-token-jakarta-servlet-1.38.0.jar;E:\maven\apache-maven-3.9.9\mvn_resp\cn\dev33\sa-token-spring-boot-autoconfig\1.38.0\sa-token-spring-boot-autoconfig-1.38.0.jar;E:\hashu\xiaohashu\xiaoha-framework\xiaoha-common\target\xiaoha-common-0.0.1-SNAPSHOT.jar;E:\maven\apache-maven-3.9.9\mvn_resp\com\google\guava\guava\33.0.0-jre\guava-33.0.0-jre.jar;E:\maven\apache-maven-3.9.9\mvn_resp\com\google\guava\failureaccess\1.0.2\failureaccess-1.0.2.jar;E:\maven\apache-maven-3.9.9\mvn_resp\com\google\guava\listenablefuture\9999.0-empty-to-avoid-conflict-with-guava\listenablefuture-9999.0-empty-to-avoid-conflict-with-guava.jar;E:\maven\apache-maven-3.9.9\mvn_resp\com\google\code\findbugs\jsr305\3.0.2\jsr305-3.0.2.jar;E:\maven\apache-maven-3.9.9\mvn_resp\org\checkerframework\checker-qual\3.41.0\checker-qual-3.41.0.jar;E:\maven\apache-maven-3.9.9\mvn_resp\com\google\errorprone\error_prone_annotations\2.23.0\error_prone_annotations-2.23.0.jar;E:\maven\apache-maven-3.9.9\mvn_resp\com\google\j2objc\j2objc-annotations\2.8\j2objc-annotations-2.8.jar;E:\maven\apache-maven-3.9.9\mvn_resp\cn\hutool\hutool-all\5.8.26\hutool-all-5.8.26.jar;E:\maven\apache-maven-3.9.9\mvn_resp\org\apache\commons\commons-lang3\3.12.0\commons-lang3-3.12.0.jar;E:\maven\apache-maven-3.9.9\mvn_resp\org\projectlombok\lombok\1.18.30\lombok-1.18.30.jar;E:\maven\apache-maven-3.9.9\mvn_resp\com\fasterxml\jackson\core\jackson-databind\2.16.1\jackson-databind-2.16.1.jar;E:\maven\apache-maven-3.9.9\mvn_resp\com\fasterxml\jackson\core\jackson-annotations\2.14.1\jackson-annotations-2.14.1.jar;E:\maven\apache-maven-3.9.9\mvn_resp\com\fasterxml\jackson\core\jackson-core\2.16.1\jackson-core-2.16.1.jar;E:\maven\apache-maven-3.9.9\mvn_resp\com\fasterxml\jackson\datatype\jackson-datatype-jsr310\2.14.1\jackson-datatype-jsr310-2.14.1.jar;E:\maven\apache-maven-3.9.9\mvn_resp\org\springframework\boot\spring-boot-starter-aop\3.0.2\spring-boot-starter-aop-3.0.2.jar;E:\maven\apache-maven-3.9.9\mvn_resp\org\aspectj\aspectjweaver\1.9.19\aspectjweaver-1.9.19.jar;E:\maven\apache-maven-3.9.9\mvn_resp\jakarta\validation\jakarta.validation-api\3.0.2\jakarta.validation-api-3.0.2.jar;E:\maven\apache-maven-3.9.9\mvn_resp\org\hibernate\validator\hibernate-validator\8.0.0.Final\hibernate-validator-8.0.0.Final.jar;E:\maven\apache-maven-3.9.9\mvn_resp\org\jboss\logging\jboss-logging\3.5.0.Final\jboss-logging-3.5.0.Final.jar;E:\maven\apache-maven-3.9.9\mvn_resp\com\fasterxml\classmate\1.5.1\classmate-1.5.1.jar;E:\hashu\xiaohashu\xiaoha-framework\xiaoha-spring-boot-starter-biz-operationlog\target\xiaoha-spring-boot-starter-biz-operationlog-0.0.1-SNAPSHOT.jar;E:\hashu\xiaohashu\xiaoha-framework\xiaoha-spring-boot-starter-jackson\target\xiaoha-spring-boot-starter-jackson-0.0.1-SNAPSHOT.jar;E:\maven\apache-maven-3.9.9\mvn_resp\org\springframework\boot\spring-boot-autoconfigure\3.0.2\spring-boot-autoconfigure-3.0.2.jar;E:\maven\apache-maven-3.9.9\mvn_resp\org\springframework\boot\spring-boot-starter-web\3.0.2\spring-boot-starter-web-3.0.2.jar;E:\maven\apache-maven-3.9.9\mvn_resp\org\springframework\boot\spring-boot-starter-json\3.0.2\spring-boot-starter-json-3.0.2.jar;E:\maven\apache-maven-3.9.9\mvn_resp\com\fasterxml\jackson\datatype\jackson-datatype-jdk8\2.14.1\jackson-datatype-jdk8-2.14.1.jar;E:\maven\apache-maven-3.9.9\mvn_resp\com\fasterxml\jackson\module\jackson-module-parameter-names\2.14.1\jackson-module-parameter-names-2.14.1.jar;E:\maven\apache-maven-3.9.9\mvn_resp\org\springframework\boot\spring-boot-starter-tomcat\3.0.2\spring-boot-starter-tomcat-3.0.2.jar;E:\maven\apache-maven-3.9.9\mvn_resp\org\apache\tomcat\embed\tomcat-embed-core\10.1.5\tomcat-embed-core-10.1.5.jar;E:\maven\apache-maven-3.9.9\mvn_resp\org\apache\tomcat\embed\tomcat-embed-el\10.1.5\tomcat-embed-el-10.1.5.jar;E:\maven\apache-maven-3.9.9\mvn_resp\org\apache\tomcat\embed\tomcat-embed-websocket\10.1.5\tomcat-embed-websocket-10.1.5.jar;E:\maven\apache-maven-3.9.9\mvn_resp\org\springframework\spring-webmvc\6.0.4\spring-webmvc-6.0.4.jar;E:\maven\apache-maven-3.9.9\mvn_resp\org\springframework\spring-context\6.0.4\spring-context-6.0.4.jar;E:\maven\apache-maven-3.9.9\mvn_resp\org\springframework\spring-expression\6.0.4\spring-expression-6.0.4.jar;E:\maven\apache-maven-3.9.9\mvn_resp\org\springframework\boot\spring-boot-starter-test\3.0.2\spring-boot-starter-test-3.0.2.jar;E:\maven\apache-maven-3.9.9\mvn_resp\org\springframework\boot\spring-boot-test\3.0.2\spring-boot-test-3.0.2.jar;E:\maven\apache-maven-3.9.9\mvn_resp\org\springframework\boot\spring-boot-test-autoconfigure\3.0.2\spring-boot-test-autoconfigure-3.0.2.jar;E:\maven\apache-maven-3.9.9\mvn_resp\com\jayway\jsonpath\json-path\2.7.0\json-path-2.7.0.jar;E:\maven\apache-maven-3.9.9\mvn_resp\net\minidev\json-smart\2.4.8\json-smart-2.4.8.jar;E:\maven\apache-maven-3.9.9\mvn_resp\net\minidev\accessors-smart\2.4.8\accessors-smart-2.4.8.jar;E:\maven\apache-maven-3.9.9\mvn_resp\org\ow2\asm\asm\9.1\asm-9.1.jar;E:\maven\apache-maven-3.9.9\mvn_resp\jakarta\xml\bind\jakarta.xml.bind-api\4.0.0\jakarta.xml.bind-api-4.0.0.jar;E:\maven\apache-maven-3.9.9\mvn_resp\jakarta\activation\jakarta.activation-api\2.1.1\jakarta.activation-api-2.1.1.jar;E:\maven\apache-maven-3.9.9\mvn_resp\org\assertj\assertj-core\3.23.1\assertj-core-3.23.1.jar;E:\maven\apache-maven-3.9.9\mvn_resp\net\bytebuddy\byte-buddy\1.12.22\byte-buddy-1.12.22.jar;E:\maven\apache-maven-3.9.9\mvn_resp\org\hamcrest\hamcrest\2.2\hamcrest-2.2.jar;E:\maven\apache-maven-3.9.9\mvn_resp\org\junit\jupiter\junit-jupiter\5.9.2\junit-jupiter-5.9.2.jar;E:\maven\apache-maven-3.9.9\mvn_resp\org\junit\jupiter\junit-jupiter-api\5.9.2\junit-jupiter-api-5.9.2.jar;E:\maven\apache-maven-3.9.9\mvn_resp\org\opentest4j\opentest4j\1.2.0\opentest4j-1.2.0.jar;E:\maven\apache-maven-3.9.9\mvn_resp\org\junit\platform\junit-platform-commons\1.9.2\junit-platform-commons-1.9.2.jar;E:\maven\apache-maven-3.9.9\mvn_resp\org\apiguardian\apiguardian-api\1.1.2\apiguardian-api-1.1.2.jar;E:\maven\apache-maven-3.9.9\mvn_resp\org\junit\jupiter\junit-jupiter-params\5.9.2\junit-jupiter-params-5.9.2.jar;E:\maven\apache-maven-3.9.9\mvn_resp\org\junit\jupiter\junit-jupiter-engine\5.9.2\junit-jupiter-engine-5.9.2.jar;E:\maven\apache-maven-3.9.9\mvn_resp\org\junit\platform\junit-platform-engine\1.9.2\junit-platform-engine-1.9.2.jar;E:\maven\apache-maven-3.9.9\mvn_resp\org\mockito\mockito-core\4.8.1\mockito-core-4.8.1.jar;E:\maven\apache-maven-3.9.9\mvn_resp\net\bytebuddy\byte-buddy-agent\1.12.22\byte-buddy-agent-1.12.22.jar;E:\maven\apache-maven-3.9.9\mvn_resp\org\objenesis\objenesis\3.2\objenesis-3.2.jar;E:\maven\apache-maven-3.9.9\mvn_resp\org\mockito\mockito-junit-jupiter\4.8.1\mockito-junit-jupiter-4.8.1.jar;E:\maven\apache-maven-3.9.9\mvn_resp\org\skyscreamer\jsonassert\1.5.1\jsonassert-1.5.1.jar;E:\maven\apache-maven-3.9.9\mvn_resp\com\vaadin\external\google\android-json\0.0.20131108.vaadin1\android-json-0.0.20131108.vaadin1.jar;E:\maven\apache-maven-3.9.9\mvn_resp\org\springframework\spring-core\6.0.4\spring-core-6.0.4.jar;E:\maven\apache-maven-3.9.9\mvn_resp\org\springframework\spring-jcl\6.0.4\spring-jcl-6.0.4.jar;E:\maven\apache-maven-3.9.9\mvn_resp\org\springframework\spring-test\6.0.4\spring-test-6.0.4.jar;E:\maven\apache-maven-3.9.9\mvn_resp\org\xmlunit\xmlunit-core\2.9.1\xmlunit-core-2.9.1.jar;E:\maven\apache-maven-3.9.9\mvn_resp\org\mybatis\spring\boot\mybatis-spring-boot-starter\3.0.2\mybatis-spring-boot-starter-3.0.2.jar;E:\maven\apache-maven-3.9.9\mvn_resp\org\springframework\boot\spring-boot-starter-jdbc\3.0.2\spring-boot-starter-jdbc-3.0.2.jar;E:\maven\apache-maven-3.9.9\mvn_resp\com\zaxxer\HikariCP\5.0.1\HikariCP-5.0.1.jar;E:\maven\apache-maven-3.9.9\mvn_resp\org\springframework\spring-jdbc\6.0.4\spring-jdbc-6.0.4.jar;E:\maven\apache-maven-3.9.9\mvn_resp\org\mybatis\spring\boot\mybatis-spring-boot-autoconfigure\3.0.2\mybatis-spring-boot-autoconfigure-3.0.2.jar;E:\maven\apache-maven-3.9.9\mvn_resp\org\mybatis\mybatis\3.5.13\mybatis-3.5.13.jar;E:\maven\apache-maven-3.9.9\mvn_resp\org\mybatis\mybatis-spring\3.0.2\mybatis-spring-3.0.2.jar;E:\maven\apache-maven-3.9.9\mvn_resp\mysql\mysql-connector-java\8.0.29\mysql-connector-java-8.0.29.jar;E:\maven\apache-maven-3.9.9\mvn_resp\com\google\protobuf\protobuf-java\3.19.4\protobuf-java-3.19.4.jar;E:\maven\apache-maven-3.9.9\mvn_resp\com\alibaba\druid-spring-boot-3-starter\1.2.23\druid-spring-boot-3-starter-1.2.23.jar;E:\maven\apache-maven-3.9.9\mvn_resp\com\alibaba\druid\1.2.23\druid-1.2.23.jar;"/>
    <property name="java.vm.vendor" value="Oracle Corporation"/>
    <property name="sun.arch.data.model" value="64"/>
    <property name="user.variant" value=""/>
    <property name="java.vendor.url" value="https://java.oracle.com/"/>
    <property name="user.timezone" value="Asia/Shanghai"/>
    <property name="org.jboss.logging.provider" value="slf4j"/>
    <property name="os.name" value="Windows 10"/>
    <property name="java.vm.specification.version" value="17"/>
    <property name="sun.java.launcher" value="SUN_STANDARD"/>
    <property name="user.country" value="CN"/>
    <property name="sun.boot.library.path" value="E:\JDK\jdk17\bin"/>
    <property name="sun.java.command" value="C:\Users\58214\AppData\Local\Temp\surefire8544645412688369156\surefirebooter-20250413221948398_3.jar C:\Users\58214\AppData\Local\Temp\surefire8544645412688369156 2025-04-13T22-19-43_748-jvmRun1 surefire-20250413221948398_1tmp surefire_0-20250413221948398_2tmp"/>
    <property name="jdk.debug" value="release"/>
    <property name="surefire.test.class.path" value="E:\hashu\xiaohashu\xiaohashu-auth\target\test-classes;E:\hashu\xiaohashu\xiaohashu-auth\target\classes;E:\maven\apache-maven-3.9.9\mvn_resp\org\springframework\security\spring-security-crypto\6.0.1\spring-security-crypto-6.0.1.jar;E:\hashu\xiaohashu\xiaoha-framework\xiaoha-spring-boot-starter-biz-context\target\xiaoha-spring-boot-starter-biz-context-0.0.1-SNAPSHOT.jar;E:\maven\apache-maven-3.9.9\mvn_resp\org\springframework\boot\spring-boot-starter\3.0.2\spring-boot-starter-3.0.2.jar;E:\maven\apache-maven-3.9.9\mvn_resp\org\springframework\boot\spring-boot\3.0.2\spring-boot-3.0.2.jar;E:\maven\apache-maven-3.9.9\mvn_resp\org\springframework\boot\spring-boot-starter-logging\3.0.2\spring-boot-starter-logging-3.0.2.jar;E:\maven\apache-maven-3.9.9\mvn_resp\ch\qos\logback\logback-classic\1.4.5\logback-classic-1.4.5.jar;E:\maven\apache-maven-3.9.9\mvn_resp\ch\qos\logback\logback-core\1.4.5\logback-core-1.4.5.jar;E:\maven\apache-maven-3.9.9\mvn_resp\org\apache\logging\log4j\log4j-to-slf4j\2.19.0\log4j-to-slf4j-2.19.0.jar;E:\maven\apache-maven-3.9.9\mvn_resp\org\apache\logging\log4j\log4j-api\2.19.0\log4j-api-2.19.0.jar;E:\maven\apache-maven-3.9.9\mvn_resp\org\slf4j\jul-to-slf4j\2.0.6\jul-to-slf4j-2.0.6.jar;E:\maven\apache-maven-3.9.9\mvn_resp\org\yaml\snakeyaml\1.33\snakeyaml-1.33.jar;E:\maven\apache-maven-3.9.9\mvn_resp\org\springframework\spring-web\6.0.4\spring-web-6.0.4.jar;E:\maven\apache-maven-3.9.9\mvn_resp\org\springframework\spring-beans\6.0.4\spring-beans-6.0.4.jar;E:\maven\apache-maven-3.9.9\mvn_resp\io\micrometer\micrometer-observation\1.10.3\micrometer-observation-1.10.3.jar;E:\maven\apache-maven-3.9.9\mvn_resp\io\micrometer\micrometer-commons\1.10.3\micrometer-commons-1.10.3.jar;E:\maven\apache-maven-3.9.9\mvn_resp\jakarta\servlet\jakarta.servlet-api\6.0.0\jakarta.servlet-api-6.0.0.jar;E:\maven\apache-maven-3.9.9\mvn_resp\io\github\openfeign\feign-core\12.1\feign-core-12.1.jar;E:\maven\apache-maven-3.9.9\mvn_resp\com\alibaba\transmittable-thread-local\2.14.5\transmittable-thread-local-2.14.5.jar;E:\maven\apache-maven-3.9.9\mvn_resp\com\alibaba\cloud\spring-cloud-starter-alibaba-nacos-discovery\2022.0.0.0\spring-cloud-starter-alibaba-nacos-discovery-2022.0.0.0.jar;E:\maven\apache-maven-3.9.9\mvn_resp\com\alibaba\cloud\spring-cloud-alibaba-commons\2022.0.0.0\spring-cloud-alibaba-commons-2022.0.0.0.jar;E:\maven\apache-maven-3.9.9\mvn_resp\com\alibaba\nacos\nacos-client\2.2.1\nacos-client-2.2.1.jar;E:\maven\apache-maven-3.9.9\mvn_resp\com\alibaba\nacos\nacos-auth-plugin\2.2.1\nacos-auth-plugin-2.2.1.jar;E:\maven\apache-maven-3.9.9\mvn_resp\com\alibaba\nacos\nacos-encryption-plugin\2.2.1\nacos-encryption-plugin-2.2.1.jar;E:\maven\apache-maven-3.9.9\mvn_resp\commons-codec\commons-codec\1.15\commons-codec-1.15.jar;E:\maven\apache-maven-3.9.9\mvn_resp\org\apache\httpcomponents\httpasyncclient\4.1.5\httpasyncclient-4.1.5.jar;E:\maven\apache-maven-3.9.9\mvn_resp\org\apache\httpcomponents\httpcore\4.4.16\httpcore-4.4.16.jar;E:\maven\apache-maven-3.9.9\mvn_resp\org\apache\httpcomponents\httpcore-nio\4.4.16\httpcore-nio-4.4.16.jar;E:\maven\apache-maven-3.9.9\mvn_resp\org\apache\httpcomponents\httpclient\4.5.14\httpclient-4.5.14.jar;E:\maven\apache-maven-3.9.9\mvn_resp\io\prometheus\simpleclient\0.16.0\simpleclient-0.16.0.jar;E:\maven\apache-maven-3.9.9\mvn_resp\io\prometheus\simpleclient_tracer_otel\0.16.0\simpleclient_tracer_otel-0.16.0.jar;E:\maven\apache-maven-3.9.9\mvn_resp\io\prometheus\simpleclient_tracer_common\0.16.0\simpleclient_tracer_common-0.16.0.jar;E:\maven\apache-maven-3.9.9\mvn_resp\io\prometheus\simpleclient_tracer_otel_agent\0.16.0\simpleclient_tracer_otel_agent-0.16.0.jar;E:\maven\apache-maven-3.9.9\mvn_resp\com\alibaba\spring\spring-context-support\1.0.11\spring-context-support-1.0.11.jar;E:\maven\apache-maven-3.9.9\mvn_resp\org\springframework\cloud\spring-cloud-commons\4.0.0\spring-cloud-commons-4.0.0.jar;E:\maven\apache-maven-3.9.9\mvn_resp\org\springframework\cloud\spring-cloud-context\4.0.0\spring-cloud-context-4.0.0.jar;E:\maven\apache-maven-3.9.9\mvn_resp\com\alibaba\cloud\spring-cloud-starter-alibaba-nacos-config\2022.0.0.0\spring-cloud-starter-alibaba-nacos-config-2022.0.0.0.jar;E:\maven\apache-maven-3.9.9\mvn_resp\org\slf4j\slf4j-api\2.0.6\slf4j-api-2.0.6.jar;E:\maven\apache-maven-3.9.9\mvn_resp\jakarta\annotation\jakarta.annotation-api\2.1.1\jakarta.annotation-api-2.1.1.jar;E:\maven\apache-maven-3.9.9\mvn_resp\org\springframework\cloud\spring-cloud-starter-bootstrap\4.0.0\spring-cloud-starter-bootstrap-4.0.0.jar;E:\maven\apache-maven-3.9.9\mvn_resp\org\springframework\cloud\spring-cloud-starter\4.0.0\spring-cloud-starter-4.0.0.jar;E:\maven\apache-maven-3.9.9\mvn_resp\org\springframework\security\spring-security-rsa\1.0.11.RELEASE\spring-security-rsa-1.0.11.RELEASE.jar;E:\maven\apache-maven-3.9.9\mvn_resp\org\bouncycastle\bcpkix-jdk15on\1.69\bcpkix-jdk15on-1.69.jar;E:\maven\apache-maven-3.9.9\mvn_resp\org\bouncycastle\bcprov-jdk15on\1.69\bcprov-jdk15on-1.69.jar;E:\maven\apache-maven-3.9.9\mvn_resp\org\bouncycastle\bcutil-jdk15on\1.69\bcutil-jdk15on-1.69.jar;E:\maven\apache-maven-3.9.9\mvn_resp\cn\dev33\sa-token-redis-jackson\1.38.0\sa-token-redis-jackson-1.38.0.jar;E:\maven\apache-maven-3.9.9\mvn_resp\cn\dev33\sa-token-core\1.38.0\sa-token-core-1.38.0.jar;E:\maven\apache-maven-3.9.9\mvn_resp\org\apache\commons\commons-pool2\2.11.1\commons-pool2-2.11.1.jar;E:\maven\apache-maven-3.9.9\mvn_resp\com\aliyun\dysmsapi20170525\3.1.1\dysmsapi20170525-3.1.1.jar;E:\maven\apache-maven-3.9.9\mvn_resp\com\aliyun\tea-util\0.2.23\tea-util-0.2.23.jar;E:\maven\apache-maven-3.9.9\mvn_resp\com\google\code\gson\gson\2.9.1\gson-2.9.1.jar;E:\maven\apache-maven-3.9.9\mvn_resp\com\aliyun\endpoint-util\0.0.7\endpoint-util-0.0.7.jar;E:\maven\apache-maven-3.9.9\mvn_resp\com\aliyun\tea\1.3.1\tea-1.3.1.jar;E:\maven\apache-maven-3.9.9\mvn_resp\com\squareup\okhttp3\okhttp\4.10.0\okhttp-4.10.0.jar;E:\maven\apache-maven-3.9.9\mvn_resp\com\squareup\okio\okio-jvm\3.0.0\okio-jvm-3.0.0.jar;E:\maven\apache-maven-3.9.9\mvn_resp\org\jetbrains\kotlin\kotlin-stdlib-jdk8\1.7.22\kotlin-stdlib-jdk8-1.7.22.jar;E:\maven\apache-maven-3.9.9\mvn_resp\org\jetbrains\kotlin\kotlin-stdlib-jdk7\1.7.22\kotlin-stdlib-jdk7-1.7.22.jar;E:\maven\apache-maven-3.9.9\mvn_resp\org\jetbrains\kotlin\kotlin-stdlib-common\1.7.22\kotlin-stdlib-common-1.7.22.jar;E:\maven\apache-maven-3.9.9\mvn_resp\org\jetbrains\kotlin\kotlin-stdlib\1.7.22\kotlin-stdlib-1.7.22.jar;E:\maven\apache-maven-3.9.9\mvn_resp\org\jetbrains\annotations\13.0\annotations-13.0.jar;E:\maven\apache-maven-3.9.9\mvn_resp\com\aliyun\tea-openapi\0.3.6\tea-openapi-0.3.6.jar;E:\maven\apache-maven-3.9.9\mvn_resp\com\aliyun\credentials-java\0.3.10\credentials-java-0.3.10.jar;E:\maven\apache-maven-3.9.9\mvn_resp\org\ini4j\ini4j\0.5.4\ini4j-0.5.4.jar;E:\maven\apache-maven-3.9.9\mvn_resp\javax\xml\bind\jaxb-api\2.3.0\jaxb-api-2.3.0.jar;E:\maven\apache-maven-3.9.9\mvn_resp\com\sun\xml\bind\jaxb-core\4.0.1\jaxb-core-4.0.1.jar;E:\maven\apache-maven-3.9.9\mvn_resp\org\eclipse\angus\angus-activation\1.0.0\angus-activation-1.0.0.jar;E:\maven\apache-maven-3.9.9\mvn_resp\com\sun\xml\bind\jaxb-impl\4.0.1\jaxb-impl-4.0.1.jar;E:\maven\apache-maven-3.9.9\mvn_resp\com\aliyun\alibabacloud-gateway-spi\0.0.2\alibabacloud-gateway-spi-0.0.2.jar;E:\maven\apache-maven-3.9.9\mvn_resp\com\aliyun\tea-xml\0.1.6\tea-xml-0.1.6.jar;E:\maven\apache-maven-3.9.9\mvn_resp\org\dom4j\dom4j\2.0.3\dom4j-2.0.3.jar;E:\maven\apache-maven-3.9.9\mvn_resp\org\jacoco\org.jacoco.agent\0.8.4\org.jacoco.agent-0.8.4-runtime.jar;E:\maven\apache-maven-3.9.9\mvn_resp\com\aliyun\openapiutil\0.2.2\openapiutil-0.2.2.jar;E:\maven\apache-maven-3.9.9\mvn_resp\org\bouncycastle\bcprov-jdk18on\1.78.1\bcprov-jdk18on-1.78.1.jar;E:\maven\apache-maven-3.9.9\mvn_resp\org\springframework\boot\spring-boot-starter-data-redis\3.0.2\spring-boot-starter-data-redis-3.0.2.jar;E:\maven\apache-maven-3.9.9\mvn_resp\org\springframework\data\spring-data-redis\3.0.1\spring-data-redis-3.0.1.jar;E:\maven\apache-maven-3.9.9\mvn_resp\org\springframework\data\spring-data-keyvalue\3.0.1\spring-data-keyvalue-3.0.1.jar;E:\maven\apache-maven-3.9.9\mvn_resp\org\springframework\data\spring-data-commons\3.0.1\spring-data-commons-3.0.1.jar;E:\maven\apache-maven-3.9.9\mvn_resp\org\springframework\spring-tx\6.0.4\spring-tx-6.0.4.jar;E:\maven\apache-maven-3.9.9\mvn_resp\org\springframework\spring-oxm\6.0.4\spring-oxm-6.0.4.jar;E:\maven\apache-maven-3.9.9\mvn_resp\org\springframework\spring-aop\6.0.4\spring-aop-6.0.4.jar;E:\maven\apache-maven-3.9.9\mvn_resp\org\springframework\spring-context-support\6.0.4\spring-context-support-6.0.4.jar;E:\maven\apache-maven-3.9.9\mvn_resp\io\lettuce\lettuce-core\6.2.2.RELEASE\lettuce-core-6.2.2.RELEASE.jar;E:\maven\apache-maven-3.9.9\mvn_resp\io\netty\netty-common\4.1.87.Final\netty-common-4.1.87.Final.jar;E:\maven\apache-maven-3.9.9\mvn_resp\io\netty\netty-handler\4.1.87.Final\netty-handler-4.1.87.Final.jar;E:\maven\apache-maven-3.9.9\mvn_resp\io\netty\netty-resolver\4.1.87.Final\netty-resolver-4.1.87.Final.jar;E:\maven\apache-maven-3.9.9\mvn_resp\io\netty\netty-buffer\4.1.87.Final\netty-buffer-4.1.87.Final.jar;E:\maven\apache-maven-3.9.9\mvn_resp\io\netty\netty-transport-native-unix-common\4.1.87.Final\netty-transport-native-unix-common-4.1.87.Final.jar;E:\maven\apache-maven-3.9.9\mvn_resp\io\netty\netty-codec\4.1.87.Final\netty-codec-4.1.87.Final.jar;E:\maven\apache-maven-3.9.9\mvn_resp\io\netty\netty-transport\4.1.87.Final\netty-transport-4.1.87.Final.jar;E:\maven\apache-maven-3.9.9\mvn_resp\io\projectreactor\reactor-core\3.5.2\reactor-core-3.5.2.jar;E:\maven\apache-maven-3.9.9\mvn_resp\org\reactivestreams\reactive-streams\1.0.4\reactive-streams-1.0.4.jar;E:\maven\apache-maven-3.9.9\mvn_resp\cn\dev33\sa-token-spring-boot3-starter\1.38.0\sa-token-spring-boot3-starter-1.38.0.jar;E:\maven\apache-maven-3.9.9\mvn_resp\cn\dev33\sa-token-jakarta-servlet\1.38.0\sa-token-jakarta-servlet-1.38.0.jar;E:\maven\apache-maven-3.9.9\mvn_resp\cn\dev33\sa-token-spring-boot-autoconfig\1.38.0\sa-token-spring-boot-autoconfig-1.38.0.jar;E:\hashu\xiaohashu\xiaoha-framework\xiaoha-common\target\xiaoha-common-0.0.1-SNAPSHOT.jar;E:\maven\apache-maven-3.9.9\mvn_resp\com\google\guava\guava\33.0.0-jre\guava-33.0.0-jre.jar;E:\maven\apache-maven-3.9.9\mvn_resp\com\google\guava\failureaccess\1.0.2\failureaccess-1.0.2.jar;E:\maven\apache-maven-3.9.9\mvn_resp\com\google\guava\listenablefuture\9999.0-empty-to-avoid-conflict-with-guava\listenablefuture-9999.0-empty-to-avoid-conflict-with-guava.jar;E:\maven\apache-maven-3.9.9\mvn_resp\com\google\code\findbugs\jsr305\3.0.2\jsr305-3.0.2.jar;E:\maven\apache-maven-3.9.9\mvn_resp\org\checkerframework\checker-qual\3.41.0\checker-qual-3.41.0.jar;E:\maven\apache-maven-3.9.9\mvn_resp\com\google\errorprone\error_prone_annotations\2.23.0\error_prone_annotations-2.23.0.jar;E:\maven\apache-maven-3.9.9\mvn_resp\com\google\j2objc\j2objc-annotations\2.8\j2objc-annotations-2.8.jar;E:\maven\apache-maven-3.9.9\mvn_resp\cn\hutool\hutool-all\5.8.26\hutool-all-5.8.26.jar;E:\maven\apache-maven-3.9.9\mvn_resp\org\apache\commons\commons-lang3\3.12.0\commons-lang3-3.12.0.jar;E:\maven\apache-maven-3.9.9\mvn_resp\org\projectlombok\lombok\1.18.30\lombok-1.18.30.jar;E:\maven\apache-maven-3.9.9\mvn_resp\com\fasterxml\jackson\core\jackson-databind\2.16.1\jackson-databind-2.16.1.jar;E:\maven\apache-maven-3.9.9\mvn_resp\com\fasterxml\jackson\core\jackson-annotations\2.14.1\jackson-annotations-2.14.1.jar;E:\maven\apache-maven-3.9.9\mvn_resp\com\fasterxml\jackson\core\jackson-core\2.16.1\jackson-core-2.16.1.jar;E:\maven\apache-maven-3.9.9\mvn_resp\com\fasterxml\jackson\datatype\jackson-datatype-jsr310\2.14.1\jackson-datatype-jsr310-2.14.1.jar;E:\maven\apache-maven-3.9.9\mvn_resp\org\springframework\boot\spring-boot-starter-aop\3.0.2\spring-boot-starter-aop-3.0.2.jar;E:\maven\apache-maven-3.9.9\mvn_resp\org\aspectj\aspectjweaver\1.9.19\aspectjweaver-1.9.19.jar;E:\maven\apache-maven-3.9.9\mvn_resp\jakarta\validation\jakarta.validation-api\3.0.2\jakarta.validation-api-3.0.2.jar;E:\maven\apache-maven-3.9.9\mvn_resp\org\hibernate\validator\hibernate-validator\8.0.0.Final\hibernate-validator-8.0.0.Final.jar;E:\maven\apache-maven-3.9.9\mvn_resp\org\jboss\logging\jboss-logging\3.5.0.Final\jboss-logging-3.5.0.Final.jar;E:\maven\apache-maven-3.9.9\mvn_resp\com\fasterxml\classmate\1.5.1\classmate-1.5.1.jar;E:\hashu\xiaohashu\xiaoha-framework\xiaoha-spring-boot-starter-biz-operationlog\target\xiaoha-spring-boot-starter-biz-operationlog-0.0.1-SNAPSHOT.jar;E:\hashu\xiaohashu\xiaoha-framework\xiaoha-spring-boot-starter-jackson\target\xiaoha-spring-boot-starter-jackson-0.0.1-SNAPSHOT.jar;E:\maven\apache-maven-3.9.9\mvn_resp\org\springframework\boot\spring-boot-autoconfigure\3.0.2\spring-boot-autoconfigure-3.0.2.jar;E:\maven\apache-maven-3.9.9\mvn_resp\org\springframework\boot\spring-boot-starter-web\3.0.2\spring-boot-starter-web-3.0.2.jar;E:\maven\apache-maven-3.9.9\mvn_resp\org\springframework\boot\spring-boot-starter-json\3.0.2\spring-boot-starter-json-3.0.2.jar;E:\maven\apache-maven-3.9.9\mvn_resp\com\fasterxml\jackson\datatype\jackson-datatype-jdk8\2.14.1\jackson-datatype-jdk8-2.14.1.jar;E:\maven\apache-maven-3.9.9\mvn_resp\com\fasterxml\jackson\module\jackson-module-parameter-names\2.14.1\jackson-module-parameter-names-2.14.1.jar;E:\maven\apache-maven-3.9.9\mvn_resp\org\springframework\boot\spring-boot-starter-tomcat\3.0.2\spring-boot-starter-tomcat-3.0.2.jar;E:\maven\apache-maven-3.9.9\mvn_resp\org\apache\tomcat\embed\tomcat-embed-core\10.1.5\tomcat-embed-core-10.1.5.jar;E:\maven\apache-maven-3.9.9\mvn_resp\org\apache\tomcat\embed\tomcat-embed-el\10.1.5\tomcat-embed-el-10.1.5.jar;E:\maven\apache-maven-3.9.9\mvn_resp\org\apache\tomcat\embed\tomcat-embed-websocket\10.1.5\tomcat-embed-websocket-10.1.5.jar;E:\maven\apache-maven-3.9.9\mvn_resp\org\springframework\spring-webmvc\6.0.4\spring-webmvc-6.0.4.jar;E:\maven\apache-maven-3.9.9\mvn_resp\org\springframework\spring-context\6.0.4\spring-context-6.0.4.jar;E:\maven\apache-maven-3.9.9\mvn_resp\org\springframework\spring-expression\6.0.4\spring-expression-6.0.4.jar;E:\maven\apache-maven-3.9.9\mvn_resp\org\springframework\boot\spring-boot-starter-test\3.0.2\spring-boot-starter-test-3.0.2.jar;E:\maven\apache-maven-3.9.9\mvn_resp\org\springframework\boot\spring-boot-test\3.0.2\spring-boot-test-3.0.2.jar;E:\maven\apache-maven-3.9.9\mvn_resp\org\springframework\boot\spring-boot-test-autoconfigure\3.0.2\spring-boot-test-autoconfigure-3.0.2.jar;E:\maven\apache-maven-3.9.9\mvn_resp\com\jayway\jsonpath\json-path\2.7.0\json-path-2.7.0.jar;E:\maven\apache-maven-3.9.9\mvn_resp\net\minidev\json-smart\2.4.8\json-smart-2.4.8.jar;E:\maven\apache-maven-3.9.9\mvn_resp\net\minidev\accessors-smart\2.4.8\accessors-smart-2.4.8.jar;E:\maven\apache-maven-3.9.9\mvn_resp\org\ow2\asm\asm\9.1\asm-9.1.jar;E:\maven\apache-maven-3.9.9\mvn_resp\jakarta\xml\bind\jakarta.xml.bind-api\4.0.0\jakarta.xml.bind-api-4.0.0.jar;E:\maven\apache-maven-3.9.9\mvn_resp\jakarta\activation\jakarta.activation-api\2.1.1\jakarta.activation-api-2.1.1.jar;E:\maven\apache-maven-3.9.9\mvn_resp\org\assertj\assertj-core\3.23.1\assertj-core-3.23.1.jar;E:\maven\apache-maven-3.9.9\mvn_resp\net\bytebuddy\byte-buddy\1.12.22\byte-buddy-1.12.22.jar;E:\maven\apache-maven-3.9.9\mvn_resp\org\hamcrest\hamcrest\2.2\hamcrest-2.2.jar;E:\maven\apache-maven-3.9.9\mvn_resp\org\junit\jupiter\junit-jupiter\5.9.2\junit-jupiter-5.9.2.jar;E:\maven\apache-maven-3.9.9\mvn_resp\org\junit\jupiter\junit-jupiter-api\5.9.2\junit-jupiter-api-5.9.2.jar;E:\maven\apache-maven-3.9.9\mvn_resp\org\opentest4j\opentest4j\1.2.0\opentest4j-1.2.0.jar;E:\maven\apache-maven-3.9.9\mvn_resp\org\junit\platform\junit-platform-commons\1.9.2\junit-platform-commons-1.9.2.jar;E:\maven\apache-maven-3.9.9\mvn_resp\org\apiguardian\apiguardian-api\1.1.2\apiguardian-api-1.1.2.jar;E:\maven\apache-maven-3.9.9\mvn_resp\org\junit\jupiter\junit-jupiter-params\5.9.2\junit-jupiter-params-5.9.2.jar;E:\maven\apache-maven-3.9.9\mvn_resp\org\junit\jupiter\junit-jupiter-engine\5.9.2\junit-jupiter-engine-5.9.2.jar;E:\maven\apache-maven-3.9.9\mvn_resp\org\junit\platform\junit-platform-engine\1.9.2\junit-platform-engine-1.9.2.jar;E:\maven\apache-maven-3.9.9\mvn_resp\org\mockito\mockito-core\4.8.1\mockito-core-4.8.1.jar;E:\maven\apache-maven-3.9.9\mvn_resp\net\bytebuddy\byte-buddy-agent\1.12.22\byte-buddy-agent-1.12.22.jar;E:\maven\apache-maven-3.9.9\mvn_resp\org\objenesis\objenesis\3.2\objenesis-3.2.jar;E:\maven\apache-maven-3.9.9\mvn_resp\org\mockito\mockito-junit-jupiter\4.8.1\mockito-junit-jupiter-4.8.1.jar;E:\maven\apache-maven-3.9.9\mvn_resp\org\skyscreamer\jsonassert\1.5.1\jsonassert-1.5.1.jar;E:\maven\apache-maven-3.9.9\mvn_resp\com\vaadin\external\google\android-json\0.0.20131108.vaadin1\android-json-0.0.20131108.vaadin1.jar;E:\maven\apache-maven-3.9.9\mvn_resp\org\springframework\spring-core\6.0.4\spring-core-6.0.4.jar;E:\maven\apache-maven-3.9.9\mvn_resp\org\springframework\spring-jcl\6.0.4\spring-jcl-6.0.4.jar;E:\maven\apache-maven-3.9.9\mvn_resp\org\springframework\spring-test\6.0.4\spring-test-6.0.4.jar;E:\maven\apache-maven-3.9.9\mvn_resp\org\xmlunit\xmlunit-core\2.9.1\xmlunit-core-2.9.1.jar;E:\maven\apache-maven-3.9.9\mvn_resp\org\mybatis\spring\boot\mybatis-spring-boot-starter\3.0.2\mybatis-spring-boot-starter-3.0.2.jar;E:\maven\apache-maven-3.9.9\mvn_resp\org\springframework\boot\spring-boot-starter-jdbc\3.0.2\spring-boot-starter-jdbc-3.0.2.jar;E:\maven\apache-maven-3.9.9\mvn_resp\com\zaxxer\HikariCP\5.0.1\HikariCP-5.0.1.jar;E:\maven\apache-maven-3.9.9\mvn_resp\org\springframework\spring-jdbc\6.0.4\spring-jdbc-6.0.4.jar;E:\maven\apache-maven-3.9.9\mvn_resp\org\mybatis\spring\boot\mybatis-spring-boot-autoconfigure\3.0.2\mybatis-spring-boot-autoconfigure-3.0.2.jar;E:\maven\apache-maven-3.9.9\mvn_resp\org\mybatis\mybatis\3.5.13\mybatis-3.5.13.jar;E:\maven\apache-maven-3.9.9\mvn_resp\org\mybatis\mybatis-spring\3.0.2\mybatis-spring-3.0.2.jar;E:\maven\apache-maven-3.9.9\mvn_resp\mysql\mysql-connector-java\8.0.29\mysql-connector-java-8.0.29.jar;E:\maven\apache-maven-3.9.9\mvn_resp\com\google\protobuf\protobuf-java\3.19.4\protobuf-java-3.19.4.jar;E:\maven\apache-maven-3.9.9\mvn_resp\com\alibaba\druid-spring-boot-3-starter\1.2.23\druid-spring-boot-3-starter-1.2.23.jar;E:\maven\apache-maven-3.9.9\mvn_resp\com\alibaba\druid\1.2.23\druid-1.2.23.jar;"/>
    <property name="sun.cpu.endian" value="little"/>
    <property name="user.home" value="C:\Users\58214"/>
    <property name="user.language" value="zh"/>
    <property name="java.specification.vendor" value="Oracle Corporation"/>
    <property name="java.version.date" value="2022-01-18"/>
    <property name="java.home" value="E:\JDK\jdk17"/>
    <property name="file.separator" value="\"/>
    <property name="basedir" value="E:\hashu\xiaohashu\xiaohashu-auth"/>
    <property name="java.vm.compressedOopsMode" value="Zero based"/>
    <property name="line.separator" value="&#10;"/>
    <property name="java.vm.specification.vendor" value="Oracle Corporation"/>
    <property name="java.specification.name" value="Java Platform API Specification"/>
    <property name="FILE_LOG_CHARSET" value="GBK"/>
    <property name="java.awt.headless" value="true"/>
    <property name="surefire.real.class.path" value="C:\Users\58214\AppData\Local\Temp\surefire8544645412688369156\surefirebooter-20250413221948398_3.jar"/>
    <property name="user.script" value=""/>
    <property name="sun.management.compiler" value="HotSpot 64-Bit Tiered Compilers"/>
    <property name="java.runtime.version" value="17.0.2+8-LTS-86"/>
    <property name="user.name" value="58214"/>
    <property name="path.separator" value=";"/>
    <property name="os.version" value="10.0"/>
    <property name="java.runtime.name" value="Java(TM) SE Runtime Environment"/>
    <property name="file.encoding" value="GBK"/>
    <property name="java.vm.name" value="Java HotSpot(TM) 64-Bit Server VM"/>
    <property name="localRepository" value="E:\maven\apache-maven-3.9.9\mvn_resp"/>
    <property name="java.vendor.url.bug" value="https://bugreport.java.com/bugreport/"/>
    <property name="java.io.tmpdir" value="C:\Users\58214\AppData\Local\Temp\"/>
    <property name="idea.version" value="2022.3.3"/>
    <property name="java.version" value="17.0.2"/>
    <property name="user.dir" value="E:\hashu\xiaohashu\xiaohashu-auth"/>
    <property name="os.arch" value="amd64"/>
    <property name="java.vm.specification.name" value="Java Virtual Machine Specification"/>
    <property name="PID" value="32572"/>
    <property name="sun.os.patch.level" value=""/>
    <property name="CONSOLE_LOG_CHARSET" value="GBK"/>
    <property name="native.encoding" value="GBK"/>
    <property name="java.library.path" value="E:\JDK\jdk17\bin;C:\Windows\Sun\Java\bin;C:\Windows\system32;C:\Windows;E:\vmware\bin\;E:\JDK\jdk17\bin;E:\mysql\MySQL Server8.0\bin;C:\Program Files\Common Files\Oracle\Java\javapath;C:\Windows\system32;C:\Windows;C:\Windows\System32\Wbem;C:\Windows\System32\WindowsPowerShell\v1.0\;C:\Windows\System32\OpenSSH\;C:\Program Files (x86)\NVIDIA Corporation\PhysX\Common;C:\Program Files\NVIDIA Corporation\NVIDIA NvDLISR;C:\Windows\system32;C:\Windows;C:\Windows\System32\Wbem;C:\Windows\System32\WindowsPowerShell\v1.0\;C:\Windows\System32\OpenSSH\;E:\\bin;C:\gopath\bin;E:\maven\apache-maven-3.9.9\bin;C:\Program Files\Docker\Docker\resources\bin;E:\gitfile\Git\cmd;C:\Users\58214\AppData\Local\Microsoft\WindowsApps;;E:\Idea\IntelliJ IDEA 2024.3.3\bin;;E:\datatrip\DataGrip 2024.3.5\bin;;."/>
    <property name="java.vm.info" value="mixed mode, sharing"/>
    <property name="java.vendor" value="Oracle Corporation"/>
    <property name="java.vm.version" value="17.0.2+8-LTS-86"/>
    <property name="sun.io.unicode.encoding" value="UnicodeLittle"/>
    <property name="maven.repo.local" value="E:\maven\apache-maven-3.9.9\mvn_resp"/>
    <property name="java.class.version" value="61.0"/>
  </properties>
  <testcase name="testEncodePassword" classname="com.quanxiaoha.xiaohashu.auth.DruidTests" time="0.589">
    <system-out><![CDATA[22:19:49.923 [main] DEBUG org.springframework.boot.test.context.SpringBootTestContextBootstrapper - Neither @ContextConfiguration nor @ContextHierarchy found for test class [DruidTests]: using SpringBootContextLoader
22:19:49.930 [main] DEBUG org.springframework.test.context.support.AbstractContextLoader - Could not detect default resource locations for test class [com.quanxiaoha.xiaohashu.auth.DruidTests]: no resource found for suffixes {-context.xml, Context.groovy}.
22:19:49.932 [main] INFO org.springframework.test.context.support.AnnotationConfigContextLoaderUtils - Could not detect default configuration classes for test class [com.quanxiaoha.xiaohashu.auth.DruidTests]: DruidTests does not declare any static, non-private, non-final, nested classes annotated with @Configuration.
22:19:49.982 [main] DEBUG org.springframework.boot.test.context.SpringBootTestContextBootstrapper - Using ContextCustomizers for test class [DruidTests]: [ExcludeFilterContextCustomizer, DuplicateJsonObjectContextCustomizer, MockitoContextCustomizer, TestRestTemplateContextCustomizer, DisableObservabilityContextCustomizer, PropertyMappingContextCustomizer, Customizer]
22:19:50.132 [main] DEBUG org.springframework.context.annotation.ClassPathScanningCandidateComponentProvider - Identified candidate component class: file [E:\hashu\xiaohashu\xiaohashu-auth\target\classes\com\quanxiaoha\xiaohashu\auth\XiaohashuAuthApplication.class]
22:19:50.137 [main] INFO org.springframework.boot.test.context.SpringBootTestContextBootstrapper - Found @SpringBootConfiguration com.quanxiaoha.xiaohashu.auth.XiaohashuAuthApplication for test class com.quanxiaoha.xiaohashu.auth.DruidTests
22:19:50.380 [main] DEBUG org.springframework.boot.test.context.SpringBootTestContextBootstrapper - Using TestExecutionListeners for test class [DruidTests]: [ServletTestExecutionListener, DirtiesContextBeforeModesTestExecutionListener, ApplicationEventsTestExecutionListener, MockitoTestExecutionListener, DependencyInjectionTestExecutionListener, DirtiesContextTestExecutionListener, TransactionalTestExecutionListener, SqlScriptsTestExecutionListener, EventPublishingTestExecutionListener, ResetMocksTestExecutionListener, RestDocsTestExecutionListener, MockRestServiceServerResetTestExecutionListener, MockMvcPrintOnlyOnFailureTestExecutionListener, WebDriverTestExecutionListener, MockWebServiceServerTestExecutionListener]
22:19:50.383 [main] DEBUG org.springframework.test.context.support.AbstractDirtiesContextTestExecutionListener - Before test class: class [DruidTests], class annotated with @DirtiesContext [false] with mode [null]
2025-04-13T22:19:51.194+08:00  WARN 32572 --- [           main] c.a.nacos.client.logging.NacosLogging    : Load Logback Configuration of Nacos fail, message: Could not initialize Logback Nacos logging from classpath:nacos-logback.xml
2025-04-13T22:19:51.277+08:00  WARN 32572 --- [           main] c.a.nacos.client.logging.NacosLogging    : Load Logback Configuration of Nacos fail, message: Could not initialize Logback Nacos logging from classpath:nacos-logback.xml
2025-04-13T22:19:51.540+08:00  WARN 32572 --- [           main] c.a.nacos.client.logging.NacosLogging    : Load Logback Configuration of Nacos fail, message: Could not initialize Logback Nacos logging from classpath:nacos-logback.xml
2025-04-13T22:19:51.542+08:00  INFO 32572 --- [           main] c.alibaba.nacos.client.utils.ParamUtil   : [settings] [req-serv] nacos-server port:8848
2025-04-13T22:19:51.542+08:00  INFO 32572 --- [           main] c.alibaba.nacos.client.utils.ParamUtil   : [settings] [http-client] connect timeout:1000
2025-04-13T22:19:51.544+08:00  INFO 32572 --- [           main] c.alibaba.nacos.client.utils.ParamUtil   : PER_TASK_CONFIG_SIZE: 3000.0
2025-04-13T22:19:51.645+08:00  INFO 32572 --- [           main] c.a.n.p.a.s.c.ClientAuthPluginManager    : [ClientAuthPluginManager] Load ClientAuthService com.alibaba.nacos.client.auth.impl.NacosClientAuthServiceImpl success.
2025-04-13T22:19:51.645+08:00  INFO 32572 --- [           main] c.a.n.p.a.s.c.ClientAuthPluginManager    : [ClientAuthPluginManager] Load ClientAuthService com.alibaba.nacos.client.auth.ram.RamClientAuthServiceImpl success.
2025-04-13T22:19:51.649+08:00  INFO 32572 --- [           main] c.a.n.c.a.r.identify.CredentialWatcher   : null No credential found
2025-04-13T22:19:51.978+08:00  WARN 32572 --- [           main] c.a.nacos.client.logging.NacosLogging    : Load Logback Configuration of Nacos fail, message: Could not initialize Logback Nacos logging from classpath:nacos-logback.xml

  .   ____          _            __ _ _
 /\\ / ___'_ __ _ _(_)_ __  __ _ \ \ \ \
( ( )\___ | '_ | '_| | '_ \/ _` | \ \ \ \
 \\/  ___)| |_)| | | | | || (_| |  ) ) ) )
  '  |____| .__|_| |_|_| |_\__, | / / / /
 =========|_|==============|___/=/_/_/_/
 :: Spring Boot ::                (v3.0.2)

2025-04-13T22:19:51.993+08:00  INFO 32572 --- [           main] c.a.n.c.c.impl.LocalConfigInfoProcessor  : LOCAL_SNAPSHOT_PATH:C:\Users\58214\nacos\config
2025-04-13T22:19:51.997+08:00  INFO 32572 --- [           main] com.alibaba.nacos.common.remote.client   : [RpcClientFactory] create a new rpc client of 81059bb5-c0bb-4559-aee8-c01125d39894_config-0
2025-04-13T22:19:52.030+08:00  INFO 32572 --- [           main] com.alibaba.nacos.common.remote.client   : [81059bb5-c0bb-4559-aee8-c01125d39894_config-0] Register server push request handler:com.alibaba.nacos.client.config.impl.ClientWorker$ConfigRpcTransportClient$$Lambda$893/0x0000000800fec398
2025-04-13T22:19:52.035+08:00  INFO 32572 --- [           main] com.alibaba.nacos.common.remote.client   : [81059bb5-c0bb-4559-aee8-c01125d39894_config-0] Register server push request handler:com.alibaba.nacos.client.config.impl.ClientWorker$ConfigRpcTransportClient$$Lambda$894/0x0000000800fec7b8
2025-04-13T22:19:52.036+08:00  INFO 32572 --- [           main] com.alibaba.nacos.common.remote.client   : [81059bb5-c0bb-4559-aee8-c01125d39894_config-0] Registry connection listener to current client:com.alibaba.nacos.client.config.impl.ClientWorker$ConfigRpcTransportClient$1
2025-04-13T22:19:52.037+08:00  INFO 32572 --- [           main] com.alibaba.nacos.common.remote.client   : [81059bb5-c0bb-4559-aee8-c01125d39894_config-0] RpcClient init, ServerListFactory = com.alibaba.nacos.client.config.impl.ClientWorker$ConfigRpcTransportClient$2
2025-04-13T22:19:52.047+08:00  INFO 32572 --- [           main] com.alibaba.nacos.common.remote.client   : [81059bb5-c0bb-4559-aee8-c01125d39894_config-0] Try to connect to server on start up, server: {serverIp = '127.0.0.1', server main port = 8848}
2025-04-13T22:19:52.083+08:00  INFO 32572 --- [           main] c.a.n.c.remote.client.grpc.GrpcClient    : grpc client connection server:127.0.0.1 ip,serverPort:9848,grpcTslConfig:{"sslProvider":"OPENSSL","enableTls":false,"mutualAuthEnable":false,"trustAll":false}
2025-04-13T22:19:52.951+08:00  INFO 32572 --- [           main] com.alibaba.nacos.common.remote.client   : [81059bb5-c0bb-4559-aee8-c01125d39894_config-0] Success to connect to server [127.0.0.1:8848] on start up, connectionId = 1744553992757_127.0.0.1_60210
2025-04-13T22:19:52.951+08:00  INFO 32572 --- [t.remote.worker] com.alibaba.nacos.common.remote.client   : [81059bb5-c0bb-4559-aee8-c01125d39894_config-0] Notify connected event to listeners.
2025-04-13T22:19:52.951+08:00  INFO 32572 --- [           main] com.alibaba.nacos.common.remote.client   : [81059bb5-c0bb-4559-aee8-c01125d39894_config-0] Register server push request handler:com.alibaba.nacos.common.remote.client.RpcClient$ConnectResetRequestHandler
2025-04-13T22:19:52.951+08:00  INFO 32572 --- [t.remote.worker] c.a.n.client.config.impl.ClientWorker    : [81059bb5-c0bb-4559-aee8-c01125d39894_config-0] Connected,notify listen context...
2025-04-13T22:19:52.952+08:00  INFO 32572 --- [           main] com.alibaba.nacos.common.remote.client   : [81059bb5-c0bb-4559-aee8-c01125d39894_config-0] Register server push request handler:com.alibaba.nacos.common.remote.client.RpcClient$$Lambda$910/0x00000008011322d8
2025-04-13T22:19:53.000+08:00  INFO 32572 --- [           main] c.a.nacos.client.config.impl.Limiter     : limitTime:5.0
2025-04-13T22:19:53.018+08:00  INFO 32572 --- [           main] c.a.nacos.client.config.utils.JvmUtil    : isMultiInstance:false
2025-04-13T22:19:53.033+08:00  WARN 32572 --- [           main] c.a.c.n.c.NacosPropertySourceBuilder     : Ignore the empty nacos configuration and get it based on dataId[xiaohashu-auth.yaml] & group[DEFAULT_GROUP]
2025-04-13T22:19:53.043+08:00  INFO 32572 --- [           main] b.c.PropertySourceBootstrapConfiguration : Located property source: [BootstrapPropertySource {name='bootstrapProperties-xiaohashu-auth-dev.yaml,DEFAULT_GROUP'}, BootstrapPropertySource {name='bootstrapProperties-xiaohashu-auth.yaml,DEFAULT_GROUP'}, BootstrapPropertySource {name='bootstrapProperties-xiaohashu-auth,DEFAULT_GROUP'}]
2025-04-13T22:19:53.083+08:00  WARN 32572 --- [           main] c.a.nacos.client.logging.NacosLogging    : Load Logback Configuration of Nacos fail, message: Could not initialize Logback Nacos logging from classpath:nacos-logback.xml
2025-04-13T22:19:53.084+08:00  INFO 32572 --- [           main] c.quanxiaoha.xiaohashu.auth.DruidTests   : The following 1 profile is active: "dev"
2025-04-13T22:19:53.782+08:00  INFO 32572 --- [           main] .s.d.r.c.RepositoryConfigurationDelegate : Multiple Spring Data modules found, entering strict repository configuration mode
2025-04-13T22:19:53.785+08:00  INFO 32572 --- [           main] .s.d.r.c.RepositoryConfigurationDelegate : Bootstrapping Spring Data Redis repositories in DEFAULT mode.
2025-04-13T22:19:53.813+08:00  INFO 32572 --- [           main] .s.d.r.c.RepositoryConfigurationDelegate : Finished Spring Data repository scanning in 11 ms. Found 0 Redis repository interfaces.
2025-04-13T22:19:54.100+08:00  INFO 32572 --- [           main] o.s.cloud.context.scope.GenericScope     : BeanFactory id=fb5225c3-91ba-3234-b5f6-660e266e33cc
2025-04-13T22:19:54.464+08:00  INFO 32572 --- [           main] c.a.d.s.b.a.DruidDataSourceAutoConfigure : Init DruidDataSource
2025-04-13T22:19:54.961+08:00  INFO 32572 --- [           main] com.alibaba.druid.pool.DruidDataSource   : {dataSource-1} inited
____ ____    ___ ____ _  _ ____ _  _ 
[__  |__| __  |  |  | |_/  |___ |\ | 
___] |  |     |  |__| | \_ |___ | \| 
https://sa-token.cc (v1.38.0)
&amp#27;[32mSA [INFO] -->: 全局配置 SaTokenConfig [tokenName=Authorization, timeout=2592000, activeTimeout=-1, dynamicActiveTimeout=false, isConcurrent=true, isShare=true, maxLoginCount=12, maxTryTimes=12, isReadBody=true, isReadHeader=true, isReadCookie=true, isWriteHeader=false, tokenStyle=random-128, dataRefreshPeriod=30, tokenSessionCheckLogin=true, autoRenew=true, tokenPrefix=Bearer, isPrint=true, isLog=true, logLevel=trace, logLevelInt=1, isColorLog=true, jwtSecretKey=null, httpBasic=, httpDigest=, currDomain=null, sameTokenTimeout=86400, checkSameToken=false, cookie=SaCookieConfig [domain=null, path=null, secure=false, httpOnly=false, sameSite=null], sign=SaSignConfig [secretKey=null, timestampDisparity=900000]] &amp#27;[39m
&amp#27;[32mSA [INFO] -->: 全局组件 SaTokenDao 载入成功: cn.dev33.satoken.dao.SaTokenDaoRedisJackson&amp#27;[39m
&amp#27;[32mSA [INFO] -->: 全局组件 SaJsonTemplate 载入成功: cn.dev33.satoken.spring.json.SaJsonTemplateForJackson&amp#27;[39m
&amp#27;[32mSA [INFO] -->: 全局组件 SaTokenContext 载入成功: cn.dev33.satoken.spring.SaTokenContextForSpringInJakartaServlet&amp#27;[39m
2025-04-13T22:19:56.920+08:00  INFO 32572 --- [           main] c.quanxiaoha.xiaohashu.auth.DruidTests   : Started DruidTests in 6.476 seconds (process running for 8.3)
2025-04-13T22:19:56.922+08:00  INFO 32572 --- [           main] .q.x.a.r.PushRolePermissions2RedisRunner : ==> 服务启动，开始同步角色权限数据到 Redis 中...
2025-04-13T22:19:57.436+08:00  WARN 32572 --- [           main] .q.x.a.r.PushRolePermissions2RedisRunner : ==> 角色权限数据已经同步至 Redis 中，不再同步...
2025-04-13T22:19:57.439+08:00  INFO 32572 --- [           main] c.a.nacos.client.config.impl.CacheData   : nacos.cache.data.init.snapshot = true 
2025-04-13T22:19:57.440+08:00  INFO 32572 --- [           main] c.a.n.client.config.impl.ClientWorker    : [fixed-xiaohashu-127.0.0.1_8848] [subscribe] xiaohashu-auth.yaml+DEFAULT_GROUP+xiaohashu
2025-04-13T22:19:57.449+08:00  INFO 32572 --- [           main] c.a.nacos.client.config.impl.CacheData   : [fixed-xiaohashu-127.0.0.1_8848] [add-listener] ok, tenant=xiaohashu, dataId=xiaohashu-auth.yaml, group=DEFAULT_GROUP, cnt=1
2025-04-13T22:19:57.449+08:00  INFO 32572 --- [           main] c.a.c.n.refresh.NacosContextRefresher    : [Nacos Config] Listening config: dataId=xiaohashu-auth.yaml, group=DEFAULT_GROUP
2025-04-13T22:19:57.452+08:00  INFO 32572 --- [           main] c.a.n.client.config.impl.ClientWorker    : [fixed-xiaohashu-127.0.0.1_8848] [subscribe] xiaohashu-auth-dev.yaml+DEFAULT_GROUP+xiaohashu
2025-04-13T22:19:57.452+08:00  INFO 32572 --- [           main] c.a.nacos.client.config.impl.CacheData   : [fixed-xiaohashu-127.0.0.1_8848] [add-listener] ok, tenant=xiaohashu, dataId=xiaohashu-auth-dev.yaml, group=DEFAULT_GROUP, cnt=1
2025-04-13T22:19:57.452+08:00  INFO 32572 --- [           main] c.a.c.n.refresh.NacosContextRefresher    : [Nacos Config] Listening config: dataId=xiaohashu-auth-dev.yaml, group=DEFAULT_GROUP
2025-04-13T22:19:57.454+08:00  INFO 32572 --- [           main] c.a.n.client.config.impl.ClientWorker    : [fixed-xiaohashu-127.0.0.1_8848] [subscribe] xiaohashu-auth+DEFAULT_GROUP+xiaohashu
2025-04-13T22:19:57.455+08:00  INFO 32572 --- [           main] c.a.nacos.client.config.impl.CacheData   : [fixed-xiaohashu-127.0.0.1_8848] [add-listener] ok, tenant=xiaohashu, dataId=xiaohashu-auth, group=DEFAULT_GROUP, cnt=1
2025-04-13T22:19:57.455+08:00  INFO 32572 --- [           main] c.a.c.n.refresh.NacosContextRefresher    : [Nacos Config] Listening config: dataId=xiaohashu-auth, group=DEFAULT_GROUP
2025-04-13T22:19:58.048+08:00  INFO 32572 --- [           main] c.quanxiaoha.xiaohashu.auth.DruidTests   : privateKey: MIIBVAIBADANBgkqhkiG9w0BAQEFAASCAT4wggE6AgEAAkEAu8Ko0etWIAUKBLXPUuqb7cR1aa5c39SnrLAJnHSYMxDMg3no0fUPW7jzcmtEN+xyd+Ca/QUGNnUWDteT9Ojx8wIDAQABAkAWnPIiHhrITnMPcCohDVpsP234pWRQHNd459awfiZad+WPGczoHTLM7GlipRVqZzJAl+PlN4fwkYntyEPOdE0hAiEAzb/8fGJll0w3q4X5HOtUCIlvO6/pkQ8DwiyeqW96nQMCIQDpneuA78zecztolSa+MqkxeJLkmcRV2it7R8Qq8aBsUQIgZNoCbQXePjdB4nWdEivX2Qdk2qDzoAL4GKm+a9cVBvkCIQDcEU9P3pV218YW9qnQcZjAaXy2q8MvvJ1JPImmioc8gQIgFrkYuzoAxE7YIG7BLP3Zs6Ng4PVGWPvYUJr6Two4nOA=
2025-04-13T22:19:58.048+08:00  INFO 32572 --- [           main] c.quanxiaoha.xiaohashu.auth.DruidTests   : publicKey: MFwwDQYJKoZIhvcNAQEBBQADSwAwSAJBALvCqNHrViAFCgS1z1Lqm+3EdWmuXN/Up6ywCZx0mDMQzIN56NH1D1u483JrRDfscnfgmv0FBjZ1Fg7Xk/To8fMCAwEAAQ==
2025-04-13T22:19:58.051+08:00  INFO 32572 --- [           main] c.quanxiaoha.xiaohashu.auth.DruidTests   : password: EjpEFbvgnwv3wT1f+SmcH/GAQds6CvCvY+eEibSN4OygsaNbqeAq90npIkdYOWJZZ1idO9Ykc1eftc2BxUJ2hw==
]]></system-out>
  </testcase>
</testsuite>